The flag 'directory' used in rule aggregate_transcript_analysis is only valid for outputs, not inputs.
The flag 'directory' used in rule output_combine_files is only valid for outputs, not inputs.
Building DAG of jobs...
Using shell: /bin/bash
Provided cores: 32
Rules claiming more threads will be scaled down.
Conda environments: ignored
Job stats:
job                     count    min threads    max threads
--------------------  -------  -------------  -------------
gene_filter                 1              1              1
output_combine_files        1              1              1
total                       2              1              1

Select jobs to execute...

[Mon Nov 15 17:40:20 2021]
checkpoint gene_filter:
    input: /project/owlmayerTemporary/Sid/isoform_analysis/github/Results/GffCompare/nanopore.combined.gtf
    output: Results/Genes_temp
    jobid: 1
    resources: tmpdir=/scratch/local
Downstream jobs will be updated after completion.

[Mon Nov 15 17:40:23 2021]
Finished job 1.
1 of 2 steps (50%) done
Updating job output_combine_files.
Select jobs to execute...

[Mon Nov 15 17:40:23 2021]
rule gene_to_transcripts:
    input: /project/owlmayerTemporary/Sid/isoform_analysis/github/Results/GffCompare/nanopore.combined.gtf, /project/owlmayerTemporary/Sid/isoform_analysis/github/Results/Pinfish/corrected_transcriptome_polished_collapsed_nonredundant_tcons.fas, Results/Genes_temp/NRCAM
    output: Results/Genes_temp/NRCAM/NRCAM_seq.fa
    jobid: 15
    wildcards: gene=NRCAM
    priority: 8
    resources: tmpdir=0, memory=10, time=1

[Mon Nov 15 17:40:23 2021]
rule gene_to_transcripts:
    input: /project/owlmayerTemporary/Sid/isoform_analysis/github/Results/GffCompare/nanopore.combined.gtf, /project/owlmayerTemporary/Sid/isoform_analysis/github/Results/Pinfish/corrected_transcriptome_polished_collapsed_nonredundant_tcons.fas, Results/Genes_temp/RENBP
    output: Results/Genes_temp/RENBP/RENBP_seq.fa
    jobid: 19
    wildcards: gene=RENBP
    priority: 8
    resources: tmpdir=0, memory=10, time=1

[Mon Nov 15 17:40:23 2021]
rule gene_to_transcripts:
    input: /project/owlmayerTemporary/Sid/isoform_analysis/github/Results/GffCompare/nanopore.combined.gtf, /project/owlmayerTemporary/Sid/isoform_analysis/github/Results/Pinfish/corrected_transcriptome_polished_collapsed_nonredundant_tcons.fas, Results/Genes_temp/SLC6A15
    output: Results/Genes_temp/SLC6A15/SLC6A15_seq.fa
    jobid: 6
    wildcards: gene=SLC6A15
    priority: 8
    resources: tmpdir=0, memory=10, time=1


[Mon Nov 15 17:40:23 2021]
rule gene_to_transcripts:
    input: /project/owlmayerTemporary/Sid/isoform_analysis/github/Results/GffCompare/nanopore.combined.gtf, /project/owlmayerTemporary/Sid/isoform_analysis/github/Results/Pinfish/corrected_transcriptome_polished_collapsed_nonredundant_tcons.fas, Results/Genes_temp/GDF1
    output: Results/Genes_temp/GDF1/GDF1_seq.fa
    jobid: 10
    wildcards: gene=GDF1
    priority: 8
    resources: tmpdir=0, memory=10, time=1

[Mon Nov 15 17:40:26 2021]
Finished job 10.
2 of 18 steps (11%) done
[Mon Nov 15 17:40:26 2021]
Finished job 19.
3 of 18 steps (17%) done
Select jobs to execute...

[Mon Nov 15 17:40:26 2021]
checkpoint translation_to_protein:
    input: Results/Genes_temp/RENBP/RENBP_seq.fa
    output: Results/Genes_temp/RENBP/transcripts, Results/Genes_temp/RENBP/RENBP_transcripts_stats.txt
    jobid: 18
    wildcards: gene=RENBP
    priority: 10
    resources: tmpdir=0, memory=10, time=1
Downstream jobs will be updated after completion.

[Mon Nov 15 17:40:26 2021]
checkpoint translation_to_protein:
    input: Results/Genes_temp/GDF1/GDF1_seq.fa
    output: Results/Genes_temp/GDF1/transcripts, Results/Genes_temp/GDF1/GDF1_transcripts_stats.txt
    jobid: 9
    wildcards: gene=GDF1
    priority: 10
    resources: tmpdir=0, memory=10, time=1
Downstream jobs will be updated after completion.

[Mon Nov 15 17:40:27 2021]
Finished job 6.
4 of 18 steps (22%) done
Select jobs to execute...

[Mon Nov 15 17:40:27 2021]
checkpoint translation_to_protein:
    input: Results/Genes_temp/SLC6A15/SLC6A15_seq.fa
    output: Results/Genes_temp/SLC6A15/transcripts, Results/Genes_temp/SLC6A15/SLC6A15_transcripts_stats.txt
    jobid: 5
    wildcards: gene=SLC6A15
    priority: 10
    resources: tmpdir=0, memory=10, time=1
Downstream jobs will be updated after completion.

[Mon Nov 15 17:40:27 2021]
Finished job 15.
5 of 18 steps (28%) done
Select jobs to execute...

[Mon Nov 15 17:40:27 2021]
checkpoint translation_to_protein:
    input: Results/Genes_temp/NRCAM/NRCAM_seq.fa
    output: Results/Genes_temp/NRCAM/transcripts, Results/Genes_temp/NRCAM/NRCAM_transcripts_stats.txt
    jobid: 14
    wildcards: gene=NRCAM
    priority: 10
    resources: tmpdir=0, memory=10, time=1
Downstream jobs will be updated after completion.

[Mon Nov 15 17:40:27 2021]
Finished job 9.
6 of 18 steps (33%) done
Updating job aggregate_transcript_analysis.
Select jobs to execute...
[Mon Nov 15 17:40:27 2021]
Finished job 18.
7 of 30 steps (23%) done

[Mon Nov 15 17:40:27 2021]
rule interpro_scan:
    input: Results/Genes_temp/GDF1/transcripts/TCONS00060364_protein.fa
    output: Results/Genes_temp/GDF1/transcripts/TCONS00060364_func_domains.gff3
    jobid: 27
    wildcards: gene=GDF1, transcript=TCONS00060364
    priority: 8
    resources: tmpdir=0, memory=16, time=1


[Mon Nov 15 17:40:27 2021]
rule interpro_scan:
    input: Results/Genes_temp/GDF1/transcripts/TCONS00060366_protein.fa
    output: Results/Genes_temp/GDF1/transcripts/TCONS00060366_func_domains.gff3
    jobid: 31
    wildcards: gene=GDF1, transcript=TCONS00060366
    priority: 8
    resources: tmpdir=0, memory=16, time=1


[Mon Nov 15 17:40:27 2021]
rule interpro_scan:
    input: Results/Genes_temp/GDF1/transcripts/TCONS00060363_protein.fa
    output: Results/Genes_temp/GDF1/transcripts/TCONS00060363_func_domains.gff3
    jobid: 23
    wildcards: gene=GDF1, transcript=TCONS00060363
    priority: 8
    resources: tmpdir=0, memory=16, time=1


[Mon Nov 15 17:40:27 2021]
rule iupred2a_analysis:
    input: Results/Genes_temp/GDF1/transcripts/TCONS00060366_protein.fa, /home/annaldas/iupred2a/iupred2a.py
    output: Results/Genes_temp/GDF1/transcripts/TCONS00060366_sequence.txt, Results/Genes_temp/GDF1/transcripts/TCONS00060366_func_iupred2a.txt
    jobid: 30
    wildcards: gene=GDF1, transcript=TCONS00060366
    priority: 8
    resources: tmpdir=0, memory=10, time=1


[Mon Nov 15 17:40:27 2021]
rule functional_site_analysis:
    input: Results/Genes_temp/GDF1/transcripts/TCONS00060364_protein.fa
    output: Results/Genes_temp/GDF1/transcripts/TCONS00060364_func_sites.txt
    jobid: 28
    wildcards: gene=GDF1, transcript=TCONS00060364
    priority: 8
    resources: tmpdir=0, memory=10, time=1


[Mon Nov 15 17:40:27 2021]
rule iupred2a_analysis:
    input: Results/Genes_temp/GDF1/transcripts/TCONS00060363_protein.fa, /home/annaldas/iupred2a/iupred2a.py
    output: Results/Genes_temp/GDF1/transcripts/TCONS00060363_sequence.txt, Results/Genes_temp/GDF1/transcripts/TCONS00060363_func_iupred2a.txt
    jobid: 22
    wildcards: gene=GDF1, transcript=TCONS00060363
    priority: 8
    resources: tmpdir=0, memory=10, time=1


[Mon Nov 15 17:40:27 2021]
rule functional_site_analysis:
    input: Results/Genes_temp/GDF1/transcripts/TCONS00060363_protein.fa
    output: Results/Genes_temp/GDF1/transcripts/TCONS00060363_func_sites.txt
    jobid: 24
    wildcards: gene=GDF1, transcript=TCONS00060363
    priority: 8
    resources: tmpdir=0, memory=10, time=1


[Mon Nov 15 17:40:27 2021]
rule functional_site_analysis:
    input: Results/Genes_temp/GDF1/transcripts/TCONS00060366_protein.fa
    output: Results/Genes_temp/GDF1/transcripts/TCONS00060366_func_sites.txt
    jobid: 32
    wildcards: gene=GDF1, transcript=TCONS00060366
    priority: 8
    resources: tmpdir=0, memory=10, time=1


[Mon Nov 15 17:40:27 2021]
rule iupred2a_analysis:
    input: Results/Genes_temp/GDF1/transcripts/TCONS00060364_protein.fa, /home/annaldas/iupred2a/iupred2a.py
    output: Results/Genes_temp/GDF1/transcripts/TCONS00060364_sequence.txt, Results/Genes_temp/GDF1/transcripts/TCONS00060364_func_iupred2a.txt
    jobid: 26
    wildcards: gene=GDF1, transcript=TCONS00060364
    priority: 8
    resources: tmpdir=0, memory=10, time=1

Updating job aggregate_transcript_analysis.
Select jobs to execute...

[Mon Nov 15 17:40:27 2021]
rule functional_site_analysis:
    input: Results/Genes_temp/RENBP/transcripts/TCONS00119549_protein.fa
    output: Results/Genes_temp/RENBP/transcripts/TCONS00119549_func_sites.txt
    jobid: 37
    wildcards: gene=RENBP, transcript=TCONS00119549
    priority: 8
    resources: tmpdir=0, memory=10, time=1


[Mon Nov 15 17:40:27 2021]
rule functional_site_analysis:
    input: Results/Genes_temp/RENBP/transcripts/TCONS00119550_protein.fa
    output: Results/Genes_temp/RENBP/transcripts/TCONS00119550_func_sites.txt
    jobid: 41
    wildcards: gene=RENBP, transcript=TCONS00119550
    priority: 8
    resources: tmpdir=0, memory=10, time=1


[Mon Nov 15 17:40:27 2021]
rule iupred2a_analysis:
    input: Results/Genes_temp/RENBP/transcripts/TCONS00119549_protein.fa, /home/annaldas/iupred2a/iupred2a.py
    output: Results/Genes_temp/RENBP/transcripts/TCONS00119549_sequence.txt, Results/Genes_temp/RENBP/transcripts/TCONS00119549_func_iupred2a.txt
    jobid: 35
    wildcards: gene=RENBP, transcript=TCONS00119549
    priority: 8
    resources: tmpdir=0, memory=10, time=1

[Mon Nov 15 17:40:27 2021]
Error in rule interpro_scan:
    jobid: 31
    output: Results/Genes_temp/GDF1/transcripts/TCONS00060366_func_domains.gff3
    shell:
        sh  /home/annaldas/my_interproscan/interproscan-5.38-76.0/interproscan.sh -i Results/Genes_temp/GDF1/transcripts/TCONS00060366_protein.fa -o Results/Genes_temp/GDF1/transcripts/TCONS00060366_func_domains.gff3 -f GFF3 -appl Pfam -dra
        (one of the commands exited with non-zero exit code; note that snakemake uses bash strict mode!)


[Mon Nov 15 17:40:27 2021]
[Mon Nov 15 17:40:27 2021]
Error in rule interpro_scan:
[Mon Nov 15 17:40:27 2021]
[Mon Nov 15 17:40:27 2021]
rule iupred2a_analysis:
    input: Results/Genes_temp/RENBP/transcripts/TCONS00119550_protein.fa, /home/annaldas/iupred2a/iupred2a.py
    output: Results/Genes_temp/RENBP/transcripts/TCONS00119550_sequence.txt, Results/Genes_temp/RENBP/transcripts/TCONS00119550_func_iupred2a.txt
    jobid: 39
    wildcards: gene=RENBP, transcript=TCONS00119550
    priority: 8
    resources: tmpdir=0, memory=10, time=1
    jobid: 23
Finished job 30.
Error in rule interpro_scan:

    output: Results/Genes_temp/GDF1/transcripts/TCONS00060363_func_domains.gff3
8 of 38 steps (21%) done
    jobid: 27
    shell:
        sh  /home/annaldas/my_interproscan/interproscan-5.38-76.0/interproscan.sh -i Results/Genes_temp/GDF1/transcripts/TCONS00060363_protein.fa -o Results/Genes_temp/GDF1/transcripts/TCONS00060363_func_domains.gff3 -f GFF3 -appl Pfam -dra
        (one of the commands exited with non-zero exit code; note that snakemake uses bash strict mode!)
    output: Results/Genes_temp/GDF1/transcripts/TCONS00060364_func_domains.gff3

    shell:
        sh  /home/annaldas/my_interproscan/interproscan-5.38-76.0/interproscan.sh -i Results/Genes_temp/GDF1/transcripts/TCONS00060364_protein.fa -o Results/Genes_temp/GDF1/transcripts/TCONS00060364_func_domains.gff3 -f GFF3 -appl Pfam -dra
        (one of the commands exited with non-zero exit code; note that snakemake uses bash strict mode!)


[Mon Nov 15 17:40:27 2021]
rule interpro_scan:
    input: Results/Genes_temp/RENBP/transcripts/TCONS00119549_protein.fa
    output: Results/Genes_temp/RENBP/transcripts/TCONS00119549_func_domains.gff3
    jobid: 36
    wildcards: gene=RENBP, transcript=TCONS00119549
    priority: 8
    resources: tmpdir=0, memory=16, time=1


[Mon Nov 15 17:40:27 2021]
rule interpro_scan:
    input: Results/Genes_temp/RENBP/transcripts/TCONS00119550_protein.fa
    output: Results/Genes_temp/RENBP/transcripts/TCONS00119550_func_domains.gff3
    jobid: 40
    wildcards: gene=RENBP, transcript=TCONS00119550
    priority: 8
    resources: tmpdir=0, memory=16, time=1

[Mon Nov 15 17:40:27 2021]
Finished job 22.
9 of 38 steps (24%) done
[Mon Nov 15 17:40:27 2021]
Finished job 26.
10 of 38 steps (26%) done
[Mon Nov 15 17:40:28 2021]
Finished job 35.
11 of 38 steps (29%) done
[Mon Nov 15 17:40:28 2021]
Error in rule interpro_scan:
    jobid: 36
    output: Results/Genes_temp/RENBP/transcripts/TCONS00119549_func_domains.gff3
    shell:
        sh  /home/annaldas/my_interproscan/interproscan-5.38-76.0/interproscan.sh -i Results/Genes_temp/RENBP/transcripts/TCONS00119549_protein.fa -o Results/Genes_temp/RENBP/transcripts/TCONS00119549_func_domains.gff3 -f GFF3 -appl Pfam -dra
        (one of the commands exited with non-zero exit code; note that snakemake uses bash strict mode!)

[Mon Nov 15 17:40:28 2021]
Finished job 39.
12 of 38 steps (32%) done
[Mon Nov 15 17:40:28 2021]
Error in rule interpro_scan:
    jobid: 40
    output: Results/Genes_temp/RENBP/transcripts/TCONS00119550_func_domains.gff3
    shell:
        sh  /home/annaldas/my_interproscan/interproscan-5.38-76.0/interproscan.sh -i Results/Genes_temp/RENBP/transcripts/TCONS00119550_protein.fa -o Results/Genes_temp/RENBP/transcripts/TCONS00119550_func_domains.gff3 -f GFF3 -appl Pfam -dra
        (one of the commands exited with non-zero exit code; note that snakemake uses bash strict mode!)

[Mon Nov 15 17:40:28 2021]
Finished job 5.
13 of 38 steps (34%) done
Updating job aggregate_transcript_analysis.
[Mon Nov 15 17:40:28 2021]
Finished job 14.
14 of 74 steps (19%) done
Updating job aggregate_transcript_analysis.
Terminating processes on user request, this might take some time.
[Mon Nov 15 17:40:33 2021]
[Mon Nov 15 17:40:33 2021]
Error in rule functional_site_analysis:
[Mon Nov 15 17:40:33 2021]
[Mon Nov 15 17:40:33 2021]
Error in rule functional_site_analysis:
    jobid: 32
Error in rule functional_site_analysis:
Error in rule functional_site_analysis:
    jobid: 24
    output: Results/Genes_temp/GDF1/transcripts/TCONS00060366_func_sites.txt
[Mon Nov 15 17:40:33 2021]
    jobid: 41
    jobid: 37
    output: Results/Genes_temp/GDF1/transcripts/TCONS00060363_func_sites.txt
    shell:
        perl /home/annaldas/ps_scan/ps_scan.pl -d /project/owlmayerTemporary/Sid/github/prosite.dat --pfscan /home/annaldas/ps_scan/pfscan Results/Genes_temp/GDF1/transcripts/TCONS00060366_protein.fa > Results/Genes_temp/GDF1/transcripts/TCONS00060366_func_sites.txt
        (one of the commands exited with non-zero exit code; note that snakemake uses bash strict mode!)
Error in rule functional_site_analysis:
    output: Results/Genes_temp/RENBP/transcripts/TCONS00119550_func_sites.txt
    output: Results/Genes_temp/RENBP/transcripts/TCONS00119549_func_sites.txt
    shell:
        perl /home/annaldas/ps_scan/ps_scan.pl -d /project/owlmayerTemporary/Sid/github/prosite.dat --pfscan /home/annaldas/ps_scan/pfscan Results/Genes_temp/GDF1/transcripts/TCONS00060363_protein.fa > Results/Genes_temp/GDF1/transcripts/TCONS00060363_func_sites.txt
        (one of the commands exited with non-zero exit code; note that snakemake uses bash strict mode!)

    jobid: 28
    shell:
        perl /home/annaldas/ps_scan/ps_scan.pl -d /project/owlmayerTemporary/Sid/github/prosite.dat --pfscan /home/annaldas/ps_scan/pfscan Results/Genes_temp/RENBP/transcripts/TCONS00119550_protein.fa > Results/Genes_temp/RENBP/transcripts/TCONS00119550_func_sites.txt
        (one of the commands exited with non-zero exit code; note that snakemake uses bash strict mode!)
    shell:
        perl /home/annaldas/ps_scan/ps_scan.pl -d /project/owlmayerTemporary/Sid/github/prosite.dat --pfscan /home/annaldas/ps_scan/pfscan Results/Genes_temp/RENBP/transcripts/TCONS00119549_protein.fa > Results/Genes_temp/RENBP/transcripts/TCONS00119549_func_sites.txt
        (one of the commands exited with non-zero exit code; note that snakemake uses bash strict mode!)

Removing output files of failed job functional_site_analysis since they might be corrupted:
Results/Genes_temp/GDF1/transcripts/TCONS00060366_func_sites.txt
    output: Results/Genes_temp/GDF1/transcripts/TCONS00060364_func_sites.txt


    shell:
        perl /home/annaldas/ps_scan/ps_scan.pl -d /project/owlmayerTemporary/Sid/github/prosite.dat --pfscan /home/annaldas/ps_scan/pfscan Results/Genes_temp/GDF1/transcripts/TCONS00060364_protein.fa > Results/Genes_temp/GDF1/transcripts/TCONS00060364_func_sites.txt
        (one of the commands exited with non-zero exit code; note that snakemake uses bash strict mode!)

Removing output files of failed job functional_site_analysis since they might be corrupted:
Results/Genes_temp/GDF1/transcripts/TCONS00060363_func_sites.txt
Removing output files of failed job functional_site_analysis since they might be corrupted:
Results/Genes_temp/RENBP/transcripts/TCONS00119550_func_sites.txt
Removing output files of failed job functional_site_analysis since they might be corrupted:
Results/Genes_temp/RENBP/transcripts/TCONS00119549_func_sites.txt
Removing output files of failed job functional_site_analysis since they might be corrupted:
Results/Genes_temp/GDF1/transcripts/TCONS00060364_func_sites.txt
Complete log: /home/annaldas/projects/IsoTV/.snakemake/log/2021-11-15T174019.137075.snakemake.log
