The flag 'directory' used in rule aggregate_transcript_analysis is only valid for outputs, not inputs.
The flag 'directory' used in rule output_combine_files is only valid for outputs, not inputs.
Building DAG of jobs...
Using shell: /bin/bash
Provided cores: 32
Rules claiming more threads will be scaled down.
Conda environments: ignored
Job stats:
job                     count    min threads    max threads
--------------------  -------  -------------  -------------
gene_filter                 1              1              1
output_combine_files        1              1              1
total                       2              1              1

Select jobs to execute...

[Mon Nov 15 17:53:22 2021]
checkpoint gene_filter:
    input: /project/owlmayerTemporary/Sid/isoform_analysis/github/Results/GffCompare/nanopore.combined.gtf
    output: Results/Genes_temp
    jobid: 1
    resources: tmpdir=/scratch/local
Downstream jobs will be updated after completion.

[Mon Nov 15 17:53:24 2021]
Finished job 1.
1 of 2 steps (50%) done
Updating job output_combine_files.
Select jobs to execute...

[Mon Nov 15 17:53:24 2021]
rule gene_to_transcripts:
    input: /project/owlmayerTemporary/Sid/isoform_analysis/github/Results/GffCompare/nanopore.combined.gtf, /project/owlmayerTemporary/Sid/isoform_analysis/github/Results/Pinfish/corrected_transcriptome_polished_collapsed_nonredundant_tcons.fas, Results/Genes_temp/SLC6A15
    output: Results/Genes_temp/SLC6A15/SLC6A15_seq.fa
    jobid: 6
    wildcards: gene=SLC6A15
    priority: 8
    resources: tmpdir=0, memory=10, time=1

[Mon Nov 15 17:53:24 2021]
rule gene_to_transcripts:
    input: /project/owlmayerTemporary/Sid/isoform_analysis/github/Results/GffCompare/nanopore.combined.gtf, /project/owlmayerTemporary/Sid/isoform_analysis/github/Results/Pinfish/corrected_transcriptome_polished_collapsed_nonredundant_tcons.fas, Results/Genes_temp/NRCAM
    output: Results/Genes_temp/NRCAM/NRCAM_seq.fa
    jobid: 18
    wildcards: gene=NRCAM
    priority: 8
    resources: tmpdir=0, memory=10, time=1


[Mon Nov 15 17:53:24 2021]
rule gene_to_transcripts:
    input: /project/owlmayerTemporary/Sid/isoform_analysis/github/Results/GffCompare/nanopore.combined.gtf, /project/owlmayerTemporary/Sid/isoform_analysis/github/Results/Pinfish/corrected_transcriptome_polished_collapsed_nonredundant_tcons.fas, Results/Genes_temp/RENBP
    output: Results/Genes_temp/RENBP/RENBP_seq.fa
    jobid: 22
    wildcards: gene=RENBP
    priority: 8
    resources: tmpdir=0, memory=10, time=1


[Mon Nov 15 17:53:24 2021]
rule gene_to_transcripts:
    input: /project/owlmayerTemporary/Sid/isoform_analysis/github/Results/GffCompare/nanopore.combined.gtf, /project/owlmayerTemporary/Sid/isoform_analysis/github/Results/Pinfish/corrected_transcriptome_polished_collapsed_nonredundant_tcons.fas, Results/Genes_temp/GDF1
    output: Results/Genes_temp/GDF1/GDF1_seq.fa
    jobid: 10
    wildcards: gene=GDF1
    priority: 8
    resources: tmpdir=0, memory=10, time=1


[Mon Nov 15 17:53:24 2021]
rule gene_to_transcripts:
    input: /project/owlmayerTemporary/Sid/isoform_analysis/github/Results/GffCompare/nanopore.combined.gtf, /project/owlmayerTemporary/Sid/isoform_analysis/github/Results/Pinfish/corrected_transcriptome_polished_collapsed_nonredundant_tcons.fas, Results/Genes_temp/PFN2
    output: Results/Genes_temp/PFN2/PFN2_seq.fa
    jobid: 14
    wildcards: gene=PFN2
    priority: 8
    resources: tmpdir=0, memory=10, time=1

[Mon Nov 15 17:53:27 2021]
Finished job 22.
2 of 22 steps (9%) done
Select jobs to execute...
[Mon Nov 15 17:53:27 2021]
Finished job 10.
3 of 22 steps (14%) done
[Mon Nov 15 17:53:27 2021]
Finished job 18.
4 of 22 steps (18%) done

[Mon Nov 15 17:53:27 2021]
checkpoint translation_to_protein:
    input: Results/Genes_temp/RENBP/RENBP_seq.fa
    output: Results/Genes_temp/RENBP/transcripts, Results/Genes_temp/RENBP/RENBP_transcripts_stats.txt
    jobid: 21
    wildcards: gene=RENBP
    priority: 10
    resources: tmpdir=0, memory=10, time=1
Downstream jobs will be updated after completion.

Select jobs to execute...

[Mon Nov 15 17:53:27 2021]
checkpoint translation_to_protein:
    input: Results/Genes_temp/NRCAM/NRCAM_seq.fa
    output: Results/Genes_temp/NRCAM/transcripts, Results/Genes_temp/NRCAM/NRCAM_transcripts_stats.txt
    jobid: 17
    wildcards: gene=NRCAM
    priority: 10
    resources: tmpdir=0, memory=10, time=1
Downstream jobs will be updated after completion.


[Mon Nov 15 17:53:27 2021]
checkpoint translation_to_protein:
    input: Results/Genes_temp/GDF1/GDF1_seq.fa
    output: Results/Genes_temp/GDF1/transcripts, Results/Genes_temp/GDF1/GDF1_transcripts_stats.txt
    jobid: 9
    wildcards: gene=GDF1
    priority: 10
    resources: tmpdir=0, memory=10, time=1
Downstream jobs will be updated after completion.

[Mon Nov 15 17:53:27 2021]
Finished job 14.
5 of 22 steps (23%) done
Select jobs to execute...

[Mon Nov 15 17:53:27 2021]
checkpoint translation_to_protein:
    input: Results/Genes_temp/PFN2/PFN2_seq.fa
    output: Results/Genes_temp/PFN2/transcripts, Results/Genes_temp/PFN2/PFN2_transcripts_stats.txt
    jobid: 13
    wildcards: gene=PFN2
    priority: 10
    resources: tmpdir=0, memory=10, time=1
Downstream jobs will be updated after completion.

[Mon Nov 15 17:53:27 2021]
Finished job 6.
6 of 22 steps (27%) done
Select jobs to execute...

[Mon Nov 15 17:53:27 2021]
checkpoint translation_to_protein:
    input: Results/Genes_temp/SLC6A15/SLC6A15_seq.fa
    output: Results/Genes_temp/SLC6A15/transcripts, Results/Genes_temp/SLC6A15/SLC6A15_transcripts_stats.txt
    jobid: 5
    wildcards: gene=SLC6A15
    priority: 10
    resources: tmpdir=0, memory=10, time=1
Downstream jobs will be updated after completion.

[Mon Nov 15 17:53:28 2021]
Finished job 21.
7 of 22 steps (32%) done
Updating job aggregate_transcript_analysis.
Select jobs to execute...

[Mon Nov 15 17:53:28 2021]
rule iupred2a_analysis:
    input: Results/Genes_temp/RENBP/transcripts/TCONS00119550_protein.fa, /home/annaldas/iupred2a/iupred2a.py
    output: Results/Genes_temp/RENBP/transcripts/TCONS00119550_sequence.txt, Results/Genes_temp/RENBP/transcripts/TCONS00119550_func_iupred2a.txt
    jobid: 29
    wildcards: gene=RENBP, transcript=TCONS00119550
    priority: 8
    resources: tmpdir=0, memory=10, time=1


[Mon Nov 15 17:53:28 2021]
rule functional_site_analysis:
    input: Results/Genes_temp/RENBP/transcripts/TCONS00119550_protein.fa
    output: Results/Genes_temp/RENBP/transcripts/TCONS00119550_func_sites.txt
    jobid: 31
    wildcards: gene=RENBP, transcript=TCONS00119550
    priority: 8
    resources: tmpdir=0, memory=10, time=1


[Mon Nov 15 17:53:28 2021]
rule functional_site_analysis:
    input: Results/Genes_temp/RENBP/transcripts/TCONS00119549_protein.fa
    output: Results/Genes_temp/RENBP/transcripts/TCONS00119549_func_sites.txt
    jobid: 27
    wildcards: gene=RENBP, transcript=TCONS00119549
    priority: 8
    resources: tmpdir=0, memory=10, time=1


[Mon Nov 15 17:53:28 2021]
[Mon Nov 15 17:53:28 2021]
Finished job 17.
rule iupred2a_analysis:
    input: Results/Genes_temp/RENBP/transcripts/TCONS00119549_protein.fa, /home/annaldas/iupred2a/iupred2a.py
    output: Results/Genes_temp/RENBP/transcripts/TCONS00119549_sequence.txt, Results/Genes_temp/RENBP/transcripts/TCONS00119549_func_iupred2a.txt
    jobid: 25
    wildcards: gene=RENBP, transcript=TCONS00119549
    priority: 8
    resources: tmpdir=0, memory=10, time=1
8 of 30 steps (27%) done


[Mon Nov 15 17:53:28 2021]
rule interpro_scan:
    input: Results/Genes_temp/RENBP/transcripts/TCONS00119550_protein.fa
    output: Results/Genes_temp/RENBP/transcripts/TCONS00119550_func_domains.gff3
    jobid: 30
    wildcards: gene=RENBP, transcript=TCONS00119550
    priority: 8
    resources: tmpdir=0, memory=16, time=1

[Mon Nov 15 17:53:28 2021]
Finished job 9.
9 of 30 steps (30%) done

[Mon Nov 15 17:53:28 2021]
rule interpro_scan:
    input: Results/Genes_temp/RENBP/transcripts/TCONS00119549_protein.fa
    output: Results/Genes_temp/RENBP/transcripts/TCONS00119549_func_domains.gff3
    jobid: 26
    wildcards: gene=RENBP, transcript=TCONS00119549
    priority: 8
    resources: tmpdir=0, memory=16, time=1

Updating job aggregate_transcript_analysis.
Updating job aggregate_transcript_analysis.
Select jobs to execute...
[Mon Nov 15 17:53:28 2021]
Finished job 29.
10 of 70 steps (14%) done
[Mon Nov 15 17:53:28 2021]
Finished job 13.
11 of 70 steps (16%) done

[Mon Nov 15 17:53:28 2021]
rule iupred2a_analysis:
    input: Results/Genes_temp/NRCAM/transcripts/TCONS00106499_protein.fa, /home/annaldas/iupred2a/iupred2a.py
    output: Results/Genes_temp/NRCAM/transcripts/TCONS00106499_sequence.txt, Results/Genes_temp/NRCAM/transcripts/TCONS00106499_func_iupred2a.txt
    jobid: 46
    wildcards: gene=NRCAM, transcript=TCONS00106499
    priority: 8
    resources: tmpdir=0, memory=10, time=1


[Mon Nov 15 17:53:28 2021]
rule iupred2a_analysis:
    input: Results/Genes_temp/NRCAM/transcripts/TCONS00106497_protein.fa, /home/annaldas/iupred2a/iupred2a.py
    output: Results/Genes_temp/NRCAM/transcripts/TCONS00106497_sequence.txt, Results/Genes_temp/NRCAM/transcripts/TCONS00106497_func_iupred2a.txt
    jobid: 38
    wildcards: gene=NRCAM, transcript=TCONS00106497
    priority: 8
    resources: tmpdir=0, memory=10, time=1


[Mon Nov 15 17:53:28 2021]
rule iupred2a_analysis:
    input: Results/Genes_temp/GDF1/transcripts/TCONS00060364_protein.fa, /home/annaldas/iupred2a/iupred2a.py
    output: Results/Genes_temp/GDF1/transcripts/TCONS00060364_sequence.txt, Results/Genes_temp/GDF1/transcripts/TCONS00060364_func_iupred2a.txt
    jobid: 67
    wildcards: gene=GDF1, transcript=TCONS00060364
    priority: 8
    resources: tmpdir=0, memory=10, time=1

[Mon Nov 15 17:53:28 2021]
Finished job 5.
12 of 70 steps (17%) done

[Mon Nov 15 17:53:28 2021]
rule interpro_scan:
    input: Results/Genes_temp/NRCAM/transcripts/TCONS00106499_protein.fa
    output: Results/Genes_temp/NRCAM/transcripts/TCONS00106499_func_domains.gff3
    jobid: 47
    wildcards: gene=NRCAM, transcript=TCONS00106499
    priority: 8
    resources: tmpdir=0, memory=16, time=1


[Mon Nov 15 17:53:28 2021]
rule interpro_scan:
    input: Results/Genes_temp/NRCAM/transcripts/TCONS00106497_protein.fa
    output: Results/Genes_temp/NRCAM/transcripts/TCONS00106497_func_domains.gff3
    jobid: 39
    wildcards: gene=NRCAM, transcript=TCONS00106497
    priority: 8
    resources: tmpdir=0, memory=16, time=1


[Mon Nov 15 17:53:28 2021]
rule iupred2a_analysis:
    input: Results/Genes_temp/NRCAM/transcripts/TCONS00106501_protein.fa, /home/annaldas/iupred2a/iupred2a.py
    output: Results/Genes_temp/NRCAM/transcripts/TCONS00106501_sequence.txt, Results/Genes_temp/NRCAM/transcripts/TCONS00106501_func_iupred2a.txt
    jobid: 54
    wildcards: gene=NRCAM, transcript=TCONS00106501
    priority: 8
    resources: tmpdir=0, memory=10, time=1


[Mon Nov 15 17:53:28 2021]
rule interpro_scan:
    input: Results/Genes_temp/GDF1/transcripts/TCONS00060364_protein.fa
    output: Results/Genes_temp/GDF1/transcripts/TCONS00060364_func_domains.gff3
    jobid: 68
    wildcards: gene=GDF1, transcript=TCONS00060364
    priority: 8
    resources: tmpdir=0, memory=16, time=1


[Mon Nov 15 17:53:28 2021]
rule functional_site_analysis:
    input: Results/Genes_temp/NRCAM/transcripts/TCONS00106497_protein.fa
    output: Results/Genes_temp/NRCAM/transcripts/TCONS00106497_func_sites.txt
    jobid: 40
    wildcards: gene=NRCAM, transcript=TCONS00106497
    priority: 8
    resources: tmpdir=0, memory=10, time=1

[Mon Nov 15 17:53:28 2021]
Finished job 25.
13 of 70 steps (19%) done

[Mon Nov 15 17:53:28 2021]
rule functional_site_analysis:
    input: Results/Genes_temp/NRCAM/transcripts/TCONS00106499_protein.fa
    output: Results/Genes_temp/NRCAM/transcripts/TCONS00106499_func_sites.txt
    jobid: 48
    wildcards: gene=NRCAM, transcript=TCONS00106499
    priority: 8
    resources: tmpdir=0, memory=10, time=1


[Mon Nov 15 17:53:28 2021]
rule interpro_scan:
    input: Results/Genes_temp/NRCAM/transcripts/TCONS00106501_protein.fa
    output: Results/Genes_temp/NRCAM/transcripts/TCONS00106501_func_domains.gff3
    jobid: 55
    wildcards: gene=NRCAM, transcript=TCONS00106501
    priority: 8
    resources: tmpdir=0, memory=16, time=1


[Mon Nov 15 17:53:28 2021]
rule functional_site_analysis:
    input: Results/Genes_temp/GDF1/transcripts/TCONS00060364_protein.fa
    output: Results/Genes_temp/GDF1/transcripts/TCONS00060364_func_sites.txt
    jobid: 69
    wildcards: gene=GDF1, transcript=TCONS00060364
    priority: 8
    resources: tmpdir=0, memory=10, time=1

[Mon Nov 15 17:53:28 2021]
Finished job 38.
14 of 70 steps (20%) done

[Mon Nov 15 17:53:28 2021]
rule iupred2a_analysis:
    input: Results/Genes_temp/NRCAM/transcripts/TCONS00103503_protein.fa, /home/annaldas/iupred2a/iupred2a.py
    output: Results/Genes_temp/NRCAM/transcripts/TCONS00103503_sequence.txt, Results/Genes_temp/NRCAM/transcripts/TCONS00103503_func_iupred2a.txt
    jobid: 34
    wildcards: gene=NRCAM, transcript=TCONS00103503
    priority: 8
    resources: tmpdir=0, memory=10, time=1


[Mon Nov 15 17:53:28 2021]
[Mon Nov 15 17:53:28 2021]
Finished job 54.
rule functional_site_analysis:
    input: Results/Genes_temp/NRCAM/transcripts/TCONS00106501_protein.fa
    output: Results/Genes_temp/NRCAM/transcripts/TCONS00106501_func_sites.txt
    jobid: 56
    wildcards: gene=NRCAM, transcript=TCONS00106501
    priority: 8
    resources: tmpdir=0, memory=10, time=1
15 of 70 steps (21%) done


[Mon Nov 15 17:53:28 2021]
rule iupred2a_analysis:
    input: Results/Genes_temp/GDF1/transcripts/TCONS00060363_protein.fa, /home/annaldas/iupred2a/iupred2a.py
    output: Results/Genes_temp/GDF1/transcripts/TCONS00060363_sequence.txt, Results/Genes_temp/GDF1/transcripts/TCONS00060363_func_iupred2a.txt
    jobid: 63
    wildcards: gene=GDF1, transcript=TCONS00060363
    priority: 8
    resources: tmpdir=0, memory=10, time=1

[Mon Nov 15 17:53:28 2021]
Finished job 67.
16 of 70 steps (23%) done

[Mon Nov 15 17:53:28 2021]
rule interpro_scan:
    input: Results/Genes_temp/NRCAM/transcripts/TCONS00103503_protein.fa
    output: Results/Genes_temp/NRCAM/transcripts/TCONS00103503_func_domains.gff3
    jobid: 35
    wildcards: gene=NRCAM, transcript=TCONS00103503
    priority: 8
    resources: tmpdir=0, memory=16, time=1


[Mon Nov 15 17:53:28 2021]
rule iupred2a_analysis:
    input: Results/Genes_temp/NRCAM/transcripts/TCONS00106500_protein.fa, /home/annaldas/iupred2a/iupred2a.py
    output: Results/Genes_temp/NRCAM/transcripts/TCONS00106500_sequence.txt, Results/Genes_temp/NRCAM/transcripts/TCONS00106500_func_iupred2a.txt
    jobid: 50
    wildcards: gene=NRCAM, transcript=TCONS00106500
    priority: 8
    resources: tmpdir=0, memory=10, time=1

[Mon Nov 15 17:53:28 2021]
Finished job 46.
17 of 70 steps (24%) done

[Mon Nov 15 17:53:28 2021]
rule iupred2a_analysis:
    input: Results/Genes_temp/GDF1/transcripts/TCONS00060366_protein.fa, /home/annaldas/iupred2a/iupred2a.py
    output: Results/Genes_temp/GDF1/transcripts/TCONS00060366_sequence.txt, Results/Genes_temp/GDF1/transcripts/TCONS00060366_func_iupred2a.txt
    jobid: 71
    wildcards: gene=GDF1, transcript=TCONS00060366
    priority: 8
    resources: tmpdir=0, memory=10, time=1


[Mon Nov 15 17:53:28 2021]
rule interpro_scan:
    input: Results/Genes_temp/GDF1/transcripts/TCONS00060363_protein.fa
    output: Results/Genes_temp/GDF1/transcripts/TCONS00060363_func_domains.gff3
    jobid: 64
    wildcards: gene=GDF1, transcript=TCONS00060363
    priority: 8
    resources: tmpdir=0, memory=16, time=1


[Mon Nov 15 17:53:28 2021]
rule iupred2a_analysis:
    input: Results/Genes_temp/NRCAM/transcripts/TCONS00106498_protein.fa, /home/annaldas/iupred2a/iupred2a.py
    output: Results/Genes_temp/NRCAM/transcripts/TCONS00106498_sequence.txt, Results/Genes_temp/NRCAM/transcripts/TCONS00106498_func_iupred2a.txt
    jobid: 42
    wildcards: gene=NRCAM, transcript=TCONS00106498
    priority: 8
    resources: tmpdir=0, memory=10, time=1


[Mon Nov 15 17:53:28 2021]
rule functional_site_analysis:
    input: Results/Genes_temp/NRCAM/transcripts/TCONS00103503_protein.fa
    output: Results/Genes_temp/NRCAM/transcripts/TCONS00103503_func_sites.txt
    jobid: 36
    wildcards: gene=NRCAM, transcript=TCONS00103503
    priority: 8
    resources: tmpdir=0, memory=10, time=1


[Mon Nov 15 17:53:28 2021]
rule interpro_scan:
    input: Results/Genes_temp/NRCAM/transcripts/TCONS00106498_protein.fa
    output: Results/Genes_temp/NRCAM/transcripts/TCONS00106498_func_domains.gff3
    jobid: 43
    wildcards: gene=NRCAM, transcript=TCONS00106498
    priority: 8
    resources: tmpdir=0, memory=16, time=1


[Mon Nov 15 17:53:28 2021]
rule iupred2a_analysis:
    input: Results/Genes_temp/NRCAM/transcripts/TCONS00106502_protein.fa, /home/annaldas/iupred2a/iupred2a.py
    output: Results/Genes_temp/NRCAM/transcripts/TCONS00106502_sequence.txt, Results/Genes_temp/NRCAM/transcripts/TCONS00106502_func_iupred2a.txt
    jobid: 58
    wildcards: gene=NRCAM, transcript=TCONS00106502
    priority: 8
    resources: tmpdir=0, memory=10, time=1


[Mon Nov 15 17:53:28 2021]
[Mon Nov 15 17:53:28 2021]
Finished job 34.
rule functional_site_analysis:
    input: Results/Genes_temp/GDF1/transcripts/TCONS00060363_protein.fa
    output: Results/Genes_temp/GDF1/transcripts/TCONS00060363_func_sites.txt
    jobid: 65
    wildcards: gene=GDF1, transcript=TCONS00060363
    priority: 8
    resources: tmpdir=0, memory=10, time=1
18 of 70 steps (26%) done


[Mon Nov 15 17:53:28 2021]
rule interpro_scan:
    input: Results/Genes_temp/GDF1/transcripts/TCONS00060366_protein.fa
    output: Results/Genes_temp/GDF1/transcripts/TCONS00060366_func_domains.gff3
    jobid: 72
    wildcards: gene=GDF1, transcript=TCONS00060366
    priority: 8
    resources: tmpdir=0, memory=16, time=1


[Mon Nov 15 17:53:29 2021]
[Mon Nov 15 17:53:29 2021]
Finished job 50.
rule functional_site_analysis:
    input: Results/Genes_temp/NRCAM/transcripts/TCONS00106498_protein.fa
    output: Results/Genes_temp/NRCAM/transcripts/TCONS00106498_func_sites.txt
    jobid: 44
    wildcards: gene=NRCAM, transcript=TCONS00106498
    priority: 8
    resources: tmpdir=0, memory=10, time=1
19 of 70 steps (27%) done


[Mon Nov 15 17:53:29 2021]
rule functional_site_analysis:
    input: Results/Genes_temp/GDF1/transcripts/TCONS00060366_protein.fa
    output: Results/Genes_temp/GDF1/transcripts/TCONS00060366_func_sites.txt
    jobid: 73
    wildcards: gene=GDF1, transcript=TCONS00060366
    priority: 8
    resources: tmpdir=0, memory=10, time=1

[Mon Nov 15 17:53:29 2021]
Finished job 63.
20 of 70 steps (29%) done
[Mon Nov 15 17:53:29 2021]
Finished job 71.
21 of 70 steps (30%) done
Updating job aggregate_transcript_analysis.
Updating job aggregate_transcript_analysis.
Select jobs to execute...
[Mon Nov 15 17:53:29 2021]
Finished job 58.
22 of 122 steps (18%) done
[Mon Nov 15 17:53:29 2021]
Finished job 42.
23 of 122 steps (19%) done

[Mon Nov 15 17:53:29 2021]
rule iupred2a_analysis:
    input: Results/Genes_temp/SLC6A15/transcripts/TCONS00028816_protein.fa, /home/annaldas/iupred2a/iupred2a.py
    output: Results/Genes_temp/SLC6A15/transcripts/TCONS00028816_sequence.txt, Results/Genes_temp/SLC6A15/transcripts/TCONS00028816_func_iupred2a.txt
    jobid: 121
    wildcards: gene=SLC6A15, transcript=TCONS00028816
    priority: 8
    resources: tmpdir=0, memory=10, time=1


[Mon Nov 15 17:53:29 2021]
rule iupred2a_analysis:
    input: Results/Genes_temp/SLC6A15/transcripts/TCONS00028812_protein.fa, /home/annaldas/iupred2a/iupred2a.py
    output: Results/Genes_temp/SLC6A15/transcripts/TCONS00028812_sequence.txt, Results/Genes_temp/SLC6A15/transcripts/TCONS00028812_func_iupred2a.txt
    jobid: 113
    wildcards: gene=SLC6A15, transcript=TCONS00028812
    priority: 8
    resources: tmpdir=0, memory=10, time=1


[Mon Nov 15 17:53:29 2021]
rule iupred2a_analysis:
    input: Results/Genes_temp/SLC6A15/transcripts/TCONS00025538_protein.fa, /home/annaldas/iupred2a/iupred2a.py
    output: Results/Genes_temp/SLC6A15/transcripts/TCONS00025538_sequence.txt, Results/Genes_temp/SLC6A15/transcripts/TCONS00025538_func_iupred2a.txt
    jobid: 93
    wildcards: gene=SLC6A15, transcript=TCONS00025538
    priority: 8
    resources: tmpdir=0, memory=10, time=1


[Mon Nov 15 17:53:29 2021]
rule iupred2a_analysis:
    input: Results/Genes_temp/SLC6A15/transcripts/TCONS00028813_protein.fa, /home/annaldas/iupred2a/iupred2a.py
    output: Results/Genes_temp/SLC6A15/transcripts/TCONS00028813_sequence.txt, Results/Genes_temp/SLC6A15/transcripts/TCONS00028813_func_iupred2a.txt
    jobid: 117
    wildcards: gene=SLC6A15, transcript=TCONS00028813
    priority: 8
    resources: tmpdir=0, memory=10, time=1


[Mon Nov 15 17:53:29 2021]
rule iupred2a_analysis:
    input: Results/Genes_temp/PFN2/transcripts/TCONS00084372_protein.fa, /home/annaldas/iupred2a/iupred2a.py
    output: Results/Genes_temp/PFN2/transcripts/TCONS00084372_sequence.txt, Results/Genes_temp/PFN2/transcripts/TCONS00084372_func_iupred2a.txt
    jobid: 80
    wildcards: gene=PFN2, transcript=TCONS00084372
    priority: 8
    resources: tmpdir=0, memory=10, time=1


[Mon Nov 15 17:53:29 2021]
rule iupred2a_analysis:
    input: Results/Genes_temp/SLC6A15/transcripts/TCONS00028809_protein.fa, /home/annaldas/iupred2a/iupred2a.py
    output: Results/Genes_temp/SLC6A15/transcripts/TCONS00028809_sequence.txt, Results/Genes_temp/SLC6A15/transcripts/TCONS00028809_func_iupred2a.txt
    jobid: 105
    wildcards: gene=SLC6A15, transcript=TCONS00028809
    priority: 8
    resources: tmpdir=0, memory=10, time=1


[Mon Nov 15 17:53:29 2021]
rule iupred2a_analysis:
    input: Results/Genes_temp/SLC6A15/transcripts/TCONS00025541_protein.fa, /home/annaldas/iupred2a/iupred2a.py
    output: Results/Genes_temp/SLC6A15/transcripts/TCONS00025541_sequence.txt, Results/Genes_temp/SLC6A15/transcripts/TCONS00025541_func_iupred2a.txt
    jobid: 97
    wildcards: gene=SLC6A15, transcript=TCONS00025541
    priority: 8
    resources: tmpdir=0, memory=10, time=1


[Mon Nov 15 17:53:29 2021]
rule iupred2a_analysis:
    input: Results/Genes_temp/PFN2/transcripts/TCONS00084380_protein.fa, /home/annaldas/iupred2a/iupred2a.py
    output: Results/Genes_temp/PFN2/transcripts/TCONS00084380_sequence.txt, Results/Genes_temp/PFN2/transcripts/TCONS00084380_func_iupred2a.txt
    jobid: 84
    wildcards: gene=PFN2, transcript=TCONS00084380
    priority: 8
    resources: tmpdir=0, memory=10, time=1


[Mon Nov 15 17:53:29 2021]
rule iupred2a_analysis:
    input: Results/Genes_temp/PFN2/transcripts/TCONS00080864_protein.fa, /home/annaldas/iupred2a/iupred2a.py
    output: Results/Genes_temp/PFN2/transcripts/TCONS00080864_sequence.txt, Results/Genes_temp/PFN2/transcripts/TCONS00080864_func_iupred2a.txt
    jobid: 76
    wildcards: gene=PFN2, transcript=TCONS00080864
    priority: 8
    resources: tmpdir=0, memory=10, time=1


[Mon Nov 15 17:53:29 2021]
[Mon Nov 15 17:53:29 2021]
Finished job 113.
rule iupred2a_analysis:
    input: Results/Genes_temp/SLC6A15/transcripts/TCONS00025539_protein.fa, /home/annaldas/iupred2a/iupred2a.py
    output: Results/Genes_temp/SLC6A15/transcripts/TCONS00025539_sequence.txt, Results/Genes_temp/SLC6A15/transcripts/TCONS00025539_func_iupred2a.txt
    jobid: 101
    wildcards: gene=SLC6A15, transcript=TCONS00025539
    priority: 8
    resources: tmpdir=0, memory=10, time=1
24 of 122 steps (20%) done


[Mon Nov 15 17:53:29 2021]
rule iupred2a_analysis:
    input: Results/Genes_temp/SLC6A15/transcripts/TCONS00028810_protein.fa, /home/annaldas/iupred2a/iupred2a.py
    output: Results/Genes_temp/SLC6A15/transcripts/TCONS00028810_sequence.txt, Results/Genes_temp/SLC6A15/transcripts/TCONS00028810_func_iupred2a.txt
    jobid: 109
    wildcards: gene=SLC6A15, transcript=TCONS00028810
    priority: 8
    resources: tmpdir=0, memory=10, time=1

[Mon Nov 15 17:53:29 2021]
Finished job 121.
25 of 122 steps (20%) done

[Mon Nov 15 17:53:29 2021]
rule iupred2a_analysis:
    input: Results/Genes_temp/PFN2/transcripts/TCONS00084381_protein.fa, /home/annaldas/iupred2a/iupred2a.py
    output: Results/Genes_temp/PFN2/transcripts/TCONS00084381_sequence.txt, Results/Genes_temp/PFN2/transcripts/TCONS00084381_func_iupred2a.txt
    jobid: 88
    wildcards: gene=PFN2, transcript=TCONS00084381
    priority: 8
    resources: tmpdir=0, memory=10, time=1

[Mon Nov 15 17:53:29 2021]
Finished job 93.
26 of 122 steps (21%) done
[Mon Nov 15 17:53:29 2021]
Finished job 117.
27 of 122 steps (22%) done
[Mon Nov 15 17:53:29 2021]
Finished job 105.
28 of 122 steps (23%) done
[Mon Nov 15 17:53:29 2021]
Finished job 80.
29 of 122 steps (24%) done
[Mon Nov 15 17:53:29 2021]
Finished job 97.
30 of 122 steps (25%) done
[Mon Nov 15 17:53:29 2021]
Finished job 84.
31 of 122 steps (25%) done
Select jobs to execute...
[Mon Nov 15 17:53:29 2021]
Finished job 101.
32 of 122 steps (26%) done

[Mon Nov 15 17:53:29 2021]
rule interpro_scan:
    input: Results/Genes_temp/PFN2/transcripts/TCONS00084381_protein.fa
    output: Results/Genes_temp/PFN2/transcripts/TCONS00084381_func_domains.gff3
    jobid: 89
    wildcards: gene=PFN2, transcript=TCONS00084381
    priority: 8
    resources: tmpdir=0, memory=16, time=1


[Mon Nov 15 17:53:29 2021]
rule interpro_scan:
    input: Results/Genes_temp/SLC6A15/transcripts/TCONS00028809_protein.fa
    output: Results/Genes_temp/SLC6A15/transcripts/TCONS00028809_func_domains.gff3
    jobid: 106
    wildcards: gene=SLC6A15, transcript=TCONS00028809
    priority: 8
    resources: tmpdir=0, memory=16, time=1


[Mon Nov 15 17:53:29 2021]
rule functional_site_analysis:
    input: Results/Genes_temp/SLC6A15/transcripts/TCONS00028813_protein.fa
    output: Results/Genes_temp/SLC6A15/transcripts/TCONS00028813_func_sites.txt
    jobid: 119
    wildcards: gene=SLC6A15, transcript=TCONS00028813
    priority: 8
    resources: tmpdir=0, memory=10, time=1


[Mon Nov 15 17:53:29 2021]
rule functional_site_analysis:
    input: Results/Genes_temp/SLC6A15/transcripts/TCONS00028810_protein.fa
    output: Results/Genes_temp/SLC6A15/transcripts/TCONS00028810_func_sites.txt
    jobid: 111
    wildcards: gene=SLC6A15, transcript=TCONS00028810
    priority: 8
    resources: tmpdir=0, memory=10, time=1

[Mon Nov 15 17:53:29 2021]
Finished job 76.
33 of 122 steps (27%) done

[Mon Nov 15 17:53:29 2021]
rule iupred2a_analysis:
    input: Results/Genes_temp/SLC6A15/transcripts/TCONS00028817_protein.fa, /home/annaldas/iupred2a/iupred2a.py
    output: Results/Genes_temp/SLC6A15/transcripts/TCONS00028817_sequence.txt, Results/Genes_temp/SLC6A15/transcripts/TCONS00028817_func_iupred2a.txt
    jobid: 125
    wildcards: gene=SLC6A15, transcript=TCONS00028817
    priority: 8
    resources: tmpdir=0, memory=10, time=1


[Mon Nov 15 17:53:29 2021]
rule interpro_scan:
    input: Results/Genes_temp/SLC6A15/transcripts/TCONS00028810_protein.fa
    output: Results/Genes_temp/SLC6A15/transcripts/TCONS00028810_func_domains.gff3
    jobid: 110
    wildcards: gene=SLC6A15, transcript=TCONS00028810
    priority: 8
    resources: tmpdir=0, memory=16, time=1

[Mon Nov 15 17:53:29 2021]
Finished job 88.
34 of 122 steps (28%) done

[Mon Nov 15 17:53:29 2021]
rule functional_site_analysis:
    input: Results/Genes_temp/PFN2/transcripts/TCONS00084381_protein.fa
    output: Results/Genes_temp/PFN2/transcripts/TCONS00084381_func_sites.txt
    jobid: 90
    wildcards: gene=PFN2, transcript=TCONS00084381
    priority: 8
    resources: tmpdir=0, memory=10, time=1


[Mon Nov 15 17:53:29 2021]
rule functional_site_analysis:
    input: Results/Genes_temp/SLC6A15/transcripts/TCONS00028809_protein.fa
    output: Results/Genes_temp/SLC6A15/transcripts/TCONS00028809_func_sites.txt
    jobid: 107
    wildcards: gene=SLC6A15, transcript=TCONS00028809
    priority: 8
    resources: tmpdir=0, memory=10, time=1

[Mon Nov 15 17:53:29 2021]
Finished job 109.
35 of 122 steps (29%) done

[Mon Nov 15 17:53:29 2021]
rule interpro_scan:
    input: Results/Genes_temp/SLC6A15/transcripts/TCONS00028813_protein.fa
    output: Results/Genes_temp/SLC6A15/transcripts/TCONS00028813_func_domains.gff3
    jobid: 118
    wildcards: gene=SLC6A15, transcript=TCONS00028813
    priority: 8
    resources: tmpdir=0, memory=16, time=1

Select jobs to execute...

[Mon Nov 15 17:53:29 2021]
rule functional_site_analysis:
    input: Results/Genes_temp/PFN2/transcripts/TCONS00084380_protein.fa
    output: Results/Genes_temp/PFN2/transcripts/TCONS00084380_func_sites.txt
    jobid: 86
    wildcards: gene=PFN2, transcript=TCONS00084380
    priority: 8
    resources: tmpdir=0, memory=10, time=1


[Mon Nov 15 17:53:29 2021]
rule interpro_scan:
    input: Results/Genes_temp/PFN2/transcripts/TCONS00084372_protein.fa
    output: Results/Genes_temp/PFN2/transcripts/TCONS00084372_func_domains.gff3
    jobid: 81
    wildcards: gene=PFN2, transcript=TCONS00084372
    priority: 8
    resources: tmpdir=0, memory=16, time=1


[Mon Nov 15 17:53:29 2021]
rule interpro_scan:
    input: Results/Genes_temp/PFN2/transcripts/TCONS00084380_protein.fa
    output: Results/Genes_temp/PFN2/transcripts/TCONS00084380_func_domains.gff3
    jobid: 85
    wildcards: gene=PFN2, transcript=TCONS00084380
    priority: 8
    resources: tmpdir=0, memory=16, time=1

Select jobs to execute...
[Mon Nov 15 17:53:29 2021]
Finished job 125.
36 of 122 steps (30%) done

[Mon Nov 15 17:53:29 2021]
rule functional_site_analysis:
    input: Results/Genes_temp/PFN2/transcripts/TCONS00084372_protein.fa
    output: Results/Genes_temp/PFN2/transcripts/TCONS00084372_func_sites.txt
    jobid: 82
    wildcards: gene=PFN2, transcript=TCONS00084372
    priority: 8
    resources: tmpdir=0, memory=10, time=1

Select jobs to execute...
[Mon Nov 15 17:53:45 2021]
Finished job 40.
37 of 122 steps (30%) done

[Mon Nov 15 17:53:45 2021]
rule functional_site_analysis:
    input: Results/Genes_temp/SLC6A15/transcripts/TCONS00025538_protein.fa
    output: Results/Genes_temp/SLC6A15/transcripts/TCONS00025538_func_sites.txt
    jobid: 95
    wildcards: gene=SLC6A15, transcript=TCONS00025538
    priority: 8
    resources: tmpdir=0, memory=10, time=1

[Mon Nov 15 17:53:46 2021]
Finished job 36.
38 of 122 steps (31%) done
[Mon Nov 15 17:53:46 2021]
Finished job 73.
39 of 122 steps (32%) done
Select jobs to execute...

[Mon Nov 15 17:53:46 2021]
rule interpro_scan:
    input: Results/Genes_temp/SLC6A15/transcripts/TCONS00025538_protein.fa
    output: Results/Genes_temp/SLC6A15/transcripts/TCONS00025538_func_domains.gff3
    jobid: 94
    wildcards: gene=SLC6A15, transcript=TCONS00025538
    priority: 8
    resources: tmpdir=0, memory=16, time=1


[Mon Nov 15 17:53:46 2021]
rule interpro_scan:
    input: Results/Genes_temp/PFN2/transcripts/TCONS00080864_protein.fa
    output: Results/Genes_temp/PFN2/transcripts/TCONS00080864_func_domains.gff3
    jobid: 77
    wildcards: gene=PFN2, transcript=TCONS00080864
    priority: 8
    resources: tmpdir=0, memory=16, time=1

Select jobs to execute...
[Mon Nov 15 17:53:46 2021]
Finished job 56.
40 of 122 steps (33%) done

[Mon Nov 15 17:53:46 2021]
rule interpro_scan:
    input: Results/Genes_temp/SLC6A15/transcripts/TCONS00025541_protein.fa
    output: Results/Genes_temp/SLC6A15/transcripts/TCONS00025541_func_domains.gff3
    jobid: 98
    wildcards: gene=SLC6A15, transcript=TCONS00025541
    priority: 8
    resources: tmpdir=0, memory=16, time=1

[Mon Nov 15 17:53:47 2021]
Finished job 31.
41 of 122 steps (34%) done
Select jobs to execute...

[Mon Nov 15 17:53:47 2021]
rule functional_site_analysis:
    input: Results/Genes_temp/PFN2/transcripts/TCONS00080864_protein.fa
    output: Results/Genes_temp/PFN2/transcripts/TCONS00080864_func_sites.txt
    jobid: 78
    wildcards: gene=PFN2, transcript=TCONS00080864
    priority: 8
    resources: tmpdir=0, memory=10, time=1

[Mon Nov 15 17:53:47 2021]
Finished job 69.
42 of 122 steps (34%) done
Select jobs to execute...

[Mon Nov 15 17:53:47 2021]
rule functional_site_analysis:
    input: Results/Genes_temp/SLC6A15/transcripts/TCONS00025541_protein.fa
    output: Results/Genes_temp/SLC6A15/transcripts/TCONS00025541_func_sites.txt
    jobid: 99
    wildcards: gene=SLC6A15, transcript=TCONS00025541
    priority: 8
    resources: tmpdir=0, memory=10, time=1

[Mon Nov 15 17:53:47 2021]
Finished job 90.
43 of 122 steps (35%) done
Select jobs to execute...

[Mon Nov 15 17:53:47 2021]
rule functional_site_analysis:
    input: Results/Genes_temp/SLC6A15/transcripts/TCONS00028816_protein.fa
    output: Results/Genes_temp/SLC6A15/transcripts/TCONS00028816_func_sites.txt
    jobid: 123
    wildcards: gene=SLC6A15, transcript=TCONS00028816
    priority: 8
    resources: tmpdir=0, memory=10, time=1

[Mon Nov 15 17:53:47 2021]
Finished job 86.
44 of 122 steps (36%) done
Select jobs to execute...

[Mon Nov 15 17:53:47 2021]
rule interpro_scan:
    input: Results/Genes_temp/SLC6A15/transcripts/TCONS00028816_protein.fa
    output: Results/Genes_temp/SLC6A15/transcripts/TCONS00028816_func_domains.gff3
    jobid: 122
    wildcards: gene=SLC6A15, transcript=TCONS00028816
    priority: 8
    resources: tmpdir=0, memory=16, time=1

[Mon Nov 15 17:53:47 2021]
Finished job 82.
45 of 122 steps (37%) done
Select jobs to execute...

[Mon Nov 15 17:53:47 2021]
rule interpro_scan:
    input: Results/Genes_temp/NRCAM/transcripts/TCONS00106502_protein.fa
    output: Results/Genes_temp/NRCAM/transcripts/TCONS00106502_func_domains.gff3
    jobid: 59
    wildcards: gene=NRCAM, transcript=TCONS00106502
    priority: 8
    resources: tmpdir=0, memory=16, time=1

[Mon Nov 15 17:53:47 2021]
Finished job 65.
46 of 122 steps (38%) done
Select jobs to execute...

[Mon Nov 15 17:53:47 2021]
rule interpro_scan:
    input: Results/Genes_temp/SLC6A15/transcripts/TCONS00025539_protein.fa
    output: Results/Genes_temp/SLC6A15/transcripts/TCONS00025539_func_domains.gff3
    jobid: 102
    wildcards: gene=SLC6A15, transcript=TCONS00025539
    priority: 8
    resources: tmpdir=0, memory=16, time=1

[Mon Nov 15 17:53:48 2021]
Finished job 27.
47 of 122 steps (39%) done
Select jobs to execute...

[Mon Nov 15 17:53:48 2021]
rule interpro_scan:
    input: Results/Genes_temp/SLC6A15/transcripts/TCONS00028817_protein.fa
    output: Results/Genes_temp/SLC6A15/transcripts/TCONS00028817_func_domains.gff3
    jobid: 126
    wildcards: gene=SLC6A15, transcript=TCONS00028817
    priority: 8
    resources: tmpdir=0, memory=16, time=1

[Mon Nov 15 17:53:48 2021]
Finished job 119.
48 of 122 steps (39%) done
Select jobs to execute...

[Mon Nov 15 17:53:48 2021]
rule functional_site_analysis:
    input: Results/Genes_temp/SLC6A15/transcripts/TCONS00028812_protein.fa
    output: Results/Genes_temp/SLC6A15/transcripts/TCONS00028812_func_sites.txt
    jobid: 115
    wildcards: gene=SLC6A15, transcript=TCONS00028812
    priority: 8
    resources: tmpdir=0, memory=10, time=1

[Mon Nov 15 17:53:48 2021]
Finished job 107.
49 of 122 steps (40%) done
Select jobs to execute...

[Mon Nov 15 17:53:48 2021]
rule functional_site_analysis:
    input: Results/Genes_temp/NRCAM/transcripts/TCONS00106500_protein.fa
    output: Results/Genes_temp/NRCAM/transcripts/TCONS00106500_func_sites.txt
    jobid: 52
    wildcards: gene=NRCAM, transcript=TCONS00106500
    priority: 8
    resources: tmpdir=0, memory=10, time=1

[Mon Nov 15 17:53:50 2021]
Finished job 48.
50 of 122 steps (41%) done
Select jobs to execute...

[Mon Nov 15 17:53:50 2021]
rule functional_site_analysis:
    input: Results/Genes_temp/NRCAM/transcripts/TCONS00106502_protein.fa
    output: Results/Genes_temp/NRCAM/transcripts/TCONS00106502_func_sites.txt
    jobid: 60
    wildcards: gene=NRCAM, transcript=TCONS00106502
    priority: 8
    resources: tmpdir=0, memory=10, time=1

[Mon Nov 15 17:53:50 2021]
Finished job 111.
51 of 122 steps (42%) done
[Mon Nov 15 17:53:52 2021]
Finished job 44.
52 of 122 steps (43%) done
Select jobs to execute...

[Mon Nov 15 17:53:52 2021]
rule interpro_scan:
    input: Results/Genes_temp/NRCAM/transcripts/TCONS00106500_protein.fa
    output: Results/Genes_temp/NRCAM/transcripts/TCONS00106500_func_domains.gff3
    jobid: 51
    wildcards: gene=NRCAM, transcript=TCONS00106500
    priority: 8
    resources: tmpdir=0, memory=16, time=1


[Mon Nov 15 17:53:52 2021]
rule functional_site_analysis:
    input: Results/Genes_temp/SLC6A15/transcripts/TCONS00025539_protein.fa
    output: Results/Genes_temp/SLC6A15/transcripts/TCONS00025539_func_sites.txt
    jobid: 103
    wildcards: gene=SLC6A15, transcript=TCONS00025539
    priority: 8
    resources: tmpdir=0, memory=10, time=1

Select jobs to execute...
[Mon Nov 15 17:54:00 2021]
Finished job 39.
53 of 122 steps (43%) done

[Mon Nov 15 17:54:00 2021]
rule functional_site_analysis:
    input: Results/Genes_temp/SLC6A15/transcripts/TCONS00028817_protein.fa
    output: Results/Genes_temp/SLC6A15/transcripts/TCONS00028817_func_sites.txt
    jobid: 127
    wildcards: gene=SLC6A15, transcript=TCONS00028817
    priority: 8
    resources: tmpdir=0, memory=10, time=1

[Mon Nov 15 17:54:02 2021]
Finished job 95.
54 of 122 steps (44%) done
Select jobs to execute...

[Mon Nov 15 17:54:02 2021]
rule interpro_scan:
    input: Results/Genes_temp/SLC6A15/transcripts/TCONS00028812_protein.fa
    output: Results/Genes_temp/SLC6A15/transcripts/TCONS00028812_func_domains.gff3
    jobid: 114
    wildcards: gene=SLC6A15, transcript=TCONS00028812
    priority: 8
    resources: tmpdir=0, memory=16, time=1

[Mon Nov 15 17:54:03 2021]
Finished job 123.
55 of 122 steps (45%) done
[Mon Nov 15 17:54:03 2021]
Finished job 99.
56 of 122 steps (46%) done
Select jobs to execute...

[Mon Nov 15 17:54:03 2021]
rule individual_transcript_analysis:
    input: Results/Genes_temp/NRCAM/transcripts/TCONS00106497_protein.fa, Results/Genes_temp/NRCAM/transcripts/TCONS00106497_func_iupred2a.txt, Results/Genes_temp/NRCAM/transcripts/TCONS00106497_func_domains.gff3, Results/Genes_temp/NRCAM/transcripts/TCONS00106497_func_sites.txt
    output: Results/Genes_temp/NRCAM/transcripts/TCONS00106497_analysis.txt
    jobid: 37
    wildcards: gene=NRCAM, transcript=TCONS00106497
    priority: 5
    resources: tmpdir=0, memory=10, time=1

[Mon Nov 15 17:54:03 2021]
Finished job 115.
57 of 122 steps (47%) done
[Mon Nov 15 17:54:03 2021]
Finished job 78.
58 of 122 steps (48%) done
[Mon Nov 15 17:54:03 2021]
Finished job 37.
59 of 122 steps (48%) done
[Mon Nov 15 17:54:04 2021]
Finished job 52.
60 of 122 steps (49%) done
[Mon Nov 15 17:54:07 2021]
Finished job 60.
61 of 122 steps (50%) done
[Mon Nov 15 17:54:07 2021]
Finished job 103.
62 of 122 steps (51%) done
[Mon Nov 15 17:54:14 2021]
Finished job 127.
63 of 122 steps (52%) done
[Mon Nov 15 17:54:14 2021]
Finished job 77.
64 of 122 steps (52%) done
Select jobs to execute...

[Mon Nov 15 17:54:14 2021]
rule individual_transcript_analysis:
    input: Results/Genes_temp/PFN2/transcripts/TCONS00080864_protein.fa, Results/Genes_temp/PFN2/transcripts/TCONS00080864_func_iupred2a.txt, Results/Genes_temp/PFN2/transcripts/TCONS00080864_func_domains.gff3, Results/Genes_temp/PFN2/transcripts/TCONS00080864_func_sites.txt
    output: Results/Genes_temp/PFN2/transcripts/TCONS00080864_analysis.txt
    jobid: 75
    wildcards: gene=PFN2, transcript=TCONS00080864
    priority: 5
    resources: tmpdir=0, memory=10, time=1

[Mon Nov 15 17:54:15 2021]
Finished job 75.
65 of 122 steps (53%) done
[Mon Nov 15 17:54:16 2021]
Finished job 102.
66 of 122 steps (54%) done
Select jobs to execute...

[Mon Nov 15 17:54:16 2021]
rule individual_transcript_analysis:
    input: Results/Genes_temp/SLC6A15/transcripts/TCONS00025539_protein.fa, Results/Genes_temp/SLC6A15/transcripts/TCONS00025539_func_iupred2a.txt, Results/Genes_temp/SLC6A15/transcripts/TCONS00025539_func_domains.gff3, Results/Genes_temp/SLC6A15/transcripts/TCONS00025539_func_sites.txt
    output: Results/Genes_temp/SLC6A15/transcripts/TCONS00025539_analysis.txt
    jobid: 100
    wildcards: gene=SLC6A15, transcript=TCONS00025539
    priority: 5
    resources: tmpdir=0, memory=10, time=1

[Mon Nov 15 17:54:16 2021]
Finished job 59.
67 of 122 steps (55%) done
Select jobs to execute...

[Mon Nov 15 17:54:16 2021]
rule individual_transcript_analysis:
    input: Results/Genes_temp/NRCAM/transcripts/TCONS00106502_protein.fa, Results/Genes_temp/NRCAM/transcripts/TCONS00106502_func_iupred2a.txt, Results/Genes_temp/NRCAM/transcripts/TCONS00106502_func_domains.gff3, Results/Genes_temp/NRCAM/transcripts/TCONS00106502_func_sites.txt
    output: Results/Genes_temp/NRCAM/transcripts/TCONS00106502_analysis.txt
    jobid: 57
    wildcards: gene=NRCAM, transcript=TCONS00106502
    priority: 5
    resources: tmpdir=0, memory=10, time=1

[Mon Nov 15 17:54:16 2021]
Finished job 100.
68 of 122 steps (56%) done
[Mon Nov 15 17:54:16 2021]
Finished job 57.
69 of 122 steps (57%) done
[Mon Nov 15 17:54:17 2021]
Finished job 126.
70 of 122 steps (57%) done
Select jobs to execute...

[Mon Nov 15 17:54:17 2021]
rule individual_transcript_analysis:
    input: Results/Genes_temp/SLC6A15/transcripts/TCONS00028817_protein.fa, Results/Genes_temp/SLC6A15/transcripts/TCONS00028817_func_iupred2a.txt, Results/Genes_temp/SLC6A15/transcripts/TCONS00028817_func_domains.gff3, Results/Genes_temp/SLC6A15/transcripts/TCONS00028817_func_sites.txt
    output: Results/Genes_temp/SLC6A15/transcripts/TCONS00028817_analysis.txt
    jobid: 124
    wildcards: gene=SLC6A15, transcript=TCONS00028817
    priority: 5
    resources: tmpdir=0, memory=10, time=1

[Mon Nov 15 17:54:17 2021]
Finished job 124.
71 of 122 steps (58%) done
[Mon Nov 15 17:54:19 2021]
Finished job 51.
72 of 122 steps (59%) done
Select jobs to execute...

[Mon Nov 15 17:54:19 2021]
rule individual_transcript_analysis:
    input: Results/Genes_temp/NRCAM/transcripts/TCONS00106500_protein.fa, Results/Genes_temp/NRCAM/transcripts/TCONS00106500_func_iupred2a.txt, Results/Genes_temp/NRCAM/transcripts/TCONS00106500_func_domains.gff3, Results/Genes_temp/NRCAM/transcripts/TCONS00106500_func_sites.txt
    output: Results/Genes_temp/NRCAM/transcripts/TCONS00106500_analysis.txt
    jobid: 49
    wildcards: gene=NRCAM, transcript=TCONS00106500
    priority: 5
    resources: tmpdir=0, memory=10, time=1

[Mon Nov 15 17:54:19 2021]
Finished job 49.
73 of 122 steps (60%) done
[Mon Nov 15 17:54:22 2021]
Finished job 47.
74 of 122 steps (61%) done
Select jobs to execute...

[Mon Nov 15 17:54:22 2021]
rule individual_transcript_analysis:
    input: Results/Genes_temp/NRCAM/transcripts/TCONS00106499_protein.fa, Results/Genes_temp/NRCAM/transcripts/TCONS00106499_func_iupred2a.txt, Results/Genes_temp/NRCAM/transcripts/TCONS00106499_func_domains.gff3, Results/Genes_temp/NRCAM/transcripts/TCONS00106499_func_sites.txt
    output: Results/Genes_temp/NRCAM/transcripts/TCONS00106499_analysis.txt
    jobid: 45
    wildcards: gene=NRCAM, transcript=TCONS00106499
    priority: 5
    resources: tmpdir=0, memory=10, time=1

[Mon Nov 15 17:54:22 2021]
Finished job 45.
75 of 122 steps (61%) done
[Mon Nov 15 17:54:23 2021]
Finished job 68.
76 of 122 steps (62%) done
Select jobs to execute...

[Mon Nov 15 17:54:23 2021]
rule individual_transcript_analysis:
    input: Results/Genes_temp/GDF1/transcripts/TCONS00060364_protein.fa, Results/Genes_temp/GDF1/transcripts/TCONS00060364_func_iupred2a.txt, Results/Genes_temp/GDF1/transcripts/TCONS00060364_func_domains.gff3, Results/Genes_temp/GDF1/transcripts/TCONS00060364_func_sites.txt
    output: Results/Genes_temp/GDF1/transcripts/TCONS00060364_analysis.txt
    jobid: 66
    wildcards: gene=GDF1, transcript=TCONS00060364
    priority: 5
    resources: tmpdir=0, memory=10, time=1

[Mon Nov 15 17:54:24 2021]
Finished job 66.
77 of 122 steps (63%) done
[Mon Nov 15 17:54:24 2021]
Finished job 30.
78 of 122 steps (64%) done
Select jobs to execute...

[Mon Nov 15 17:54:24 2021]
rule individual_transcript_analysis:
    input: Results/Genes_temp/RENBP/transcripts/TCONS00119550_protein.fa, Results/Genes_temp/RENBP/transcripts/TCONS00119550_func_iupred2a.txt, Results/Genes_temp/RENBP/transcripts/TCONS00119550_func_domains.gff3, Results/Genes_temp/RENBP/transcripts/TCONS00119550_func_sites.txt
    output: Results/Genes_temp/RENBP/transcripts/TCONS00119550_analysis.txt
    jobid: 28
    wildcards: gene=RENBP, transcript=TCONS00119550
    priority: 5
    resources: tmpdir=0, memory=10, time=1

[Mon Nov 15 17:54:25 2021]
Finished job 28.
79 of 122 steps (65%) done
[Mon Nov 15 17:54:25 2021]
Finished job 43.
80 of 122 steps (66%) done
Select jobs to execute...

[Mon Nov 15 17:54:25 2021]
rule individual_transcript_analysis:
    input: Results/Genes_temp/NRCAM/transcripts/TCONS00106498_protein.fa, Results/Genes_temp/NRCAM/transcripts/TCONS00106498_func_iupred2a.txt, Results/Genes_temp/NRCAM/transcripts/TCONS00106498_func_domains.gff3, Results/Genes_temp/NRCAM/transcripts/TCONS00106498_func_sites.txt
    output: Results/Genes_temp/NRCAM/transcripts/TCONS00106498_analysis.txt
    jobid: 41
    wildcards: gene=NRCAM, transcript=TCONS00106498
    priority: 5
    resources: tmpdir=0, memory=10, time=1

[Mon Nov 15 17:54:25 2021]
Finished job 41.
81 of 122 steps (66%) done
[Mon Nov 15 17:54:25 2021]
Finished job 72.
82 of 122 steps (67%) done
Select jobs to execute...

[Mon Nov 15 17:54:25 2021]
rule individual_transcript_analysis:
    input: Results/Genes_temp/GDF1/transcripts/TCONS00060366_protein.fa, Results/Genes_temp/GDF1/transcripts/TCONS00060366_func_iupred2a.txt, Results/Genes_temp/GDF1/transcripts/TCONS00060366_func_domains.gff3, Results/Genes_temp/GDF1/transcripts/TCONS00060366_func_sites.txt
    output: Results/Genes_temp/GDF1/transcripts/TCONS00060366_analysis.txt
    jobid: 70
    wildcards: gene=GDF1, transcript=TCONS00060366
    priority: 5
    resources: tmpdir=0, memory=10, time=1

[Mon Nov 15 17:54:26 2021]
Finished job 110.
83 of 122 steps (68%) done
Select jobs to execute...

[Mon Nov 15 17:54:26 2021]
rule individual_transcript_analysis:
    input: Results/Genes_temp/SLC6A15/transcripts/TCONS00028810_protein.fa, Results/Genes_temp/SLC6A15/transcripts/TCONS00028810_func_iupred2a.txt, Results/Genes_temp/SLC6A15/transcripts/TCONS00028810_func_domains.gff3, Results/Genes_temp/SLC6A15/transcripts/TCONS00028810_func_sites.txt
    output: Results/Genes_temp/SLC6A15/transcripts/TCONS00028810_analysis.txt
    jobid: 108
    wildcards: gene=SLC6A15, transcript=TCONS00028810
    priority: 5
    resources: tmpdir=0, memory=10, time=1

[Mon Nov 15 17:54:26 2021]
Finished job 70.
84 of 122 steps (69%) done
[Mon Nov 15 17:54:26 2021]
Finished job 26.
85 of 122 steps (70%) done
Select jobs to execute...

[Mon Nov 15 17:54:26 2021]
rule individual_transcript_analysis:
    input: Results/Genes_temp/RENBP/transcripts/TCONS00119549_protein.fa, Results/Genes_temp/RENBP/transcripts/TCONS00119549_func_iupred2a.txt, Results/Genes_temp/RENBP/transcripts/TCONS00119549_func_domains.gff3, Results/Genes_temp/RENBP/transcripts/TCONS00119549_func_sites.txt
    output: Results/Genes_temp/RENBP/transcripts/TCONS00119549_analysis.txt
    jobid: 24
    wildcards: gene=RENBP, transcript=TCONS00119549
    priority: 5
    resources: tmpdir=0, memory=10, time=1

[Mon Nov 15 17:54:26 2021]
Finished job 108.
86 of 122 steps (70%) done
[Mon Nov 15 17:54:26 2021]
Finished job 64.
87 of 122 steps (71%) done
Select jobs to execute...

[Mon Nov 15 17:54:26 2021]
rule individual_transcript_analysis:
    input: Results/Genes_temp/GDF1/transcripts/TCONS00060363_protein.fa, Results/Genes_temp/GDF1/transcripts/TCONS00060363_func_iupred2a.txt, Results/Genes_temp/GDF1/transcripts/TCONS00060363_func_domains.gff3, Results/Genes_temp/GDF1/transcripts/TCONS00060363_func_sites.txt
    output: Results/Genes_temp/GDF1/transcripts/TCONS00060363_analysis.txt
    jobid: 62
    wildcards: gene=GDF1, transcript=TCONS00060363
    priority: 5
    resources: tmpdir=0, memory=10, time=1

[Mon Nov 15 17:54:26 2021]
Finished job 24.
88 of 122 steps (72%) done
Select jobs to execute...

[Mon Nov 15 17:54:26 2021]
rule aggregate_transcript_analysis:
    input: Results/Genes_temp/RENBP/transcripts/TCONS00119549_analysis.txt, Results/Genes_temp/RENBP/transcripts/TCONS00119550_analysis.txt, Results/Genes_temp/RENBP/RENBP_transcripts_stats.txt, Results/Genes_temp/RENBP
    output: Results/Genes/RENBP/RENBP_transcripts_filtered_analysis.txt, Results/Genes/RENBP/RENBP_transcripts_stats.txt
    jobid: 20
    wildcards: gene=RENBP
    priority: 5
    resources: tmpdir=0, memory=4, time=1

[Mon Nov 15 17:54:26 2021]
Finished job 20.
89 of 122 steps (73%) done
Select jobs to execute...

[Mon Nov 15 17:54:26 2021]
rule protein_coding_potential_analysis:
    input: Results/Genes/RENBP/RENBP_transcripts_filtered_analysis.txt, Results/Genes/RENBP/RENBP_transcripts_stats.txt, /project/owlmayerTemporary/Sid/isoform_analysis/github/Results/Quantification/counts_deseq2norm.txt, /project/owlmayerTemporary/Sid/isoform_analysis/github/Results/GffCompare/nanopore.combined.gtf
    output: Results/Genes/RENBP/RENBP_functional_analysis.pdf
    jobid: 19
    wildcards: gene=RENBP
    priority: 8
    resources: tmpdir=0, memory=16, time=1

[Mon Nov 15 17:54:26 2021]
Finished job 62.
90 of 122 steps (74%) done
Select jobs to execute...

[Mon Nov 15 17:54:26 2021]
rule aggregate_transcript_analysis:
    input: Results/Genes_temp/GDF1/transcripts/TCONS00060363_analysis.txt, Results/Genes_temp/GDF1/transcripts/TCONS00060364_analysis.txt, Results/Genes_temp/GDF1/transcripts/TCONS00060366_analysis.txt, Results/Genes_temp/GDF1/GDF1_transcripts_stats.txt, Results/Genes_temp/GDF1
    output: Results/Genes/GDF1/GDF1_transcripts_filtered_analysis.txt, Results/Genes/GDF1/GDF1_transcripts_stats.txt
    jobid: 8
    wildcards: gene=GDF1
    priority: 5
    resources: tmpdir=0, memory=4, time=1

[Mon Nov 15 17:54:26 2021]
Finished job 8.
91 of 122 steps (75%) done
Select jobs to execute...

[Mon Nov 15 17:54:26 2021]
rule protein_coding_potential_analysis:
    input: Results/Genes/GDF1/GDF1_transcripts_filtered_analysis.txt, Results/Genes/GDF1/GDF1_transcripts_stats.txt, /project/owlmayerTemporary/Sid/isoform_analysis/github/Results/Quantification/counts_deseq2norm.txt, /project/owlmayerTemporary/Sid/isoform_analysis/github/Results/GffCompare/nanopore.combined.gtf
    output: Results/Genes/GDF1/GDF1_functional_analysis.pdf
    jobid: 7
    wildcards: gene=GDF1
    priority: 8
    resources: tmpdir=0, memory=16, time=1

[Mon Nov 15 17:54:26 2021]
Finished job 35.
92 of 122 steps (75%) done
Select jobs to execute...

[Mon Nov 15 17:54:26 2021]
rule individual_transcript_analysis:
    input: Results/Genes_temp/NRCAM/transcripts/TCONS00103503_protein.fa, Results/Genes_temp/NRCAM/transcripts/TCONS00103503_func_iupred2a.txt, Results/Genes_temp/NRCAM/transcripts/TCONS00103503_func_domains.gff3, Results/Genes_temp/NRCAM/transcripts/TCONS00103503_func_sites.txt
    output: Results/Genes_temp/NRCAM/transcripts/TCONS00103503_analysis.txt
    jobid: 33
    wildcards: gene=NRCAM, transcript=TCONS00103503
    priority: 5
    resources: tmpdir=0, memory=10, time=1

[Mon Nov 15 17:54:26 2021]
Finished job 85.
93 of 122 steps (76%) done
Select jobs to execute...

[Mon Nov 15 17:54:26 2021]
rule individual_transcript_analysis:
    input: Results/Genes_temp/PFN2/transcripts/TCONS00084380_protein.fa, Results/Genes_temp/PFN2/transcripts/TCONS00084380_func_iupred2a.txt, Results/Genes_temp/PFN2/transcripts/TCONS00084380_func_domains.gff3, Results/Genes_temp/PFN2/transcripts/TCONS00084380_func_sites.txt
    output: Results/Genes_temp/PFN2/transcripts/TCONS00084380_analysis.txt
    jobid: 83
    wildcards: gene=PFN2, transcript=TCONS00084380
    priority: 5
    resources: tmpdir=0, memory=10, time=1

[Mon Nov 15 17:54:27 2021]
Finished job 33.
94 of 122 steps (77%) done
[Mon Nov 15 17:54:27 2021]
Finished job 55.
95 of 122 steps (78%) done
Select jobs to execute...

[Mon Nov 15 17:54:27 2021]
rule individual_transcript_analysis:
    input: Results/Genes_temp/NRCAM/transcripts/TCONS00106501_protein.fa, Results/Genes_temp/NRCAM/transcripts/TCONS00106501_func_iupred2a.txt, Results/Genes_temp/NRCAM/transcripts/TCONS00106501_func_domains.gff3, Results/Genes_temp/NRCAM/transcripts/TCONS00106501_func_sites.txt
    output: Results/Genes_temp/NRCAM/transcripts/TCONS00106501_analysis.txt
    jobid: 53
    wildcards: gene=NRCAM, transcript=TCONS00106501
    priority: 5
    resources: tmpdir=0, memory=10, time=1

[Mon Nov 15 17:54:27 2021]
Finished job 114.
96 of 122 steps (79%) done
Select jobs to execute...

[Mon Nov 15 17:54:27 2021]
rule individual_transcript_analysis:
    input: Results/Genes_temp/SLC6A15/transcripts/TCONS00028812_protein.fa, Results/Genes_temp/SLC6A15/transcripts/TCONS00028812_func_iupred2a.txt, Results/Genes_temp/SLC6A15/transcripts/TCONS00028812_func_domains.gff3, Results/Genes_temp/SLC6A15/transcripts/TCONS00028812_func_sites.txt
    output: Results/Genes_temp/SLC6A15/transcripts/TCONS00028812_analysis.txt
    jobid: 112
    wildcards: gene=SLC6A15, transcript=TCONS00028812
    priority: 5
    resources: tmpdir=0, memory=10, time=1

[Mon Nov 15 17:54:27 2021]
Finished job 83.
97 of 122 steps (80%) done
[Mon Nov 15 17:54:27 2021]
Finished job 106.
98 of 122 steps (80%) done
Select jobs to execute...

[Mon Nov 15 17:54:27 2021]
rule individual_transcript_analysis:
    input: Results/Genes_temp/SLC6A15/transcripts/TCONS00028809_protein.fa, Results/Genes_temp/SLC6A15/transcripts/TCONS00028809_func_iupred2a.txt, Results/Genes_temp/SLC6A15/transcripts/TCONS00028809_func_domains.gff3, Results/Genes_temp/SLC6A15/transcripts/TCONS00028809_func_sites.txt
    output: Results/Genes_temp/SLC6A15/transcripts/TCONS00028809_analysis.txt
    jobid: 104
    wildcards: gene=SLC6A15, transcript=TCONS00028809
    priority: 5
    resources: tmpdir=0, memory=10, time=1

[Mon Nov 15 17:54:27 2021]
Finished job 53.
99 of 122 steps (81%) done
Select jobs to execute...

[Mon Nov 15 17:54:27 2021]
rule aggregate_transcript_analysis:
    input: Results/Genes_temp/NRCAM/transcripts/TCONS00103503_analysis.txt, Results/Genes_temp/NRCAM/transcripts/TCONS00106497_analysis.txt, Results/Genes_temp/NRCAM/transcripts/TCONS00106498_analysis.txt, Results/Genes_temp/NRCAM/transcripts/TCONS00106499_analysis.txt, Results/Genes_temp/NRCAM/transcripts/TCONS00106500_analysis.txt, Results/Genes_temp/NRCAM/transcripts/TCONS00106501_analysis.txt, Results/Genes_temp/NRCAM/transcripts/TCONS00106502_analysis.txt, Results/Genes_temp/NRCAM/NRCAM_transcripts_stats.txt, Results/Genes_temp/NRCAM
    output: Results/Genes/NRCAM/NRCAM_transcripts_filtered_analysis.txt, Results/Genes/NRCAM/NRCAM_transcripts_stats.txt
    jobid: 16
    wildcards: gene=NRCAM
    priority: 5
    resources: tmpdir=0, memory=4, time=1

[Mon Nov 15 17:54:27 2021]
Finished job 112.
100 of 122 steps (82%) done
[Mon Nov 15 17:54:27 2021]
Finished job 16.
101 of 122 steps (83%) done
Select jobs to execute...

[Mon Nov 15 17:54:27 2021]
rule protein_coding_potential_analysis:
    input: Results/Genes/NRCAM/NRCAM_transcripts_filtered_analysis.txt, Results/Genes/NRCAM/NRCAM_transcripts_stats.txt, /project/owlmayerTemporary/Sid/isoform_analysis/github/Results/Quantification/counts_deseq2norm.txt, /project/owlmayerTemporary/Sid/isoform_analysis/github/Results/GffCompare/nanopore.combined.gtf
    output: Results/Genes/NRCAM/NRCAM_functional_analysis.pdf
    jobid: 15
    wildcards: gene=NRCAM
    priority: 8
    resources: tmpdir=0, memory=16, time=1

[Mon Nov 15 17:54:27 2021]
Finished job 104.
102 of 122 steps (84%) done
[Mon Nov 15 17:54:27 2021]
Finished job 118.
103 of 122 steps (84%) done
Select jobs to execute...

[Mon Nov 15 17:54:27 2021]
rule individual_transcript_analysis:
    input: Results/Genes_temp/SLC6A15/transcripts/TCONS00028813_protein.fa, Results/Genes_temp/SLC6A15/transcripts/TCONS00028813_func_iupred2a.txt, Results/Genes_temp/SLC6A15/transcripts/TCONS00028813_func_domains.gff3, Results/Genes_temp/SLC6A15/transcripts/TCONS00028813_func_sites.txt
    output: Results/Genes_temp/SLC6A15/transcripts/TCONS00028813_analysis.txt
    jobid: 116
    wildcards: gene=SLC6A15, transcript=TCONS00028813
    priority: 5
    resources: tmpdir=0, memory=10, time=1

[Mon Nov 15 17:54:27 2021]
Finished job 81.
104 of 122 steps (85%) done
[Mon Nov 15 17:54:27 2021]
Finished job 116.
105 of 122 steps (86%) done
Select jobs to execute...

[Mon Nov 15 17:54:27 2021]
rule individual_transcript_analysis:
    input: Results/Genes_temp/PFN2/transcripts/TCONS00084372_protein.fa, Results/Genes_temp/PFN2/transcripts/TCONS00084372_func_iupred2a.txt, Results/Genes_temp/PFN2/transcripts/TCONS00084372_func_domains.gff3, Results/Genes_temp/PFN2/transcripts/TCONS00084372_func_sites.txt
    output: Results/Genes_temp/PFN2/transcripts/TCONS00084372_analysis.txt
    jobid: 79
    wildcards: gene=PFN2, transcript=TCONS00084372
    priority: 5
    resources: tmpdir=0, memory=10, time=1

[Mon Nov 15 17:54:28 2021]
Finished job 79.
106 of 122 steps (87%) done
[Mon Nov 15 17:54:28 2021]
Finished job 89.
107 of 122 steps (88%) done
Select jobs to execute...

[Mon Nov 15 17:54:28 2021]
rule individual_transcript_analysis:
    input: Results/Genes_temp/PFN2/transcripts/TCONS00084381_protein.fa, Results/Genes_temp/PFN2/transcripts/TCONS00084381_func_iupred2a.txt, Results/Genes_temp/PFN2/transcripts/TCONS00084381_func_domains.gff3, Results/Genes_temp/PFN2/transcripts/TCONS00084381_func_sites.txt
    output: Results/Genes_temp/PFN2/transcripts/TCONS00084381_analysis.txt
    jobid: 87
    wildcards: gene=PFN2, transcript=TCONS00084381
    priority: 5
    resources: tmpdir=0, memory=10, time=1

[Mon Nov 15 17:54:28 2021]
Finished job 87.
108 of 122 steps (89%) done
Select jobs to execute...

[Mon Nov 15 17:54:28 2021]
rule aggregate_transcript_analysis:
    input: Results/Genes_temp/PFN2/transcripts/TCONS00080864_analysis.txt, Results/Genes_temp/PFN2/transcripts/TCONS00084372_analysis.txt, Results/Genes_temp/PFN2/transcripts/TCONS00084380_analysis.txt, Results/Genes_temp/PFN2/transcripts/TCONS00084381_analysis.txt, Results/Genes_temp/PFN2/PFN2_transcripts_stats.txt, Results/Genes_temp/PFN2
    output: Results/Genes/PFN2/PFN2_transcripts_filtered_analysis.txt, Results/Genes/PFN2/PFN2_transcripts_stats.txt
    jobid: 12
    wildcards: gene=PFN2
    priority: 5
    resources: tmpdir=0, memory=4, time=1

[Mon Nov 15 17:54:28 2021]
Finished job 12.
109 of 122 steps (89%) done
Select jobs to execute...

[Mon Nov 15 17:54:28 2021]
rule protein_coding_potential_analysis:
    input: Results/Genes/PFN2/PFN2_transcripts_filtered_analysis.txt, Results/Genes/PFN2/PFN2_transcripts_stats.txt, /project/owlmayerTemporary/Sid/isoform_analysis/github/Results/Quantification/counts_deseq2norm.txt, /project/owlmayerTemporary/Sid/isoform_analysis/github/Results/GffCompare/nanopore.combined.gtf
    output: Results/Genes/PFN2/PFN2_functional_analysis.pdf
    jobid: 11
    wildcards: gene=PFN2
    priority: 8
    resources: tmpdir=0, memory=16, time=1

[Mon Nov 15 17:54:34 2021]
Finished job 94.
110 of 122 steps (90%) done
Select jobs to execute...

[Mon Nov 15 17:54:34 2021]
rule individual_transcript_analysis:
    input: Results/Genes_temp/SLC6A15/transcripts/TCONS00025538_protein.fa, Results/Genes_temp/SLC6A15/transcripts/TCONS00025538_func_iupred2a.txt, Results/Genes_temp/SLC6A15/transcripts/TCONS00025538_func_domains.gff3, Results/Genes_temp/SLC6A15/transcripts/TCONS00025538_func_sites.txt
    output: Results/Genes_temp/SLC6A15/transcripts/TCONS00025538_analysis.txt
    jobid: 92
    wildcards: gene=SLC6A15, transcript=TCONS00025538
    priority: 5
    resources: tmpdir=0, memory=10, time=1

[Mon Nov 15 17:54:34 2021]
Finished job 92.
111 of 122 steps (91%) done
[Mon Nov 15 17:54:36 2021]
Finished job 122.
112 of 122 steps (92%) done
Select jobs to execute...

[Mon Nov 15 17:54:36 2021]
rule individual_transcript_analysis:
    input: Results/Genes_temp/SLC6A15/transcripts/TCONS00028816_protein.fa, Results/Genes_temp/SLC6A15/transcripts/TCONS00028816_func_iupred2a.txt, Results/Genes_temp/SLC6A15/transcripts/TCONS00028816_func_domains.gff3, Results/Genes_temp/SLC6A15/transcripts/TCONS00028816_func_sites.txt
    output: Results/Genes_temp/SLC6A15/transcripts/TCONS00028816_analysis.txt
    jobid: 120
    wildcards: gene=SLC6A15, transcript=TCONS00028816
    priority: 5
    resources: tmpdir=0, memory=10, time=1

[Mon Nov 15 17:54:36 2021]
Finished job 120.
113 of 122 steps (93%) done
[Mon Nov 15 17:54:37 2021]
Finished job 98.
114 of 122 steps (93%) done
Select jobs to execute...

[Mon Nov 15 17:54:37 2021]
rule individual_transcript_analysis:
    input: Results/Genes_temp/SLC6A15/transcripts/TCONS00025541_protein.fa, Results/Genes_temp/SLC6A15/transcripts/TCONS00025541_func_iupred2a.txt, Results/Genes_temp/SLC6A15/transcripts/TCONS00025541_func_domains.gff3, Results/Genes_temp/SLC6A15/transcripts/TCONS00025541_func_sites.txt
    output: Results/Genes_temp/SLC6A15/transcripts/TCONS00025541_analysis.txt
    jobid: 96
    wildcards: gene=SLC6A15, transcript=TCONS00025541
    priority: 5
    resources: tmpdir=0, memory=10, time=1

[Mon Nov 15 17:54:37 2021]
Finished job 96.
115 of 122 steps (94%) done
Select jobs to execute...

[Mon Nov 15 17:54:37 2021]
rule aggregate_transcript_analysis:
    input: Results/Genes_temp/SLC6A15/transcripts/TCONS00025538_analysis.txt, Results/Genes_temp/SLC6A15/transcripts/TCONS00025541_analysis.txt, Results/Genes_temp/SLC6A15/transcripts/TCONS00025539_analysis.txt, Results/Genes_temp/SLC6A15/transcripts/TCONS00028809_analysis.txt, Results/Genes_temp/SLC6A15/transcripts/TCONS00028810_analysis.txt, Results/Genes_temp/SLC6A15/transcripts/TCONS00028812_analysis.txt, Results/Genes_temp/SLC6A15/transcripts/TCONS00028813_analysis.txt, Results/Genes_temp/SLC6A15/transcripts/TCONS00028816_analysis.txt, Results/Genes_temp/SLC6A15/transcripts/TCONS00028817_analysis.txt, Results/Genes_temp/SLC6A15/SLC6A15_transcripts_stats.txt, Results/Genes_temp/SLC6A15
    output: Results/Genes/SLC6A15/SLC6A15_transcripts_filtered_analysis.txt, Results/Genes/SLC6A15/SLC6A15_transcripts_stats.txt
    jobid: 4
    wildcards: gene=SLC6A15
    priority: 5
    resources: tmpdir=0, memory=4, time=1

[Mon Nov 15 17:54:37 2021]
Finished job 4.
116 of 122 steps (95%) done
Select jobs to execute...

[Mon Nov 15 17:54:37 2021]
rule protein_coding_potential_analysis:
    input: Results/Genes/SLC6A15/SLC6A15_transcripts_filtered_analysis.txt, Results/Genes/SLC6A15/SLC6A15_transcripts_stats.txt, /project/owlmayerTemporary/Sid/isoform_analysis/github/Results/Quantification/counts_deseq2norm.txt, /project/owlmayerTemporary/Sid/isoform_analysis/github/Results/GffCompare/nanopore.combined.gtf
    output: Results/Genes/SLC6A15/SLC6A15_functional_analysis.pdf
    jobid: 3
    wildcards: gene=SLC6A15
    priority: 8
    resources: tmpdir=0, memory=16, time=1

[Mon Nov 15 17:54:49 2021]
Finished job 7.
117 of 122 steps (96%) done
[Mon Nov 15 17:54:50 2021]
Finished job 15.
118 of 122 steps (97%) done
[Mon Nov 15 17:54:50 2021]
Finished job 19.
119 of 122 steps (98%) done
[Mon Nov 15 17:54:53 2021]
Finished job 11.
120 of 122 steps (98%) done
[Mon Nov 15 17:54:59 2021]
Finished job 3.
121 of 122 steps (99%) done
Select jobs to execute...

[Mon Nov 15 17:54:59 2021]
rule output_combine_files:
    input: Results/Genes/SLC6A15/SLC6A15_functional_analysis.pdf, Results/Genes/GDF1/GDF1_functional_analysis.pdf, Results/Genes/PFN2/PFN2_functional_analysis.pdf, Results/Genes/NRCAM/NRCAM_functional_analysis.pdf, Results/Genes/RENBP/RENBP_functional_analysis.pdf, Results/Genes_temp
    output: Results/Output/test.pdf
    jobid: 0
    priority: 5
    resources: tmpdir=0, memory=4, time=1

[Mon Nov 15 17:54:59 2021]
Finished job 0.
122 of 122 steps (100%) done
Complete log: /home/annaldas/projects/IsoTV/.snakemake/log/2021-11-15T175321.764251.snakemake.log
