The flag 'directory' used in rule aggregate_transcript_analysis is only valid for outputs, not inputs.
The flag 'directory' used in rule output_combine_files is only valid for outputs, not inputs.
Building DAG of jobs...
Using shell: /bin/bash
Provided cores: 32
Rules claiming more threads will be scaled down.
Conda environments: ignored
Job counts:
	count	jobs
	1	all
	1	gene_filter
	1	output_combine_files
	3
Select jobs to execute...

[Mon Apr  5 12:39:23 2021]
checkpoint gene_filter:
    input: /project/owlmayerTemporary/Sid/ForOlga/Sequence/OlgaGenes.fa
    output: Results/Genes_temp
    jobid: 2
Downstream jobs will be updated after completion.

Updating job output_combine_files.
[Mon Apr  5 12:39:23 2021]
Finished job 2.
1 of 9 steps (11%) done
Select jobs to execute...

[Mon Apr  5 12:39:23 2021]
rule gene_to_transcripts:
    input: /project/owlmayerTemporary/Sid/isoform_analysis/goeke/Results/GffCompare/nanopore.combined.gtf, /project/owlmayerTemporary/Sid/ForOlga/Sequence/OlgaGenes.fa, Results/Genes_temp/ADAR1Spec
    output: Results/Genes_temp/ADAR1Spec/ADAR1Spec_seq.fa
    jobid: 8
    wildcards: gene=ADAR1Spec
    priority: 8
    resources: memory=10, time=1, tmpdir=0

[Mon Apr  5 12:39:23 2021]
rule protein_coding_potential_analysis:
    input: Results/Genes/DHX9/DHX9_transcripts_filtered_analysis.txt, Results/Genes/DHX9/DHX9_transcripts_stats.txt, /project/owlmayerTemporary/Sid/ForOlga/Sequence/OlgaGenes.fa, /project/owlmayerTemporary/Sid/isoform_analysis/goeke/Results/GffCompare/nanopore.combined.gtf
    output: Results/Genes/DHX9/DHX9_functional_analysis.pdf
    jobid: 9
    wildcards: gene=DHX9
    priority: 8
    resources: memory=16, time=1, tmpdir=0


[Mon Apr  5 12:39:23 2021]
rule protein_coding_potential_analysis:
    input: Results/Genes/ADAR1/ADAR1_transcripts_filtered_analysis.txt, Results/Genes/ADAR1/ADAR1_transcripts_stats.txt, /project/owlmayerTemporary/Sid/ForOlga/Sequence/OlgaGenes.fa, /project/owlmayerTemporary/Sid/isoform_analysis/goeke/Results/GffCompare/nanopore.combined.gtf
    output: Results/Genes/ADAR1/ADAR1_functional_analysis.pdf
    jobid: 4
    wildcards: gene=ADAR1
    priority: 8
    resources: memory=16, time=1, tmpdir=0

[Mon Apr  5 12:39:24 2021]
Finished job 8.
2 of 9 steps (22%) done
Select jobs to execute...

[Mon Apr  5 12:39:24 2021]
checkpoint translation_to_protein:
    input: Results/Genes_temp/ADAR1Spec/ADAR1Spec_seq.fa
    output: Results/Genes_temp/ADAR1Spec/transcripts, Results/Genes_temp/ADAR1Spec/ADAR1Spec_transcripts_stats.txt
    jobid: 7
    wildcards: gene=ADAR1Spec
    priority: 10
    resources: memory=10, time=1, tmpdir=0
Downstream jobs will be updated after completion.

Updating job aggregate_transcript_analysis.
[Mon Apr  5 12:39:25 2021]
Finished job 7.
3 of 19 steps (16%) done
Select jobs to execute...

[Mon Apr  5 12:39:25 2021]
rule interpro_scan:
    input: Results/Genes_temp/ADAR1Spec/transcripts/P552655_protein.fa
    output: Results/Genes_temp/ADAR1Spec/transcripts/P552655_func_domains.gff3
    jobid: 18
    wildcards: gene=ADAR1Spec, transcript=P552655
    priority: 8
    resources: memory=16, time=1, tmpdir=0


[Mon Apr  5 12:39:25 2021]
rule brewery_analysis:
    input: Results/Genes_temp/ADAR1Spec/transcripts/P552655_protein.fa
    output: Results/Genes_temp/ADAR1Spec/transcripts/P552655_protein.fa.ss3
    jobid: 19
    wildcards: gene=ADAR1Spec, transcript=P552655
    priority: 10
    threads: 16
    resources: memory=8, time=1, tmpdir=16


[Mon Apr  5 12:39:25 2021]
rule interpro_scan:
    input: Results/Genes_temp/ADAR1Spec/transcripts/P552651_protein.fa
    output: Results/Genes_temp/ADAR1Spec/transcripts/P552651_func_domains.gff3
    jobid: 13
    wildcards: gene=ADAR1Spec, transcript=P552651
    priority: 8
    resources: memory=16, time=1, tmpdir=0


[Mon Apr  5 12:39:25 2021]
rule functional_site_analysis:
    input: Results/Genes_temp/ADAR1Spec/transcripts/P552651_protein.fa
    output: Results/Genes_temp/ADAR1Spec/transcripts/P552651_func_sites.txt
    jobid: 15
    wildcards: gene=ADAR1Spec, transcript=P552651
    priority: 8
    resources: memory=10, time=1, tmpdir=0


[Mon Apr  5 12:39:25 2021]
rule iupred2a_analysis:
    input: Results/Genes_temp/ADAR1Spec/transcripts/P552655_protein.fa, /home/annaldas/iupred2a/iupred2a.py
    output: Results/Genes_temp/ADAR1Spec/transcripts/P552655_sequence.txt, Results/Genes_temp/ADAR1Spec/transcripts/P552655_func_iupred2a.txt
    jobid: 17
    wildcards: gene=ADAR1Spec, transcript=P552655
    priority: 8
    resources: memory=10, time=1, tmpdir=0


[Mon Apr  5 12:39:25 2021]
rule functional_site_analysis:
    input: Results/Genes_temp/ADAR1Spec/transcripts/P552655_protein.fa
    output: Results/Genes_temp/ADAR1Spec/transcripts/P552655_func_sites.txt
    jobid: 20
    wildcards: gene=ADAR1Spec, transcript=P552655
    priority: 8
    resources: memory=10, time=1, tmpdir=0


[Mon Apr  5 12:39:25 2021]
rule iupred2a_analysis:
    input: Results/Genes_temp/ADAR1Spec/transcripts/P552651_protein.fa, /home/annaldas/iupred2a/iupred2a.py
    output: Results/Genes_temp/ADAR1Spec/transcripts/P552651_sequence.txt, Results/Genes_temp/ADAR1Spec/transcripts/P552651_func_iupred2a.txt
    jobid: 12
    wildcards: gene=ADAR1Spec, transcript=P552651
    priority: 8
    resources: memory=10, time=1, tmpdir=0

[Mon Apr  5 12:39:25 2021]
Finished job 17.
4 of 19 steps (21%) done
Select jobs to execute...
[Mon Apr  5 12:39:25 2021]
Finished job 12.
5 of 19 steps (26%) done
Select jobs to execute...
[Mon Apr  5 12:39:29 2021]
Finished job 9.
6 of 19 steps (32%) done
Select jobs to execute...
[Mon Apr  5 12:39:41 2021]
Finished job 15.
7 of 19 steps (37%) done
Select jobs to execute...
[Mon Apr  5 12:39:42 2021]
Finished job 20.
8 of 19 steps (42%) done
Select jobs to execute...
[Mon Apr  5 12:39:42 2021]
Finished job 4.
9 of 19 steps (47%) done
Select jobs to execute...
[Mon Apr  5 12:40:04 2021]
Finished job 18.
10 of 19 steps (53%) done
Select jobs to execute...
[Mon Apr  5 12:40:05 2021]
Finished job 13.
11 of 19 steps (58%) done
Select jobs to execute...

[Mon Apr  5 12:40:05 2021]
rule brewery_analysis:
    input: Results/Genes_temp/ADAR1Spec/transcripts/P552651_protein.fa
    output: Results/Genes_temp/ADAR1Spec/transcripts/P552651_protein.fa.ss3
    jobid: 14
    wildcards: gene=ADAR1Spec, transcript=P552651
    priority: 10
    threads: 16
    resources: memory=8, time=1, tmpdir=16

[Mon Apr  5 12:41:41 2021]
Finished job 19.
12 of 19 steps (63%) done
Select jobs to execute...

[Mon Apr  5 12:41:41 2021]
rule individual_transcript_analysis:
    input: Results/Genes_temp/ADAR1Spec/transcripts/P552655_protein.fa, Results/Genes_temp/ADAR1Spec/transcripts/P552655_func_iupred2a.txt, Results/Genes_temp/ADAR1Spec/transcripts/P552655_func_domains.gff3, Results/Genes_temp/ADAR1Spec/transcripts/P552655_protein.fa.ss3, Results/Genes_temp/ADAR1Spec/transcripts/P552655_func_sites.txt
    output: Results/Genes_temp/ADAR1Spec/transcripts/P552655_analysis.txt
    jobid: 16
    wildcards: gene=ADAR1Spec, transcript=P552655
    priority: 5
    resources: memory=10, time=1, tmpdir=0

[Mon Apr  5 12:41:41 2021]
Finished job 16.
13 of 19 steps (68%) done
[Mon Apr  5 12:42:59 2021]
Finished job 14.
14 of 19 steps (74%) done
Select jobs to execute...

[Mon Apr  5 12:42:59 2021]
rule individual_transcript_analysis:
    input: Results/Genes_temp/ADAR1Spec/transcripts/P552651_protein.fa, Results/Genes_temp/ADAR1Spec/transcripts/P552651_func_iupred2a.txt, Results/Genes_temp/ADAR1Spec/transcripts/P552651_func_domains.gff3, Results/Genes_temp/ADAR1Spec/transcripts/P552651_protein.fa.ss3, Results/Genes_temp/ADAR1Spec/transcripts/P552651_func_sites.txt
    output: Results/Genes_temp/ADAR1Spec/transcripts/P552651_analysis.txt
    jobid: 11
    wildcards: gene=ADAR1Spec, transcript=P552651
    priority: 5
    resources: memory=10, time=1, tmpdir=0

[Mon Apr  5 12:42:59 2021]
Finished job 11.
15 of 19 steps (79%) done
Select jobs to execute...

[Mon Apr  5 12:42:59 2021]
rule aggregate_transcript_analysis:
    input: Results/Genes_temp/ADAR1Spec/transcripts/P552651_analysis.txt, Results/Genes_temp/ADAR1Spec/transcripts/P552655_analysis.txt, Results/Genes_temp/ADAR1Spec/ADAR1Spec_transcripts_stats.txt, Results/Genes_temp/ADAR1Spec
    output: Results/Genes/ADAR1Spec/ADAR1Spec_transcripts_filtered_analysis.txt, Results/Genes/ADAR1Spec/ADAR1Spec_transcripts_stats.txt
    jobid: 6
    wildcards: gene=ADAR1Spec
    priority: 5
    resources: memory=4, time=1, tmpdir=0

[Mon Apr  5 12:42:59 2021]
Finished job 6.
16 of 19 steps (84%) done
Select jobs to execute...

[Mon Apr  5 12:42:59 2021]
rule protein_coding_potential_analysis:
    input: Results/Genes/ADAR1Spec/ADAR1Spec_transcripts_filtered_analysis.txt, Results/Genes/ADAR1Spec/ADAR1Spec_transcripts_stats.txt, /project/owlmayerTemporary/Sid/ForOlga/Sequence/OlgaGenes.fa, /project/owlmayerTemporary/Sid/isoform_analysis/goeke/Results/GffCompare/nanopore.combined.gtf
    output: Results/Genes/ADAR1Spec/ADAR1Spec_functional_analysis.pdf
    jobid: 5
    wildcards: gene=ADAR1Spec
    priority: 8
    resources: memory=16, time=1, tmpdir=0

[Mon Apr  5 12:43:06 2021]
Finished job 5.
17 of 19 steps (89%) done
Select jobs to execute...

[Mon Apr  5 12:43:06 2021]
rule output_combine_files:
    input: Results/Genes/ADAR1/ADAR1_functional_analysis.pdf, Results/Genes/ADAR1Spec/ADAR1Spec_functional_analysis.pdf, Results/Genes/DHX9/DHX9_functional_analysis.pdf, Results/Genes_temp
    output: Results/Output/OlgaIsoforms.pdf
    jobid: 1
    priority: 5
    resources: memory=4, time=1, tmpdir=0

[Mon Apr  5 12:43:07 2021]
Finished job 1.
18 of 19 steps (95%) done
Select jobs to execute...

[Mon Apr  5 12:43:07 2021]
localrule all:
    input: Results/Output/OlgaIsoforms.pdf
    jobid: 0

[Mon Apr  5 12:43:07 2021]
Finished job 0.
19 of 19 steps (100%) done
Complete log: /home/annaldas/projects/IsoTV/.snakemake/log/2021-04-05T123921.939482.snakemake.log
