The flag 'directory' used in rule aggregate_transcript_analysis is only valid for outputs, not inputs.
The flag 'directory' used in rule output_combine_files is only valid for outputs, not inputs.
Building DAG of jobs...
Using shell: /usr/bin/bash
Provided cores: 8
Rules claiming more threads will be scaled down.
Job stats:
job                    count    min threads    max threads
-------------------  -------  -------------  -------------
CalculateDeSeq2Norm        1              1              1
all                        1              1              1
total                      2              1              1

Select jobs to execute...

[Tue Nov 16 20:00:39 2021]
rule CalculateDeSeq2Norm:
    input: Results/Quantification/counts.txt
    output: Results/Quantification/counts_deseq2norm.txt
    jobid: 1
    resources: tmpdir=/tmp, memory=4, time=1

Activating conda environment: /scratch/sjannalda/projects/SGNEX/.snakemake/conda/8cd5a41f3048a0bd2e4511f192ec6b44
[Tue Nov 16 20:00:48 2021]
Error in rule CalculateDeSeq2Norm:
    jobid: 1
    output: Results/Quantification/counts_deseq2norm.txt
    conda-env: /scratch/sjannalda/projects/SGNEX/.snakemake/conda/8cd5a41f3048a0bd2e4511f192ec6b44

RuleException:
CalledProcessError in line 44 of /scratch/sjannalda/IsoTV/workflow/rules/quantification.smk:
Command 'source /home/sjannalda/miniconda3/bin/activate '/scratch/sjannalda/projects/SGNEX/.snakemake/conda/8cd5a41f3048a0bd2e4511f192ec6b44'; Rscript --vanilla /scratch/sjannalda/projects/SGNEX/.snakemake/scripts/tmpu91ji70g.deseq2norm.R' returned non-zero exit status 1.
  File "/scratch/sjannalda/IsoTV/workflow/rules/quantification.smk", line 44, in __rule_CalculateDeSeq2Norm
  File "/home/sjannalda/miniconda3/envs/snakemake/lib/python3.9/concurrent/futures/thread.py", line 52, in run
Shutting down, this might take some time.
Exiting because a job execution failed. Look above for error message
Complete log: /scratch/sjannalda/IsoTV/.snakemake/log/2021-11-16T200037.031279.snakemake.log
