The flag 'directory' used in rule aggregate_transcript_analysis is only valid for outputs, not inputs.
The flag 'directory' used in rule output_combine_files is only valid for outputs, not inputs.
Building DAG of jobs...
Using shell: /bin/bash
Provided cores: 32
Rules claiming more threads will be scaled down.
Conda environments: ignored
Job counts:
	count	jobs
	1	all
	1	gene_filter
	1	output_combine_files
	3
Select jobs to execute...

[Mon Apr  5 12:03:07 2021]
checkpoint gene_filter:
    input: /project/owlmayerTemporary/Sid/ForOlga/Sequence/OlgaGenes.fa
    output: Results/Genes_temp
    jobid: 2
Downstream jobs will be updated after completion.

Updating job output_combine_files.
[Mon Apr  5 12:03:08 2021]
Finished job 2.
1 of 7 steps (14%) done
Select jobs to execute...

[Mon Apr  5 12:03:08 2021]
rule gene_to_transcripts:
    input: /project/owlmayerTemporary/Sid/isoform_analysis/goeke/Results/GffCompare/nanopore.combined.gtf, /project/owlmayerTemporary/Sid/ForOlga/Sequence/OlgaGenes.fa, Results/Genes_temp/DHX9
    output: Results/Genes_temp/DHX9/DHX9_seq.fa
    jobid: 7
    wildcards: gene=DHX9
    priority: 8
    resources: memory=10, time=1, tmpdir=0

[Mon Apr  5 12:03:09 2021]
Finished job 7.
2 of 7 steps (29%) done
Select jobs to execute...

[Mon Apr  5 12:03:09 2021]
checkpoint translation_to_protein:
    input: Results/Genes_temp/DHX9/DHX9_seq.fa
    output: Results/Genes_temp/DHX9/transcripts, Results/Genes_temp/DHX9/DHX9_transcripts_stats.txt
    jobid: 6
    wildcards: gene=DHX9
    priority: 10
    resources: memory=10, time=1, tmpdir=0
Downstream jobs will be updated after completion.

Updating job aggregate_transcript_analysis.
[Mon Apr  5 12:03:09 2021]
Finished job 6.
3 of 17 steps (18%) done
Select jobs to execute...

[Mon Apr  5 12:03:09 2021]
rule iupred2a_analysis:
    input: Results/Genes_temp/DHX9/transcripts/Q082111_protein.fa, /home/annaldas/iupred2a/iupred2a.py
    output: Results/Genes_temp/DHX9/transcripts/Q082111_sequence.txt, Results/Genes_temp/DHX9/transcripts/Q082111_func_iupred2a.txt
    jobid: 10
    wildcards: gene=DHX9, transcript=Q082111
    priority: 8
    resources: memory=10, time=1, tmpdir=0


[Mon Apr  5 12:03:09 2021]
rule brewery_analysis:
    input: Results/Genes_temp/DHX9/transcripts/Q082111_protein.fa
    output: Results/Genes_temp/DHX9/transcripts/Q082111_protein.fa.ss3
    jobid: 12
    wildcards: gene=DHX9, transcript=Q082111
    priority: 10
    threads: 16
    resources: memory=8, time=1, tmpdir=16


[Mon Apr  5 12:03:09 2021]
rule functional_site_analysis:
    input: Results/Genes_temp/DHX9/transcripts/Q082111_protein.fa
    output: Results/Genes_temp/DHX9/transcripts/Q082111_func_sites.txt
    jobid: 13
    wildcards: gene=DHX9, transcript=Q082111
    priority: 8
    resources: memory=10, time=1, tmpdir=0


[Mon Apr  5 12:03:09 2021]
rule iupred2a_analysis:
    input: Results/Genes_temp/DHX9/transcripts/Q082112_protein.fa, /home/annaldas/iupred2a/iupred2a.py
    output: Results/Genes_temp/DHX9/transcripts/Q082112_sequence.txt, Results/Genes_temp/DHX9/transcripts/Q082112_func_iupred2a.txt
    jobid: 15
    wildcards: gene=DHX9, transcript=Q082112
    priority: 8
    resources: memory=10, time=1, tmpdir=0


[Mon Apr  5 12:03:09 2021]
rule interpro_scan:
    input: Results/Genes_temp/DHX9/transcripts/Q082111_protein.fa
    output: Results/Genes_temp/DHX9/transcripts/Q082111_func_domains.gff3
    jobid: 11
    wildcards: gene=DHX9, transcript=Q082111
    priority: 8
    resources: memory=16, time=1, tmpdir=0


[Mon Apr  5 12:03:09 2021]
rule interpro_scan:
    input: Results/Genes_temp/DHX9/transcripts/Q082112_protein.fa
    output: Results/Genes_temp/DHX9/transcripts/Q082112_func_domains.gff3
    jobid: 16
    wildcards: gene=DHX9, transcript=Q082112
    priority: 8
    resources: memory=16, time=1, tmpdir=0


[Mon Apr  5 12:03:09 2021]
rule functional_site_analysis:
    input: Results/Genes_temp/DHX9/transcripts/Q082112_protein.fa
    output: Results/Genes_temp/DHX9/transcripts/Q082112_func_sites.txt
    jobid: 18
    wildcards: gene=DHX9, transcript=Q082112
    priority: 8
    resources: memory=10, time=1, tmpdir=0

[Mon Apr  5 12:03:10 2021]
Finished job 15.
4 of 17 steps (24%) done
Select jobs to execute...
[Mon Apr  5 12:03:10 2021]
Finished job 10.
5 of 17 steps (29%) done
Select jobs to execute...
[Mon Apr  5 12:03:23 2021]
Finished job 18.
6 of 17 steps (35%) done
Select jobs to execute...
[Mon Apr  5 12:03:27 2021]
Error in rule interpro_scan:
    jobid: 11
    output: Results/Genes_temp/DHX9/transcripts/Q082111_func_domains.gff3
    shell:
        sh  /home/annaldas/my_interproscan/interproscan-5.38-76.0/interproscan.sh -i Results/Genes_temp/DHX9/transcripts/Q082111_protein.fa -o Results/Genes_temp/DHX9/transcripts/Q082111_func_domains.gff3 -f GFF3 -appl Pfam -dra
        (one of the commands exited with non-zero exit code; note that snakemake uses bash strict mode!)

[Mon Apr  5 12:03:27 2021]
Finished job 13.
7 of 17 steps (41%) done
[Mon Apr  5 12:03:28 2021]
Error in rule interpro_scan:
    jobid: 16
    output: Results/Genes_temp/DHX9/transcripts/Q082112_func_domains.gff3
    shell:
        sh  /home/annaldas/my_interproscan/interproscan-5.38-76.0/interproscan.sh -i Results/Genes_temp/DHX9/transcripts/Q082112_protein.fa -o Results/Genes_temp/DHX9/transcripts/Q082112_func_domains.gff3 -f GFF3 -appl Pfam -dra
        (one of the commands exited with non-zero exit code; note that snakemake uses bash strict mode!)

Terminating processes on user request, this might take some time.
[Mon Apr  5 12:05:16 2021]
Error in rule brewery_analysis:
    jobid: 12
    output: Results/Genes_temp/DHX9/transcripts/Q082111_protein.fa.ss3
    shell:
        python3 /home/annaldas/Brewery/Brewery.py -i Results/Genes_temp/DHX9/transcripts/Q082111_protein.fa --cpu 8 --noTA --noSA --noCD --fast
        (one of the commands exited with non-zero exit code; note that snakemake uses bash strict mode!)

Complete log: /home/annaldas/projects/IsoTV/.snakemake/log/2021-04-05T120306.707950.snakemake.log
