The flag 'directory' used in rule aggregate_transcript_analysis is only valid for outputs, not inputs.
The flag 'directory' used in rule output_combine_files is only valid for outputs, not inputs.
Building DAG of jobs...
Using shell: /usr/bin/bash
Provided cores: 8
Rules claiming more threads will be scaled down.
Job stats:
job                    count    min threads    max threads
-------------------  -------  -------------  -------------
CalculateDeSeq2Norm        1              1              1
ConcatenateCounts          1              1              1
CountTranscripts           2              1              1
all                        1              1              1
total                      5              1              1

Select jobs to execute...

[Wed Nov 17 00:13:01 2021]
rule CountTranscripts:
    input: IGV/HEPG2_1.transcriptome.bam
    output: Results/Quantification/HEPG2_1.counts
    jobid: 24
    wildcards: sample=HEPG2_1
    resources: tmpdir=/tmp, memory=4, time=1

Activating conda environment: /scratch/sjannalda/projects/SGNEX/.snakemake/conda/f2e55bf4fc874467f187857759540083

[Wed Nov 17 00:13:02 2021]
rule CountTranscripts:
    input: IGV/HCT116_1.transcriptome.bam
    output: Results/Quantification/HCT116_1.counts
    jobid: 17
    wildcards: sample=HCT116_1
    resources: tmpdir=/tmp, memory=4, time=1

Activating conda environment: /scratch/sjannalda/projects/SGNEX/.snakemake/conda/f2e55bf4fc874467f187857759540083
[Wed Nov 17 00:13:05 2021]
Finished job 17.
1 of 5 steps (20%) done
[Wed Nov 17 00:13:07 2021]
Finished job 24.
2 of 5 steps (40%) done
Select jobs to execute...

[Wed Nov 17 00:13:07 2021]
rule ConcatenateCounts:
    input: /scratch/sjannalda/projects/SGNEX/reference/gencode.v32.primary_assembly.annotation.gtf, Results/GffCompare/nanopore.combined.gtf, Results/Quantification/HCT116_1.counts, Results/Quantification/HEPG2_1.counts
    output: Results/Quantification/counts.txt
    jobid: 2
    resources: tmpdir=/tmp, memory=4, time=1

[Wed Nov 17 00:13:19 2021]
Finished job 2.
3 of 5 steps (60%) done
Select jobs to execute...

[Wed Nov 17 00:13:19 2021]
rule CalculateDeSeq2Norm:
    input: Results/Quantification/counts.txt
    output: Results/Quantification/counts_deseq2norm.txt
    jobid: 1
    resources: tmpdir=/tmp, memory=4, time=1

Activating conda environment: /scratch/sjannalda/projects/SGNEX/.snakemake/conda/8cd5a41f3048a0bd2e4511f192ec6b44
[Wed Nov 17 00:14:15 2021]
Finished job 1.
4 of 5 steps (80%) done
Select jobs to execute...

[Wed Nov 17 00:14:15 2021]
localrule all:
    input: Results/Quantification/counts_deseq2norm.txt
    jobid: 0
    resources: tmpdir=/tmp

[Wed Nov 17 00:14:15 2021]
Finished job 0.
5 of 5 steps (100%) done
Complete log: /scratch/sjannalda/IsoTV/.snakemake/log/2021-11-17T001250.729864.snakemake.log
