The flag 'directory' used in rule aggregate_transcript_analysis is only valid for outputs, not inputs.
The flag 'directory' used in rule output_combine_files is only valid for outputs, not inputs.
Building DAG of jobs...
Updating job output_combine_files.
Using shell: /bin/bash
Provided cores: 32
Rules claiming more threads will be scaled down.
Conda environments: ignored
Job stats:
job                                  count    min threads    max threads
---------------------------------  -------  -------------  -------------
all                                      1              1              1
output_combine_files                     1              1              1
protein_coding_potential_analysis        6              1              1
total                                    8              1              1

Select jobs to execute...

[Mon Nov 15 23:14:35 2021]
rule protein_coding_potential_analysis:
    input: Results/Genes/PFN2/PFN2_transcripts_filtered_analysis.txt, Results/Genes/PFN2/PFN2_transcripts_stats.txt, /project/owlmayerTemporary/Sid/isoform_analysis/github/Results/Quantification/counts_deseq2norm.txt, /project/owlmayerTemporary/Sid/isoform_analysis/github/Results/GffCompare/nanopore.combined.gtf
    output: Results/Genes/PFN2/PFN2_functional_analysis.pdf
    jobid: 7
    wildcards: gene=PFN2
    priority: 8
    resources: tmpdir=0, memory=16, time=1

[Mon Nov 15 23:14:35 2021]
rule protein_coding_potential_analysis:
    input: Results/Genes/GDF1/GDF1_transcripts_filtered_analysis.txt, Results/Genes/GDF1/GDF1_transcripts_stats.txt, /project/owlmayerTemporary/Sid/isoform_analysis/github/Results/Quantification/counts_deseq2norm.txt, /project/owlmayerTemporary/Sid/isoform_analysis/github/Results/GffCompare/nanopore.combined.gtf
    output: Results/Genes/GDF1/GDF1_functional_analysis.pdf
    jobid: 6
    wildcards: gene=GDF1
    priority: 8
    resources: tmpdir=0, memory=16, time=1

[Mon Nov 15 23:14:35 2021]
rule protein_coding_potential_analysis:
    input: Results/Genes/NRCAM/NRCAM_transcripts_filtered_analysis.txt, Results/Genes/NRCAM/NRCAM_transcripts_stats.txt, /project/owlmayerTemporary/Sid/isoform_analysis/github/Results/Quantification/counts_deseq2norm.txt, /project/owlmayerTemporary/Sid/isoform_analysis/github/Results/GffCompare/nanopore.combined.gtf
    output: Results/Genes/NRCAM/NRCAM_functional_analysis.pdf
    jobid: 8
    wildcards: gene=NRCAM
    priority: 8
    resources: tmpdir=0, memory=16, time=1

[Mon Nov 15 23:14:35 2021]
rule protein_coding_potential_analysis:
    input: Results/Genes/SLC6A15/SLC6A15_transcripts_filtered_analysis.txt, Results/Genes/SLC6A15/SLC6A15_transcripts_stats.txt, /project/owlmayerTemporary/Sid/isoform_analysis/github/Results/Quantification/counts_deseq2norm.txt, /project/owlmayerTemporary/Sid/isoform_analysis/github/Results/GffCompare/nanopore.combined.gtf
    output: Results/Genes/SLC6A15/SLC6A15_functional_analysis.pdf
    jobid: 5
    wildcards: gene=SLC6A15
    priority: 8
    resources: tmpdir=0, memory=16, time=1

[Mon Nov 15 23:14:35 2021]
rule protein_coding_potential_analysis:
    input: Results/Genes/PRKCZ/PRKCZ_transcripts_filtered_analysis.txt, Results/Genes/PRKCZ/PRKCZ_transcripts_stats.txt, /project/owlmayerTemporary/Sid/isoform_analysis/github/Results/Quantification/counts_deseq2norm.txt, /project/owlmayerTemporary/Sid/isoform_analysis/github/Results/GffCompare/nanopore.combined.gtf
    output: Results/Genes/PRKCZ/PRKCZ_functional_analysis.pdf
    jobid: 4
    wildcards: gene=PRKCZ
    priority: 8
    resources: tmpdir=0, memory=16, time=1

[Mon Nov 15 23:14:35 2021]
rule protein_coding_potential_analysis:
    input: Results/Genes/RENBP/RENBP_transcripts_filtered_analysis.txt, Results/Genes/RENBP/RENBP_transcripts_stats.txt, /project/owlmayerTemporary/Sid/isoform_analysis/github/Results/Quantification/counts_deseq2norm.txt, /project/owlmayerTemporary/Sid/isoform_analysis/github/Results/GffCompare/nanopore.combined.gtf
    output: Results/Genes/RENBP/RENBP_functional_analysis.pdf
    jobid: 9
    wildcards: gene=RENBP
    priority: 8
    resources: tmpdir=0, memory=16, time=1

[Mon Nov 15 23:14:59 2021]
Finished job 6.
1 of 8 steps (12%) done
[Mon Nov 15 23:14:59 2021]
Finished job 9.
2 of 8 steps (25%) done
[Mon Nov 15 23:15:00 2021]
Finished job 7.
3 of 8 steps (38%) done
[Mon Nov 15 23:15:01 2021]
Finished job 5.
4 of 8 steps (50%) done
[Mon Nov 15 23:15:02 2021]
Finished job 4.
5 of 8 steps (62%) done
[Mon Nov 15 23:15:05 2021]
Finished job 8.
6 of 8 steps (75%) done
Select jobs to execute...

[Mon Nov 15 23:15:05 2021]
rule output_combine_files:
    input: Results/Genes/PRKCZ/PRKCZ_functional_analysis.pdf, Results/Genes/SLC6A15/SLC6A15_functional_analysis.pdf, Results/Genes/GDF1/GDF1_functional_analysis.pdf, Results/Genes/PFN2/PFN2_functional_analysis.pdf, Results/Genes/NRCAM/NRCAM_functional_analysis.pdf, Results/Genes/RENBP/RENBP_functional_analysis.pdf, Results/Genes_temp
    output: Results/Output/test.pdf
    jobid: 1
    priority: 5
    resources: tmpdir=0, memory=4, time=1

[Mon Nov 15 23:15:05 2021]
Finished job 1.
7 of 8 steps (88%) done
Select jobs to execute...

[Mon Nov 15 23:15:05 2021]
localrule all:
    input: Results/Output/test.pdf
    jobid: 0
    resources: tmpdir=/scratch/local

[Mon Nov 15 23:15:05 2021]
Finished job 0.
8 of 8 steps (100%) done
Complete log: /home/annaldas/projects/IsoTV/.snakemake/log/2021-11-15T231434.719099.snakemake.log
