The flag 'directory' used in rule aggregate_transcript_analysis is only valid for outputs, not inputs.
The flag 'directory' used in rule output_combine_files is only valid for outputs, not inputs.
Building DAG of jobs...
Using shell: /bin/bash
Provided cores: 32
Rules claiming more threads will be scaled down.
Job stats:
job                     count    min threads    max threads
--------------------  -------  -------------  -------------
all                         1              1              1
gene_filter                 1              1              1
output_combine_files        1              1              1
total                       3              1              1

Select jobs to execute...

[Wed Nov 17 15:50:51 2021]
checkpoint gene_filter:
    input: /project/owlmayerTemporary/Sid/isoform_analysis/github/Results/GffCompare/nanopore.combined.gtf
    output: Results/Genes_temp
    jobid: 2
    resources: tmpdir=/scratch/local
Downstream jobs will be updated after completion.

[Wed Nov 17 15:50:54 2021]
Finished job 2.
1 of 3 steps (33%) done
Updating job output_combine_files.
Select jobs to execute...

[Wed Nov 17 15:50:54 2021]
rule gene_to_transcripts:
    input: /project/owlmayerTemporary/Sid/isoform_analysis/github/Results/GffCompare/nanopore.combined.gtf, /project/owlmayerTemporary/Sid/isoform_analysis/github/Results/Pinfish/corrected_transcriptome_polished_collapsed_nonredundant_tcons.fas, Results/Genes_temp/NRCAM
    output: Results/Genes_temp/NRCAM/NRCAM_seq.fa
    jobid: 17
    wildcards: gene=NRCAM
    priority: 8
    resources: tmpdir=0, memory=10, time=1

[Wed Nov 17 15:50:58 2021]
Finished job 17.
2 of 7 steps (29%) done
Select jobs to execute...

[Wed Nov 17 15:50:58 2021]
checkpoint translation_to_protein:
    input: Results/Genes_temp/NRCAM/NRCAM_seq.fa
    output: Results/Genes_temp/NRCAM/transcripts, Results/Genes_temp/NRCAM/NRCAM_transcripts_stats.txt
    jobid: 16
    wildcards: gene=NRCAM
    priority: 10
    resources: tmpdir=0, memory=10, time=1
Downstream jobs will be updated after completion.

[Wed Nov 17 15:50:59 2021]
Finished job 16.
3 of 7 steps (43%) done
Updating job aggregate_transcript_analysis.
Select jobs to execute...

[Wed Nov 17 15:50:59 2021]
rule iupred2a_analysis:
    input: Results/Genes_temp/NRCAM/transcripts/TCONS00106499_protein.fa, /home/annaldas/iupred2a/iupred2a.py
    output: Results/Genes_temp/NRCAM/transcripts/TCONS00106499_sequence.txt, Results/Genes_temp/NRCAM/transcripts/TCONS00106499_func_iupred2a.txt
    jobid: 32
    wildcards: gene=NRCAM, transcript=TCONS00106499
    priority: 8
    resources: tmpdir=0, memory=10, time=1


[Wed Nov 17 15:50:59 2021]
rule iupred2a_analysis:
    input: Results/Genes_temp/NRCAM/transcripts/TCONS00106497_protein.fa, /home/annaldas/iupred2a/iupred2a.py
    output: Results/Genes_temp/NRCAM/transcripts/TCONS00106497_sequence.txt, Results/Genes_temp/NRCAM/transcripts/TCONS00106497_func_iupred2a.txt
    jobid: 24
    wildcards: gene=NRCAM, transcript=TCONS00106497
    priority: 8
    resources: tmpdir=0, memory=10, time=1


[Wed Nov 17 15:50:59 2021]
rule iupred2a_analysis:
    input: Results/Genes_temp/NRCAM/transcripts/TCONS00106501_protein.fa, /home/annaldas/iupred2a/iupred2a.py
    output: Results/Genes_temp/NRCAM/transcripts/TCONS00106501_sequence.txt, Results/Genes_temp/NRCAM/transcripts/TCONS00106501_func_iupred2a.txt
    jobid: 40
    wildcards: gene=NRCAM, transcript=TCONS00106501
    priority: 8
    resources: tmpdir=0, memory=10, time=1


[Wed Nov 17 15:50:59 2021]
rule interpro_scan:
    input: Results/Genes_temp/NRCAM/transcripts/TCONS00106497_protein.fa
    output: Results/Genes_temp/NRCAM/transcripts/TCONS00106497_func_domains.gff3
    jobid: 25
    wildcards: gene=NRCAM, transcript=TCONS00106497
    priority: 8
    resources: tmpdir=0, memory=16, time=1

Activating conda environment: /project/owlmayerTemporary/Sid/isoform_analysis/github/.snakemake/conda/1ad92917c5f1a40dff5859be486dc2b4

[Wed Nov 17 15:50:59 2021]
rule interpro_scan:
    input: Results/Genes_temp/NRCAM/transcripts/TCONS00106499_protein.fa
    output: Results/Genes_temp/NRCAM/transcripts/TCONS00106499_func_domains.gff3
    jobid: 33
    wildcards: gene=NRCAM, transcript=TCONS00106499
    priority: 8
    resources: tmpdir=0, memory=16, time=1

Activating conda environment: /project/owlmayerTemporary/Sid/isoform_analysis/github/.snakemake/conda/1ad92917c5f1a40dff5859be486dc2b4

[Wed Nov 17 15:50:59 2021]
rule functional_site_analysis:
    input: Results/Genes_temp/NRCAM/transcripts/TCONS00106497_protein.fa
    output: Results/Genes_temp/NRCAM/transcripts/TCONS00106497_func_sites.txt
    jobid: 26
    wildcards: gene=NRCAM, transcript=TCONS00106497
    priority: 8
    resources: tmpdir=0, memory=10, time=1


[Wed Nov 17 15:50:59 2021]
rule functional_site_analysis:
    input: Results/Genes_temp/NRCAM/transcripts/TCONS00106499_protein.fa
    output: Results/Genes_temp/NRCAM/transcripts/TCONS00106499_func_sites.txt
    jobid: 34
    wildcards: gene=NRCAM, transcript=TCONS00106499
    priority: 8
    resources: tmpdir=0, memory=10, time=1


[Wed Nov 17 15:51:00 2021]
rule interpro_scan:
    input: Results/Genes_temp/NRCAM/transcripts/TCONS00106501_protein.fa
    output: Results/Genes_temp/NRCAM/transcripts/TCONS00106501_func_domains.gff3
    jobid: 41
    wildcards: gene=NRCAM, transcript=TCONS00106501
    priority: 8
    resources: tmpdir=0, memory=16, time=1

Activating conda environment: /project/owlmayerTemporary/Sid/isoform_analysis/github/.snakemake/conda/1ad92917c5f1a40dff5859be486dc2b4

[Wed Nov 17 15:51:00 2021]
rule iupred2a_analysis:
    input: Results/Genes_temp/NRCAM/transcripts/TCONS00103503_protein.fa, /home/annaldas/iupred2a/iupred2a.py
    output: Results/Genes_temp/NRCAM/transcripts/TCONS00103503_sequence.txt, Results/Genes_temp/NRCAM/transcripts/TCONS00103503_func_iupred2a.txt
    jobid: 20
    wildcards: gene=NRCAM, transcript=TCONS00103503
    priority: 8
    resources: tmpdir=0, memory=10, time=1


[Wed Nov 17 15:51:00 2021]
rule functional_site_analysis:
    input: Results/Genes_temp/NRCAM/transcripts/TCONS00106501_protein.fa
    output: Results/Genes_temp/NRCAM/transcripts/TCONS00106501_func_sites.txt
    jobid: 42
    wildcards: gene=NRCAM, transcript=TCONS00106501
    priority: 8
    resources: tmpdir=0, memory=10, time=1

[Wed Nov 17 15:51:00 2021]
Finished job 24.

4 of 35 steps (11%) done
[Wed Nov 17 15:51:00 2021]
rule interpro_scan:
    input: Results/Genes_temp/NRCAM/transcripts/TCONS00103503_protein.fa
    output: Results/Genes_temp/NRCAM/transcripts/TCONS00103503_func_domains.gff3
    jobid: 21
    wildcards: gene=NRCAM, transcript=TCONS00103503
    priority: 8
    resources: tmpdir=0, memory=16, time=1

Activating conda environment: /project/owlmayerTemporary/Sid/isoform_analysis/github/.snakemake/conda/1ad92917c5f1a40dff5859be486dc2b4

[Wed Nov 17 15:51:00 2021]
[Wed Nov 17 15:51:00 2021]
rule iupred2a_analysis:
    input: Results/Genes_temp/NRCAM/transcripts/TCONS00106498_protein.fa, /home/annaldas/iupred2a/iupred2a.py
    output: Results/Genes_temp/NRCAM/transcripts/TCONS00106498_sequence.txt, Results/Genes_temp/NRCAM/transcripts/TCONS00106498_func_iupred2a.txt
    jobid: 28
    wildcards: gene=NRCAM, transcript=TCONS00106498
    priority: 8
    resources: tmpdir=0, memory=10, time=1
Finished job 40.

5 of 35 steps (14%) done

[Wed Nov 17 15:51:00 2021]
rule iupred2a_analysis:
    input: Results/Genes_temp/NRCAM/transcripts/TCONS00106500_protein.fa, /home/annaldas/iupred2a/iupred2a.py
    output: Results/Genes_temp/NRCAM/transcripts/TCONS00106500_sequence.txt, Results/Genes_temp/NRCAM/transcripts/TCONS00106500_func_iupred2a.txt
    jobid: 36
    wildcards: gene=NRCAM, transcript=TCONS00106500
    priority: 8
    resources: tmpdir=0, memory=10, time=1


[Wed Nov 17 15:51:00 2021]
[Wed Nov 17 15:51:00 2021]
Finished job 32.
rule functional_site_analysis:
    input: Results/Genes_temp/NRCAM/transcripts/TCONS00103503_protein.fa
    output: Results/Genes_temp/NRCAM/transcripts/TCONS00103503_func_sites.txt
    jobid: 22
    wildcards: gene=NRCAM, transcript=TCONS00103503
    priority: 8
    resources: tmpdir=0, memory=10, time=1
6 of 35 steps (17%) done


[Wed Nov 17 15:51:00 2021]
rule interpro_scan:
    input: Results/Genes_temp/NRCAM/transcripts/TCONS00106498_protein.fa
    output: Results/Genes_temp/NRCAM/transcripts/TCONS00106498_func_domains.gff3
    jobid: 29
    wildcards: gene=NRCAM, transcript=TCONS00106498
    priority: 8
    resources: tmpdir=0, memory=16, time=1

Activating conda environment: /project/owlmayerTemporary/Sid/isoform_analysis/github/.snakemake/conda/1ad92917c5f1a40dff5859be486dc2b4

[Wed Nov 17 15:51:00 2021]
rule interpro_scan:
    input: Results/Genes_temp/NRCAM/transcripts/TCONS00106500_protein.fa
    output: Results/Genes_temp/NRCAM/transcripts/TCONS00106500_func_domains.gff3
    jobid: 37
    wildcards: gene=NRCAM, transcript=TCONS00106500
    priority: 8
    resources: tmpdir=0, memory=16, time=1

Activating conda environment: /project/owlmayerTemporary/Sid/isoform_analysis/github/.snakemake/conda/1ad92917c5f1a40dff5859be486dc2b4

[Wed Nov 17 15:51:00 2021]
rule iupred2a_analysis:
    input: Results/Genes_temp/NRCAM/transcripts/TCONS00106502_protein.fa, /home/annaldas/iupred2a/iupred2a.py
    output: Results/Genes_temp/NRCAM/transcripts/TCONS00106502_sequence.txt, Results/Genes_temp/NRCAM/transcripts/TCONS00106502_func_iupred2a.txt
    jobid: 44
    wildcards: gene=NRCAM, transcript=TCONS00106502
    priority: 8
    resources: tmpdir=0, memory=10, time=1


[Wed Nov 17 15:51:00 2021]
[Wed Nov 17 15:51:00 2021]
Finished job 20.
rule functional_site_analysis:
    input: Results/Genes_temp/NRCAM/transcripts/TCONS00106498_protein.fa
    output: Results/Genes_temp/NRCAM/transcripts/TCONS00106498_func_sites.txt
    jobid: 30
    wildcards: gene=NRCAM, transcript=TCONS00106498
    priority: 8
    resources: tmpdir=0, memory=10, time=1
7 of 35 steps (20%) done


[Wed Nov 17 15:51:00 2021]
rule functional_site_analysis:
    input: Results/Genes_temp/NRCAM/transcripts/TCONS00106500_protein.fa
    output: Results/Genes_temp/NRCAM/transcripts/TCONS00106500_func_sites.txt
    jobid: 38
    wildcards: gene=NRCAM, transcript=TCONS00106500
    priority: 8
    resources: tmpdir=0, memory=10, time=1


[Wed Nov 17 15:51:00 2021]
rule interpro_scan:
    input: Results/Genes_temp/NRCAM/transcripts/TCONS00106502_protein.fa
    output: Results/Genes_temp/NRCAM/transcripts/TCONS00106502_func_domains.gff3
    jobid: 45
    wildcards: gene=NRCAM, transcript=TCONS00106502
    priority: 8
    resources: tmpdir=0, memory=16, time=1

Activating conda environment: /project/owlmayerTemporary/Sid/isoform_analysis/github/.snakemake/conda/1ad92917c5f1a40dff5859be486dc2b4

[Wed Nov 17 15:51:00 2021]
rule functional_site_analysis:
    input: Results/Genes_temp/NRCAM/transcripts/TCONS00106502_protein.fa
    output: Results/Genes_temp/NRCAM/transcripts/TCONS00106502_func_sites.txt
    jobid: 46
    wildcards: gene=NRCAM, transcript=TCONS00106502
    priority: 8
    resources: tmpdir=0, memory=10, time=1

[Wed Nov 17 15:51:00 2021]
Finished job 36.
8 of 35 steps (23%) done
[Wed Nov 17 15:51:00 2021]
Finished job 44.
9 of 35 steps (26%) done
[Wed Nov 17 15:51:00 2021]
Finished job 28.
10 of 35 steps (29%) done
[Wed Nov 17 15:51:12 2021]
Finished job 26.
11 of 35 steps (31%) done
[Wed Nov 17 15:51:12 2021]
Finished job 46.
12 of 35 steps (34%) done
[Wed Nov 17 15:51:12 2021]
Finished job 22.
13 of 35 steps (37%) done
[Wed Nov 17 15:51:12 2021]
Finished job 42.
14 of 35 steps (40%) done
[Wed Nov 17 15:51:13 2021]
Finished job 38.
15 of 35 steps (43%) done
[Wed Nov 17 15:51:14 2021]
Finished job 34.
16 of 35 steps (46%) done
[Wed Nov 17 15:51:16 2021]
Finished job 30.
17 of 35 steps (49%) done
[Wed Nov 17 15:51:44 2021]
Finished job 45.
18 of 35 steps (51%) done
Select jobs to execute...

[Wed Nov 17 15:51:44 2021]
rule individual_transcript_analysis:
    input: Results/Genes_temp/NRCAM/transcripts/TCONS00106502_protein.fa, Results/Genes_temp/NRCAM/transcripts/TCONS00106502_func_iupred2a.txt, Results/Genes_temp/NRCAM/transcripts/TCONS00106502_func_domains.gff3, Results/Genes_temp/NRCAM/transcripts/TCONS00106502_func_sites.txt
    output: Results/Genes_temp/NRCAM/transcripts/TCONS00106502_analysis.txt
    jobid: 43
    wildcards: gene=NRCAM, transcript=TCONS00106502
    priority: 5
    resources: tmpdir=0, memory=10, time=1

[Wed Nov 17 15:51:44 2021]
Finished job 25.
19 of 35 steps (54%) done
Select jobs to execute...

[Wed Nov 17 15:51:44 2021]
rule individual_transcript_analysis:
    input: Results/Genes_temp/NRCAM/transcripts/TCONS00106497_protein.fa, Results/Genes_temp/NRCAM/transcripts/TCONS00106497_func_iupred2a.txt, Results/Genes_temp/NRCAM/transcripts/TCONS00106497_func_domains.gff3, Results/Genes_temp/NRCAM/transcripts/TCONS00106497_func_sites.txt
    output: Results/Genes_temp/NRCAM/transcripts/TCONS00106497_analysis.txt
    jobid: 23
    wildcards: gene=NRCAM, transcript=TCONS00106497
    priority: 5
    resources: tmpdir=0, memory=10, time=1

[Wed Nov 17 15:51:44 2021]
Finished job 37.
20 of 35 steps (57%) done
Select jobs to execute...

[Wed Nov 17 15:51:44 2021]
rule individual_transcript_analysis:
    input: Results/Genes_temp/NRCAM/transcripts/TCONS00106500_protein.fa, Results/Genes_temp/NRCAM/transcripts/TCONS00106500_func_iupred2a.txt, Results/Genes_temp/NRCAM/transcripts/TCONS00106500_func_domains.gff3, Results/Genes_temp/NRCAM/transcripts/TCONS00106500_func_sites.txt
    output: Results/Genes_temp/NRCAM/transcripts/TCONS00106500_analysis.txt
    jobid: 35
    wildcards: gene=NRCAM, transcript=TCONS00106500
    priority: 5
    resources: tmpdir=0, memory=10, time=1

[Wed Nov 17 15:51:44 2021]
Finished job 43.
21 of 35 steps (60%) done
[Wed Nov 17 15:51:44 2021]
Finished job 23.
22 of 35 steps (63%) done
[Wed Nov 17 15:51:44 2021]
Finished job 35.
23 of 35 steps (66%) done
[Wed Nov 17 15:51:54 2021]
Finished job 29.
24 of 35 steps (69%) done
Select jobs to execute...

[Wed Nov 17 15:51:54 2021]
rule individual_transcript_analysis:
    input: Results/Genes_temp/NRCAM/transcripts/TCONS00106498_protein.fa, Results/Genes_temp/NRCAM/transcripts/TCONS00106498_func_iupred2a.txt, Results/Genes_temp/NRCAM/transcripts/TCONS00106498_func_domains.gff3, Results/Genes_temp/NRCAM/transcripts/TCONS00106498_func_sites.txt
    output: Results/Genes_temp/NRCAM/transcripts/TCONS00106498_analysis.txt
    jobid: 27
    wildcards: gene=NRCAM, transcript=TCONS00106498
    priority: 5
    resources: tmpdir=0, memory=10, time=1

[Wed Nov 17 15:51:55 2021]
Finished job 21.
25 of 35 steps (71%) done
Select jobs to execute...

[Wed Nov 17 15:51:55 2021]
rule individual_transcript_analysis:
    input: Results/Genes_temp/NRCAM/transcripts/TCONS00103503_protein.fa, Results/Genes_temp/NRCAM/transcripts/TCONS00103503_func_iupred2a.txt, Results/Genes_temp/NRCAM/transcripts/TCONS00103503_func_domains.gff3, Results/Genes_temp/NRCAM/transcripts/TCONS00103503_func_sites.txt
    output: Results/Genes_temp/NRCAM/transcripts/TCONS00103503_analysis.txt
    jobid: 19
    wildcards: gene=NRCAM, transcript=TCONS00103503
    priority: 5
    resources: tmpdir=0, memory=10, time=1

[Wed Nov 17 15:51:55 2021]
Finished job 33.
26 of 35 steps (74%) done
Select jobs to execute...

[Wed Nov 17 15:51:55 2021]
rule individual_transcript_analysis:
    input: Results/Genes_temp/NRCAM/transcripts/TCONS00106499_protein.fa, Results/Genes_temp/NRCAM/transcripts/TCONS00106499_func_iupred2a.txt, Results/Genes_temp/NRCAM/transcripts/TCONS00106499_func_domains.gff3, Results/Genes_temp/NRCAM/transcripts/TCONS00106499_func_sites.txt
    output: Results/Genes_temp/NRCAM/transcripts/TCONS00106499_analysis.txt
    jobid: 31
    wildcards: gene=NRCAM, transcript=TCONS00106499
    priority: 5
    resources: tmpdir=0, memory=10, time=1

[Wed Nov 17 15:51:55 2021]
Finished job 27.
27 of 35 steps (77%) done
[Wed Nov 17 15:51:55 2021]
Finished job 41.
28 of 35 steps (80%) done
Select jobs to execute...

[Wed Nov 17 15:51:55 2021]
rule individual_transcript_analysis:
    input: Results/Genes_temp/NRCAM/transcripts/TCONS00106501_protein.fa, Results/Genes_temp/NRCAM/transcripts/TCONS00106501_func_iupred2a.txt, Results/Genes_temp/NRCAM/transcripts/TCONS00106501_func_domains.gff3, Results/Genes_temp/NRCAM/transcripts/TCONS00106501_func_sites.txt
    output: Results/Genes_temp/NRCAM/transcripts/TCONS00106501_analysis.txt
    jobid: 39
    wildcards: gene=NRCAM, transcript=TCONS00106501
    priority: 5
    resources: tmpdir=0, memory=10, time=1

[Wed Nov 17 15:51:55 2021]
Finished job 19.
29 of 35 steps (83%) done
[Wed Nov 17 15:51:55 2021]
Finished job 31.
30 of 35 steps (86%) done
[Wed Nov 17 15:51:55 2021]
Finished job 39.
31 of 35 steps (89%) done
Select jobs to execute...

[Wed Nov 17 15:51:55 2021]
rule aggregate_transcript_analysis:
    input: Results/Genes_temp/NRCAM/transcripts/TCONS00103503_analysis.txt, Results/Genes_temp/NRCAM/transcripts/TCONS00106497_analysis.txt, Results/Genes_temp/NRCAM/transcripts/TCONS00106498_analysis.txt, Results/Genes_temp/NRCAM/transcripts/TCONS00106499_analysis.txt, Results/Genes_temp/NRCAM/transcripts/TCONS00106500_analysis.txt, Results/Genes_temp/NRCAM/transcripts/TCONS00106501_analysis.txt, Results/Genes_temp/NRCAM/transcripts/TCONS00106502_analysis.txt, Results/Genes_temp/NRCAM/NRCAM_transcripts_stats.txt, Results/Genes_temp/NRCAM
    output: Results/Genes/NRCAM/NRCAM_transcripts_filtered_analysis.txt, Results/Genes/NRCAM/NRCAM_transcripts_stats.txt
    jobid: 15
    wildcards: gene=NRCAM
    priority: 5
    resources: tmpdir=0, memory=4, time=1

[Wed Nov 17 15:51:55 2021]
Finished job 15.
32 of 35 steps (91%) done
Select jobs to execute...

[Wed Nov 17 15:51:55 2021]
rule protein_coding_potential_analysis:
    input: Results/Genes/NRCAM/NRCAM_transcripts_filtered_analysis.txt, Results/Genes/NRCAM/NRCAM_transcripts_stats.txt, /project/owlmayerTemporary/Sid/isoform_analysis/github/Results/Quantification/counts_deseq2norm.txt, /project/owlmayerTemporary/Sid/isoform_analysis/github/Results/GffCompare/nanopore.combined.gtf
    output: Results/Genes/NRCAM/NRCAM_functional_analysis.pdf
    jobid: 14
    wildcards: gene=NRCAM
    priority: 8
    resources: tmpdir=0, memory=16, time=1

[Wed Nov 17 15:52:18 2021]
Error in rule protein_coding_potential_analysis:
    jobid: 14
    output: Results/Genes/NRCAM/NRCAM_functional_analysis.pdf

RuleException:
CalledProcessError in line 148 of /home/annaldas/projects/IsoTV/workflow/Snakefile:
Command 'set -euo pipefail;  /pkg/python-3.9.7-0/bin/python3.9 /project/owlmayerTemporary/Sid/isoform_analysis/github/.snakemake/scripts/tmpbgr5vazs.visualization.py' returned non-zero exit status 1.
  File "/home/annaldas/projects/IsoTV/workflow/Snakefile", line 148, in __rule_protein_coding_potential_analysis
  File "/pkg/python-3.9.7-0/lib/python3.9/concurrent/futures/thread.py", line 52, in run
Shutting down, this might take some time.
Exiting because a job execution failed. Look above for error message
Complete log: /home/annaldas/projects/IsoTV/.snakemake/log/2021-11-17T155046.614378.snakemake.log
