The flag 'directory' used in rule aggregate_transcript_analysis is only valid for outputs, not inputs.
The flag 'directory' used in rule output_combine_files is only valid for outputs, not inputs.
Building DAG of jobs...
Using shell: /usr/bin/bash
Provided cores: 8
Rules claiming more threads will be scaled down.
Job stats:
job                                         count    min threads    max threads
----------------------------------------  -------  -------------  -------------
CalculateDeSeq2Norm                             1              1              1
ConcatenateCounts                               1              1              1
CountTranscripts                                2              1              1
ExtractPrimaryMapping                           2              1              1
GffCompare                                      1              1              1
Map2Transcriptome                               2              4              4
Minimap2Genome                                  2              4              4
Minimap2Pinfish                                 1              4              4
MinimapPolishedClusters                         1              4              4
PinfishClusterGFF                               1              4              4
PinfishCollapsePolishedPartials                 1              4              4
PinfishPolishClusters                           1              4              4
PinfishPolishedBAM2GFF                          1              4              4
PinfishRawBAM2GFF                               1              4              4
PrepareCorrectedTranscriptomeFasta              1              1              1
PrepareCorrectedTranscriptomeFastaNonred        1              1              1
Transcriptome2Index                             1              4              4
all                                             1              1              1
total                                          22              1              4

Select jobs to execute...

[Tue Nov 16 16:35:11 2021]
rule Minimap2Genome:
    input: Results/Minimap2/GRCh38.p12.primary_assembly.genome.fa.mmi, FilteredData/HCT116_1.fastq, ReferenceData/junctions.bed
    output: IGV/HCT116_1.genome.bam
    jobid: 23
    wildcards: sample=HCT116_1
    threads: 4
    resources: tmpdir=/tmp, memory=16, time=4

Activating conda environment: /scratch/sjannalda/projects/SGNEX/.snakemake/conda/de012c2f23fcfa29962e7b302d6c2120

[Tue Nov 16 16:35:11 2021]
rule Minimap2Genome:
    input: Results/Minimap2/GRCh38.p12.primary_assembly.genome.fa.mmi, FilteredData/HEPG2_1.fastq, ReferenceData/junctions.bed
    output: IGV/HEPG2_1.genome.bam
    jobid: 27
    wildcards: sample=HEPG2_1
    threads: 4
    resources: tmpdir=/tmp, memory=16, time=4

Activating conda environment: /scratch/sjannalda/projects/SGNEX/.snakemake/conda/de012c2f23fcfa29962e7b302d6c2120
[Tue Nov 16 17:10:23 2021]
Finished job 23.
1 of 22 steps (5%) done
Select jobs to execute...

[Tue Nov 16 17:10:25 2021]
rule Minimap2Pinfish:
    input: Results/Minimap2/GRCh38.p12.primary_assembly.genome.fa.mmi, Results/Pychopper/HCT116_1.pychop.fastq, Results/Pychopper/HEPG2_1.pychop.fastq, ReferenceData/junctions.bed
    output: Results/Minimap2/merged.mapping.bam
    jobid: 11
    threads: 4
    resources: tmpdir=/tmp, memory=16, time=4

Activating conda environment: /scratch/sjannalda/projects/SGNEX/.snakemake/conda/1fb91db314823f34531ee184ffcf65e9
[Tue Nov 16 17:10:29 2021]
Error in rule Minimap2Pinfish:
    jobid: 11
    output: Results/Minimap2/merged.mapping.bam
    conda-env: /scratch/sjannalda/projects/SGNEX/.snakemake/conda/1fb91db314823f34531ee184ffcf65e9
    shell:
        
        minimap2 -t 4 -ax splice -uf --junc-bed ReferenceData/junctions.bed Results/Minimap2/GRCh38.p12.primary_assembly.genome.fa.mmi Results/Pychopper/HCT116_1.pychop.fastq Results/Pychopper/HEPG2_1.pychop.fastq        | samtools view -q 5 -F 2304 -Sb | samtools sort -@ 4 - -o Results/Minimap2/merged.mapping.bam;
        samtools index Results/Minimap2/merged.mapping.bam
        
        (one of the commands exited with non-zero exit code; note that snakemake uses bash strict mode!)

[Tue Nov 16 17:18:47 2021]
Finished job 27.
2 of 22 steps (9%) done
Shutting down, this might take some time.
Exiting because a job execution failed. Look above for error message
Complete log: /scratch/sjannalda/IsoTV/.snakemake/log/2021-11-16T163456.903008.snakemake.log
