The flag 'directory' used in rule aggregate_transcript_analysis is only valid for outputs, not inputs.
The flag 'directory' used in rule output_combine_files is only valid for outputs, not inputs.
Building DAG of jobs...
Creating conda environment /scratch/sjannalda/IsoTV/workflow/rules/../envs/gffcompare.yaml...
Downloading and installing remote packages.
Environment for ../../IsoTV/workflow/envs/gffcompare.yaml created (location: .snakemake/conda/8022ad4fedb3e36527d0dd83eba10095)
Using shell: /usr/bin/bash
Provided cores: 8
Rules claiming more threads will be scaled down.
Job stats:
job                                         count    min threads    max threads
----------------------------------------  -------  -------------  -------------
CalculateDeSeq2Norm                             1              1              1
ConcatenateCounts                               1              1              1
CountTranscripts                                2              1              1
ExtractPrimaryMapping                           2              1              1
GffCompare                                      1              1              1
Map2Transcriptome                               2              8              8
PrepareCorrectedTranscriptomeFasta              1              1              1
PrepareCorrectedTranscriptomeFastaNonred        1              1              1
Transcriptome2Index                             1              8              8
all                                             1              1              1
total                                          13              1              8

Select jobs to execute...

[Tue Nov 16 17:59:44 2021]
rule PrepareCorrectedTranscriptomeFasta:
    input: /scratch/sjannalda/projects/SGNEX/reference/GRCh38.p12.primary_assembly.genome.fa, Results/Pinfish/polished_transcripts_collapsed.gff
    output: Results/Pinfish/corrected_transcriptome_polished_collapsed.fas
    jobid: 22
    resources: tmpdir=/tmp, memory=8, time=1


[Tue Nov 16 17:59:44 2021]
rule GffCompare:
    input: /scratch/sjannalda/projects/SGNEX/reference/gencode.v32.primary_assembly.annotation.gtf, Results/Pinfish/polished_transcripts_collapsed.gff
    output: Results/GffCompare/nanopore.combined.gtf
    jobid: 3
    resources: tmpdir=/tmp, memory=16, time=1

[Tue Nov 16 17:59:44 2021]
Error in rule PrepareCorrectedTranscriptomeFasta:
    jobid: 22
    output: Results/Pinfish/corrected_transcriptome_polished_collapsed.fas
    shell:
        gffread -g /scratch/sjannalda/projects/SGNEX/reference/GRCh38.p12.primary_assembly.genome.fa -w Results/Pinfish/corrected_transcriptome_polished_collapsed.fas Results/Pinfish/polished_transcripts_collapsed.gff
        (one of the commands exited with non-zero exit code; note that snakemake uses bash strict mode!)

Activating conda environment: /scratch/sjannalda/projects/SGNEX/.snakemake/conda/8022ad4fedb3e36527d0dd83eba10095
[Tue Nov 16 18:00:07 2021]
Finished job 3.
1 of 13 steps (8%) done
Shutting down, this might take some time.
Exiting because a job execution failed. Look above for error message
Complete log: /scratch/sjannalda/IsoTV/.snakemake/log/2021-11-16T175931.020079.snakemake.log
