The flag 'directory' used in rule aggregate_transcript_analysis is only valid for outputs, not inputs.
The flag 'directory' used in rule output_combine_files is only valid for outputs, not inputs.
Building DAG of jobs...
Using shell: /bin/bash
Provided cores: 32
Rules claiming more threads will be scaled down.
Job stats:
job                     count    min threads    max threads
--------------------  -------  -------------  -------------
all                         1              1              1
gene_filter                 1              1              1
output_combine_files        1              1              1
total                       3              1              1

Select jobs to execute...

[Wed Nov 17 15:41:55 2021]
checkpoint gene_filter:
    input: /project/owlmayerTemporary/Sid/isoform_analysis/github/Results/GffCompare/nanopore.combined.gtf
    output: Results/Genes_temp
    jobid: 2
    resources: tmpdir=/scratch/local
Downstream jobs will be updated after completion.

[Wed Nov 17 15:41:57 2021]
Finished job 2.
1 of 3 steps (33%) done
Updating job output_combine_files.
Select jobs to execute...

[Wed Nov 17 15:41:57 2021]
rule gene_to_transcripts:
    input: /project/owlmayerTemporary/Sid/isoform_analysis/github/Results/GffCompare/nanopore.combined.gtf, /project/owlmayerTemporary/Sid/isoform_analysis/github/Results/Pinfish/corrected_transcriptome_polished_collapsed_nonredundant_tcons.fas, Results/Genes_temp/NRCAM
    output: Results/Genes_temp/NRCAM/NRCAM_seq.fa
    jobid: 17
    wildcards: gene=NRCAM
    priority: 8
    resources: tmpdir=0, memory=10, time=1

[Wed Nov 17 15:42:00 2021]
Finished job 17.
2 of 7 steps (29%) done
Select jobs to execute...

[Wed Nov 17 15:42:00 2021]
checkpoint translation_to_protein:
    input: Results/Genes_temp/NRCAM/NRCAM_seq.fa
    output: Results/Genes_temp/NRCAM/transcripts, Results/Genes_temp/NRCAM/NRCAM_transcripts_stats.txt
    jobid: 16
    wildcards: gene=NRCAM
    priority: 10
    resources: tmpdir=0, memory=10, time=1
Downstream jobs will be updated after completion.

[Wed Nov 17 15:42:01 2021]
Finished job 16.
3 of 7 steps (43%) done
Updating job aggregate_transcript_analysis.
Select jobs to execute...

[Wed Nov 17 15:42:01 2021]
rule iupred2a_analysis:
    input: Results/Genes_temp/NRCAM/transcripts/TCONS00106499_protein.fa, /home/annaldas/iupred2a/iupred2a.py
    output: Results/Genes_temp/NRCAM/transcripts/TCONS00106499_sequence.txt, Results/Genes_temp/NRCAM/transcripts/TCONS00106499_func_iupred2a.txt
    jobid: 32
    wildcards: gene=NRCAM, transcript=TCONS00106499
    priority: 8
    resources: tmpdir=0, memory=10, time=1


[Wed Nov 17 15:42:01 2021]
rule iupred2a_analysis:
    input: Results/Genes_temp/NRCAM/transcripts/TCONS00106497_protein.fa, /home/annaldas/iupred2a/iupred2a.py
    output: Results/Genes_temp/NRCAM/transcripts/TCONS00106497_sequence.txt, Results/Genes_temp/NRCAM/transcripts/TCONS00106497_func_iupred2a.txt
    jobid: 24
    wildcards: gene=NRCAM, transcript=TCONS00106497
    priority: 8
    resources: tmpdir=0, memory=10, time=1


[Wed Nov 17 15:42:01 2021]
rule interpro_scan:
    input: Results/Genes_temp/NRCAM/transcripts/TCONS00106497_protein.fa
    output: Results/Genes_temp/NRCAM/transcripts/TCONS00106497_func_domains.gff3
    jobid: 25
    wildcards: gene=NRCAM, transcript=TCONS00106497
    priority: 8
    resources: tmpdir=0, memory=16, time=1

Activating conda environment: /project/owlmayerTemporary/Sid/isoform_analysis/github/.snakemake/conda/1ad92917c5f1a40dff5859be486dc2b4

[Wed Nov 17 15:42:01 2021]
rule interpro_scan:
    input: Results/Genes_temp/NRCAM/transcripts/TCONS00106499_protein.fa
    output: Results/Genes_temp/NRCAM/transcripts/TCONS00106499_func_domains.gff3
    jobid: 33
    wildcards: gene=NRCAM, transcript=TCONS00106499
    priority: 8
    resources: tmpdir=0, memory=16, time=1

Activating conda environment: /project/owlmayerTemporary/Sid/isoform_analysis/github/.snakemake/conda/1ad92917c5f1a40dff5859be486dc2b4

[Wed Nov 17 15:42:01 2021]
rule iupred2a_analysis:
    input: Results/Genes_temp/NRCAM/transcripts/TCONS00106501_protein.fa, /home/annaldas/iupred2a/iupred2a.py
    output: Results/Genes_temp/NRCAM/transcripts/TCONS00106501_sequence.txt, Results/Genes_temp/NRCAM/transcripts/TCONS00106501_func_iupred2a.txt
    jobid: 40
    wildcards: gene=NRCAM, transcript=TCONS00106501
    priority: 8
    resources: tmpdir=0, memory=10, time=1


[Wed Nov 17 15:42:01 2021]
rule functional_site_analysis:
    input: Results/Genes_temp/NRCAM/transcripts/TCONS00106497_protein.fa
    output: Results/Genes_temp/NRCAM/transcripts/TCONS00106497_func_sites.txt
    jobid: 26
    wildcards: gene=NRCAM, transcript=TCONS00106497
    priority: 8
    resources: tmpdir=0, memory=10, time=1


[Wed Nov 17 15:42:01 2021]
rule functional_site_analysis:
    input: Results/Genes_temp/NRCAM/transcripts/TCONS00106499_protein.fa
    output: Results/Genes_temp/NRCAM/transcripts/TCONS00106499_func_sites.txt
    jobid: 34
    wildcards: gene=NRCAM, transcript=TCONS00106499
    priority: 8
    resources: tmpdir=0, memory=10, time=1


[Wed Nov 17 15:42:01 2021]
rule interpro_scan:
    input: Results/Genes_temp/NRCAM/transcripts/TCONS00106501_protein.fa
    output: Results/Genes_temp/NRCAM/transcripts/TCONS00106501_func_domains.gff3
    jobid: 41
    wildcards: gene=NRCAM, transcript=TCONS00106501
    priority: 8
    resources: tmpdir=0, memory=16, time=1

Activating conda environment: /project/owlmayerTemporary/Sid/isoform_analysis/github/.snakemake/conda/1ad92917c5f1a40dff5859be486dc2b4

[Wed Nov 17 15:42:01 2021]
rule iupred2a_analysis:
    input: Results/Genes_temp/NRCAM/transcripts/TCONS00103503_protein.fa, /home/annaldas/iupred2a/iupred2a.py
    output: Results/Genes_temp/NRCAM/transcripts/TCONS00103503_sequence.txt, Results/Genes_temp/NRCAM/transcripts/TCONS00103503_func_iupred2a.txt
    jobid: 20
    wildcards: gene=NRCAM, transcript=TCONS00103503
    priority: 8
    resources: tmpdir=0, memory=10, time=1


[Wed Nov 17 15:42:01 2021]
rule functional_site_analysis:
    input: Results/Genes_temp/NRCAM/transcripts/TCONS00106501_protein.fa
    output: Results/Genes_temp/NRCAM/transcripts/TCONS00106501_func_sites.txt
    jobid: 42
    wildcards: gene=NRCAM, transcript=TCONS00106501
    priority: 8
    resources: tmpdir=0, memory=10, time=1


[Wed Nov 17 15:42:01 2021]
rule interpro_scan:
    input: Results/Genes_temp/NRCAM/transcripts/TCONS00103503_protein.fa
    output: Results/Genes_temp/NRCAM/transcripts/TCONS00103503_func_domains.gff3
    jobid: 21
    wildcards: gene=NRCAM, transcript=TCONS00103503
    priority: 8
    resources: tmpdir=0, memory=16, time=1

Activating conda environment: /project/owlmayerTemporary/Sid/isoform_analysis/github/.snakemake/conda/1ad92917c5f1a40dff5859be486dc2b4

[Wed Nov 17 15:42:01 2021]
[Wed Nov 17 15:42:01 2021]
Finished job 24.
rule iupred2a_analysis:
    input: Results/Genes_temp/NRCAM/transcripts/TCONS00106498_protein.fa, /home/annaldas/iupred2a/iupred2a.py
    output: Results/Genes_temp/NRCAM/transcripts/TCONS00106498_sequence.txt, Results/Genes_temp/NRCAM/transcripts/TCONS00106498_func_iupred2a.txt
    jobid: 28
    wildcards: gene=NRCAM, transcript=TCONS00106498
    priority: 8
    resources: tmpdir=0, memory=10, time=1
4 of 35 steps (11%) done


[Wed Nov 17 15:42:01 2021]
rule iupred2a_analysis:
    input: Results/Genes_temp/NRCAM/transcripts/TCONS00106500_protein.fa, /home/annaldas/iupred2a/iupred2a.py
    output: Results/Genes_temp/NRCAM/transcripts/TCONS00106500_sequence.txt, Results/Genes_temp/NRCAM/transcripts/TCONS00106500_func_iupred2a.txt
    jobid: 36
    wildcards: gene=NRCAM, transcript=TCONS00106500
    priority: 8
    resources: tmpdir=0, memory=10, time=1

[Wed Nov 17 15:42:01 2021]
Finished job 40.
5 of 35 steps (14%) done

[Wed Nov 17 15:42:01 2021]
rule functional_site_analysis:
    input: Results/Genes_temp/NRCAM/transcripts/TCONS00103503_protein.fa
    output: Results/Genes_temp/NRCAM/transcripts/TCONS00103503_func_sites.txt
    jobid: 22
    wildcards: gene=NRCAM, transcript=TCONS00103503
    priority: 8
    resources: tmpdir=0, memory=10, time=1


[Wed Nov 17 15:42:01 2021]
rule interpro_scan:
    input: Results/Genes_temp/NRCAM/transcripts/TCONS00106498_protein.fa
    output: Results/Genes_temp/NRCAM/transcripts/TCONS00106498_func_domains.gff3
    jobid: 29
    wildcards: gene=NRCAM, transcript=TCONS00106498
    priority: 8
    resources: tmpdir=0, memory=16, time=1

Activating conda environment: /project/owlmayerTemporary/Sid/isoform_analysis/github/.snakemake/conda/1ad92917c5f1a40dff5859be486dc2b4

[Wed Nov 17 15:42:01 2021]
rule interpro_scan:
    input: Results/Genes_temp/NRCAM/transcripts/TCONS00106500_protein.fa
    output: Results/Genes_temp/NRCAM/transcripts/TCONS00106500_func_domains.gff3
    jobid: 37
    wildcards: gene=NRCAM, transcript=TCONS00106500
    priority: 8
    resources: tmpdir=0, memory=16, time=1

Activating conda environment: /project/owlmayerTemporary/Sid/isoform_analysis/github/.snakemake/conda/1ad92917c5f1a40dff5859be486dc2b4

[Wed Nov 17 15:42:01 2021]
rule iupred2a_analysis:
    input: Results/Genes_temp/NRCAM/transcripts/TCONS00106502_protein.fa, /home/annaldas/iupred2a/iupred2a.py
    output: Results/Genes_temp/NRCAM/transcripts/TCONS00106502_sequence.txt, Results/Genes_temp/NRCAM/transcripts/TCONS00106502_func_iupred2a.txt
    jobid: 44
    wildcards: gene=NRCAM, transcript=TCONS00106502
    priority: 8
    resources: tmpdir=0, memory=10, time=1


[Wed Nov 17 15:42:01 2021]
rule functional_site_analysis:
    input: Results/Genes_temp/NRCAM/transcripts/TCONS00106498_protein.fa
    output: Results/Genes_temp/NRCAM/transcripts/TCONS00106498_func_sites.txt
    jobid: 30
    wildcards: gene=NRCAM, transcript=TCONS00106498
    priority: 8
    resources: tmpdir=0, memory=10, time=1


[Wed Nov 17 15:42:01 2021]
rule functional_site_analysis:
    input: Results/Genes_temp/NRCAM/transcripts/TCONS00106500_protein.fa
    output: Results/Genes_temp/NRCAM/transcripts/TCONS00106500_func_sites.txt
    jobid: 38
    wildcards: gene=NRCAM, transcript=TCONS00106500
    priority: 8
    resources: tmpdir=0, memory=10, time=1
[Wed Nov 17 15:42:01 2021]

Finished job 32.
6 of 35 steps (17%) done

[Wed Nov 17 15:42:01 2021]
rule interpro_scan:
    input: Results/Genes_temp/NRCAM/transcripts/TCONS00106502_protein.fa
    output: Results/Genes_temp/NRCAM/transcripts/TCONS00106502_func_domains.gff3
    jobid: 45
    wildcards: gene=NRCAM, transcript=TCONS00106502
    priority: 8
    resources: tmpdir=0, memory=16, time=1

[Wed Nov 17 15:42:01 2021]
Finished job 20.
Activating conda environment: /project/owlmayerTemporary/Sid/isoform_analysis/github/.snakemake/conda/1ad92917c5f1a40dff5859be486dc2b4
7 of 35 steps (20%) done

[Wed Nov 17 15:42:01 2021]
rule functional_site_analysis:
    input: Results/Genes_temp/NRCAM/transcripts/TCONS00106502_protein.fa
    output: Results/Genes_temp/NRCAM/transcripts/TCONS00106502_func_sites.txt
    jobid: 46
    wildcards: gene=NRCAM, transcript=TCONS00106502
    priority: 8
    resources: tmpdir=0, memory=10, time=1

[Wed Nov 17 15:42:01 2021]
Finished job 36.
8 of 35 steps (23%) done
[Wed Nov 17 15:42:01 2021]
Finished job 28.
9 of 35 steps (26%) done
[Wed Nov 17 15:42:01 2021]
Finished job 44.
10 of 35 steps (29%) done
[Wed Nov 17 15:42:15 2021]
Finished job 42.
11 of 35 steps (31%) done
[Wed Nov 17 15:42:15 2021]
Finished job 26.
12 of 35 steps (34%) done
[Wed Nov 17 15:42:15 2021]
Finished job 38.
13 of 35 steps (37%) done
[Wed Nov 17 15:42:15 2021]
Finished job 22.
14 of 35 steps (40%) done
[Wed Nov 17 15:42:15 2021]
Finished job 46.
15 of 35 steps (43%) done
[Wed Nov 17 15:42:19 2021]
Finished job 34.
16 of 35 steps (46%) done
[Wed Nov 17 15:42:19 2021]
Finished job 30.
17 of 35 steps (49%) done
[Wed Nov 17 15:42:27 2021]
Finished job 25.
18 of 35 steps (51%) done
Select jobs to execute...

[Wed Nov 17 15:42:27 2021]
rule individual_transcript_analysis:
    input: Results/Genes_temp/NRCAM/transcripts/TCONS00106497_protein.fa, Results/Genes_temp/NRCAM/transcripts/TCONS00106497_func_iupred2a.txt, Results/Genes_temp/NRCAM/transcripts/TCONS00106497_func_domains.gff3, Results/Genes_temp/NRCAM/transcripts/TCONS00106497_func_sites.txt
    output: Results/Genes_temp/NRCAM/transcripts/TCONS00106497_analysis.txt
    jobid: 23
    wildcards: gene=NRCAM, transcript=TCONS00106497
    priority: 5
    resources: tmpdir=0, memory=10, time=1

[Wed Nov 17 15:42:27 2021]
Finished job 37.
19 of 35 steps (54%) done
Select jobs to execute...

[Wed Nov 17 15:42:27 2021]
rule individual_transcript_analysis:
    input: Results/Genes_temp/NRCAM/transcripts/TCONS00106500_protein.fa, Results/Genes_temp/NRCAM/transcripts/TCONS00106500_func_iupred2a.txt, Results/Genes_temp/NRCAM/transcripts/TCONS00106500_func_domains.gff3, Results/Genes_temp/NRCAM/transcripts/TCONS00106500_func_sites.txt
    output: Results/Genes_temp/NRCAM/transcripts/TCONS00106500_analysis.txt
    jobid: 35
    wildcards: gene=NRCAM, transcript=TCONS00106500
    priority: 5
    resources: tmpdir=0, memory=10, time=1

[Wed Nov 17 15:42:27 2021]
Finished job 23.
20 of 35 steps (57%) done
[Wed Nov 17 15:42:27 2021]
Finished job 45.
21 of 35 steps (60%) done
Select jobs to execute...

[Wed Nov 17 15:42:27 2021]
rule individual_transcript_analysis:
    input: Results/Genes_temp/NRCAM/transcripts/TCONS00106502_protein.fa, Results/Genes_temp/NRCAM/transcripts/TCONS00106502_func_iupred2a.txt, Results/Genes_temp/NRCAM/transcripts/TCONS00106502_func_domains.gff3, Results/Genes_temp/NRCAM/transcripts/TCONS00106502_func_sites.txt
    output: Results/Genes_temp/NRCAM/transcripts/TCONS00106502_analysis.txt
    jobid: 43
    wildcards: gene=NRCAM, transcript=TCONS00106502
    priority: 5
    resources: tmpdir=0, memory=10, time=1

[Wed Nov 17 15:42:27 2021]
Finished job 35.
22 of 35 steps (63%) done
[Wed Nov 17 15:42:28 2021]
Finished job 43.
23 of 35 steps (66%) done
[Wed Nov 17 15:42:37 2021]
Finished job 21.
24 of 35 steps (69%) done
Select jobs to execute...

[Wed Nov 17 15:42:37 2021]
rule individual_transcript_analysis:
    input: Results/Genes_temp/NRCAM/transcripts/TCONS00103503_protein.fa, Results/Genes_temp/NRCAM/transcripts/TCONS00103503_func_iupred2a.txt, Results/Genes_temp/NRCAM/transcripts/TCONS00103503_func_domains.gff3, Results/Genes_temp/NRCAM/transcripts/TCONS00103503_func_sites.txt
    output: Results/Genes_temp/NRCAM/transcripts/TCONS00103503_analysis.txt
    jobid: 19
    wildcards: gene=NRCAM, transcript=TCONS00103503
    priority: 5
    resources: tmpdir=0, memory=10, time=1

[Wed Nov 17 15:42:37 2021]
Finished job 19.
25 of 35 steps (71%) done
[Wed Nov 17 15:42:38 2021]
Finished job 29.
26 of 35 steps (74%) done
Select jobs to execute...

[Wed Nov 17 15:42:38 2021]
rule individual_transcript_analysis:
    input: Results/Genes_temp/NRCAM/transcripts/TCONS00106498_protein.fa, Results/Genes_temp/NRCAM/transcripts/TCONS00106498_func_iupred2a.txt, Results/Genes_temp/NRCAM/transcripts/TCONS00106498_func_domains.gff3, Results/Genes_temp/NRCAM/transcripts/TCONS00106498_func_sites.txt
    output: Results/Genes_temp/NRCAM/transcripts/TCONS00106498_analysis.txt
    jobid: 27
    wildcards: gene=NRCAM, transcript=TCONS00106498
    priority: 5
    resources: tmpdir=0, memory=10, time=1

[Wed Nov 17 15:42:39 2021]
Finished job 27.
27 of 35 steps (77%) done
[Wed Nov 17 15:42:39 2021]
Finished job 41.
28 of 35 steps (80%) done
Select jobs to execute...

[Wed Nov 17 15:42:39 2021]
rule individual_transcript_analysis:
    input: Results/Genes_temp/NRCAM/transcripts/TCONS00106501_protein.fa, Results/Genes_temp/NRCAM/transcripts/TCONS00106501_func_iupred2a.txt, Results/Genes_temp/NRCAM/transcripts/TCONS00106501_func_domains.gff3, Results/Genes_temp/NRCAM/transcripts/TCONS00106501_func_sites.txt
    output: Results/Genes_temp/NRCAM/transcripts/TCONS00106501_analysis.txt
    jobid: 39
    wildcards: gene=NRCAM, transcript=TCONS00106501
    priority: 5
    resources: tmpdir=0, memory=10, time=1

[Wed Nov 17 15:42:39 2021]
Finished job 33.
29 of 35 steps (83%) done
Select jobs to execute...

[Wed Nov 17 15:42:39 2021]
rule individual_transcript_analysis:
    input: Results/Genes_temp/NRCAM/transcripts/TCONS00106499_protein.fa, Results/Genes_temp/NRCAM/transcripts/TCONS00106499_func_iupred2a.txt, Results/Genes_temp/NRCAM/transcripts/TCONS00106499_func_domains.gff3, Results/Genes_temp/NRCAM/transcripts/TCONS00106499_func_sites.txt
    output: Results/Genes_temp/NRCAM/transcripts/TCONS00106499_analysis.txt
    jobid: 31
    wildcards: gene=NRCAM, transcript=TCONS00106499
    priority: 5
    resources: tmpdir=0, memory=10, time=1

[Wed Nov 17 15:42:39 2021]
Finished job 39.
30 of 35 steps (86%) done
[Wed Nov 17 15:42:39 2021]
Finished job 31.
31 of 35 steps (89%) done
Select jobs to execute...

[Wed Nov 17 15:42:39 2021]
rule aggregate_transcript_analysis:
    input: Results/Genes_temp/NRCAM/transcripts/TCONS00103503_analysis.txt, Results/Genes_temp/NRCAM/transcripts/TCONS00106497_analysis.txt, Results/Genes_temp/NRCAM/transcripts/TCONS00106498_analysis.txt, Results/Genes_temp/NRCAM/transcripts/TCONS00106499_analysis.txt, Results/Genes_temp/NRCAM/transcripts/TCONS00106500_analysis.txt, Results/Genes_temp/NRCAM/transcripts/TCONS00106501_analysis.txt, Results/Genes_temp/NRCAM/transcripts/TCONS00106502_analysis.txt, Results/Genes_temp/NRCAM/NRCAM_transcripts_stats.txt, Results/Genes_temp/NRCAM
    output: Results/Genes/NRCAM/NRCAM_transcripts_filtered_analysis.txt, Results/Genes/NRCAM/NRCAM_transcripts_stats.txt
    jobid: 15
    wildcards: gene=NRCAM
    priority: 5
    resources: tmpdir=0, memory=4, time=1

[Wed Nov 17 15:42:39 2021]
Finished job 15.
32 of 35 steps (91%) done
Select jobs to execute...

[Wed Nov 17 15:42:39 2021]
rule protein_coding_potential_analysis:
    input: Results/Genes/NRCAM/NRCAM_transcripts_filtered_analysis.txt, Results/Genes/NRCAM/NRCAM_transcripts_stats.txt, /project/owlmayerTemporary/Sid/isoform_analysis/github/Results/Quantification/counts_deseq2norm.txt, /project/owlmayerTemporary/Sid/isoform_analysis/github/Results/GffCompare/nanopore.combined.gtf
    output: Results/Genes/NRCAM/NRCAM_functional_analysis.pdf
    jobid: 14
    wildcards: gene=NRCAM
    priority: 8
    resources: tmpdir=0, memory=16, time=1

[Wed Nov 17 15:43:06 2021]
Finished job 14.
33 of 35 steps (94%) done
Select jobs to execute...

[Wed Nov 17 15:43:06 2021]
rule output_combine_files:
    input: Results/Genes/NRCAM/NRCAM_functional_analysis.pdf, Results/Genes_temp
    output: Results/Output/test.pdf
    jobid: 1
    priority: 5
    resources: tmpdir=0, memory=4, time=1

[Wed Nov 17 15:43:06 2021]
Finished job 1.
34 of 35 steps (97%) done
Select jobs to execute...

[Wed Nov 17 15:43:06 2021]
localrule all:
    input: Results/Output/test.pdf, Results/Quantification/counts_deseq2norm.txt
    jobid: 0
    resources: tmpdir=/scratch/local

[Wed Nov 17 15:43:06 2021]
Finished job 0.
35 of 35 steps (100%) done
Complete log: /home/annaldas/projects/IsoTV/.snakemake/log/2021-11-17T154153.443297.snakemake.log
