The flag 'directory' used in rule aggregate_transcript_analysis is only valid for outputs, not inputs.
The flag 'directory' used in rule output_combine_files is only valid for outputs, not inputs.
Building DAG of jobs...
Using shell: /bin/bash
Provided cores: 32
Rules claiming more threads will be scaled down.
Conda environments: ignored
Job counts:
	count	jobs
	1	all
	1	gene_filter
	1	output_combine_files
	3
Select jobs to execute...

[Mon Apr  5 13:32:12 2021]
checkpoint gene_filter:
    input: /project/owlmayerTemporary/Sid/gencode/gencode.v32.primary_assembly.annotation.gtf
    output: Results/Genes_temp
    jobid: 2
Downstream jobs will be updated after completion.

Updating job output_combine_files.
[Mon Apr  5 13:32:29 2021]
Finished job 2.
1 of 7 steps (14%) done
Select jobs to execute...

[Mon Apr  5 13:32:29 2021]
rule gene_to_transcripts:
    input: /project/owlmayerTemporary/Sid/gencode/gencode.v32.primary_assembly.annotation.gtf, /project/owlmayerTemporary/Sid/gencode/gencode.v32.transcripts.fa, Results/Genes_temp/ADAR
    output: Results/Genes_temp/ADAR/ADAR_seq.fa
    jobid: 7
    wildcards: gene=ADAR
    priority: 8
    resources: memory=10, time=1, tmpdir=0

[Mon Apr  5 13:32:58 2021]
Finished job 7.
2 of 7 steps (29%) done
Select jobs to execute...

[Mon Apr  5 13:32:58 2021]
checkpoint translation_to_protein:
    input: Results/Genes_temp/ADAR/ADAR_seq.fa
    output: Results/Genes_temp/ADAR/transcripts, Results/Genes_temp/ADAR/ADAR_transcripts_stats.txt
    jobid: 6
    wildcards: gene=ADAR
    priority: 10
    resources: memory=10, time=1, tmpdir=0
Downstream jobs will be updated after completion.

Updating job aggregate_transcript_analysis.
[Mon Apr  5 13:32:58 2021]
Finished job 6.
3 of 112 steps (3%) done
Select jobs to execute...

[Mon Apr  5 13:32:59 2021]
rule interpro_scan:
    input: Results/Genes_temp/ADAR/transcripts/ENST00000648311.1_protein.fa
    output: Results/Genes_temp/ADAR/transcripts/ENST00000648311.1_func_domains.gff3
    jobid: 41
    wildcards: gene=ADAR, transcript=ENST00000648311.1
    priority: 8
    resources: memory=16, time=1, tmpdir=0


[Mon Apr  5 13:32:59 2021]
rule interpro_scan:
    input: Results/Genes_temp/ADAR/transcripts/ENST00000530954.1_protein.fa
    output: Results/Genes_temp/ADAR/transcripts/ENST00000530954.1_func_domains.gff3
    jobid: 76
    wildcards: gene=ADAR, transcript=ENST00000530954.1
    priority: 8
    resources: memory=16, time=1, tmpdir=0


[Mon Apr  5 13:32:59 2021]
rule interpro_scan:
    input: Results/Genes_temp/ADAR/transcripts/ENST00000368471.8_protein.fa
    output: Results/Genes_temp/ADAR/transcripts/ENST00000368471.8_func_domains.gff3
    jobid: 21
    wildcards: gene=ADAR, transcript=ENST00000368471.8
    priority: 8
    resources: memory=16, time=1, tmpdir=0


[Mon Apr  5 13:32:59 2021]
rule functional_site_analysis:
    input: Results/Genes_temp/ADAR/transcripts/ENST00000649022.1_protein.fa
    output: Results/Genes_temp/ADAR/transcripts/ENST00000649022.1_func_sites.txt
    jobid: 63
    wildcards: gene=ADAR, transcript=ENST00000649022.1
    priority: 8
    resources: memory=10, time=1, tmpdir=0


[Mon Apr  5 13:32:59 2021]
rule functional_site_analysis:
    input: Results/Genes_temp/ADAR/transcripts/ENST00000463920.5_protein.fa
    output: Results/Genes_temp/ADAR/transcripts/ENST00000463920.5_func_sites.txt
    jobid: 98
    wildcards: gene=ADAR, transcript=ENST00000463920.5
    priority: 8
    resources: memory=10, time=1, tmpdir=0


[Mon Apr  5 13:32:59 2021]
rule functional_site_analysis:
    input: Results/Genes_temp/ADAR/transcripts/ENST00000526905.2_protein.fa
    output: Results/Genes_temp/ADAR/transcripts/ENST00000526905.2_func_sites.txt
    jobid: 113
    wildcards: gene=ADAR, transcript=ENST00000526905.2
    priority: 8
    resources: memory=10, time=1, tmpdir=0


[Mon Apr  5 13:32:59 2021]
rule iupred2a_analysis:
    input: Results/Genes_temp/ADAR/transcripts/ENST00000648231.1_protein.fa, /home/annaldas/iupred2a/iupred2a.py
    output: Results/Genes_temp/ADAR/transcripts/ENST00000648231.1_sequence.txt, Results/Genes_temp/ADAR/transcripts/ENST00000648231.1_func_iupred2a.txt
    jobid: 15
    wildcards: gene=ADAR, transcript=ENST00000648231.1
    priority: 8
    resources: memory=10, time=1, tmpdir=0


[Mon Apr  5 13:32:59 2021]
rule functional_site_analysis:
    input: Results/Genes_temp/ADAR/transcripts/ENST00000648311.1_protein.fa
    output: Results/Genes_temp/ADAR/transcripts/ENST00000648311.1_func_sites.txt
    jobid: 43
    wildcards: gene=ADAR, transcript=ENST00000648311.1
    priority: 8
    resources: memory=10, time=1, tmpdir=0


[Mon Apr  5 13:32:59 2021]
rule interpro_scan:
    input: Results/Genes_temp/ADAR/transcripts/ENST00000492630.1_protein.fa
    output: Results/Genes_temp/ADAR/transcripts/ENST00000492630.1_func_domains.gff3
    jobid: 71
    wildcards: gene=ADAR, transcript=ENST00000492630.1
    priority: 8
    resources: memory=16, time=1, tmpdir=0


[Mon Apr  5 13:32:59 2021]
rule iupred2a_analysis:
    input: Results/Genes_temp/ADAR/transcripts/ENST00000647682.1_protein.fa, /home/annaldas/iupred2a/iupred2a.py
    output: Results/Genes_temp/ADAR/transcripts/ENST00000647682.1_sequence.txt, Results/Genes_temp/ADAR/transcripts/ENST00000647682.1_func_iupred2a.txt
    jobid: 85
    wildcards: gene=ADAR, transcript=ENST00000647682.1
    priority: 8
    resources: memory=10, time=1, tmpdir=0


[Mon Apr  5 13:32:59 2021]
rule functional_site_analysis:
    input: Results/Genes_temp/ADAR/transcripts/ENST00000648871.1_protein.fa
    output: Results/Genes_temp/ADAR/transcripts/ENST00000648871.1_func_sites.txt
    jobid: 93
    wildcards: gene=ADAR, transcript=ENST00000648871.1
    priority: 8
    resources: memory=10, time=1, tmpdir=0


[Mon Apr  5 13:32:59 2021]
rule functional_site_analysis:
    input: Results/Genes_temp/ADAR/transcripts/ENST00000529168.2_protein.fa
    output: Results/Genes_temp/ADAR/transcripts/ENST00000529168.2_func_sites.txt
    jobid: 58
    wildcards: gene=ADAR, transcript=ENST00000529168.2
    priority: 8
    resources: memory=10, time=1, tmpdir=0


[Mon Apr  5 13:32:59 2021]
rule interpro_scan:
    input: Results/Genes_temp/ADAR/transcripts/ENST00000647682.1_protein.fa
    output: Results/Genes_temp/ADAR/transcripts/ENST00000647682.1_func_domains.gff3
    jobid: 86
    wildcards: gene=ADAR, transcript=ENST00000647682.1
    priority: 8
    resources: memory=16, time=1, tmpdir=0


[Mon Apr  5 13:32:59 2021]
rule interpro_scan:
    input: Results/Genes_temp/ADAR/transcripts/ENST00000648231.1_protein.fa
    output: Results/Genes_temp/ADAR/transcripts/ENST00000648231.1_func_domains.gff3
    jobid: 16
    wildcards: gene=ADAR, transcript=ENST00000648231.1
    priority: 8
    resources: memory=16, time=1, tmpdir=0


[Mon Apr  5 13:32:59 2021]
rule iupred2a_analysis:
    input: Results/Genes_temp/ADAR/transcripts/ENST00000368471.8_protein.fa, /home/annaldas/iupred2a/iupred2a.py
    output: Results/Genes_temp/ADAR/transcripts/ENST00000368471.8_sequence.txt, Results/Genes_temp/ADAR/transcripts/ENST00000368471.8_func_iupred2a.txt
    jobid: 20
    wildcards: gene=ADAR, transcript=ENST00000368471.8
    priority: 8
    resources: memory=10, time=1, tmpdir=0


[Mon Apr  5 13:32:59 2021]
rule iupred2a_analysis:
    input: Results/Genes_temp/ADAR/transcripts/ENST00000368474.9_protein.fa, /home/annaldas/iupred2a/iupred2a.py
    output: Results/Genes_temp/ADAR/transcripts/ENST00000368474.9_sequence.txt, Results/Genes_temp/ADAR/transcripts/ENST00000368474.9_func_iupred2a.txt
    jobid: 10
    wildcards: gene=ADAR, transcript=ENST00000368474.9
    priority: 8
    resources: memory=10, time=1, tmpdir=0


[Mon Apr  5 13:32:59 2021]
rule interpro_scan:
    input: Results/Genes_temp/ADAR/transcripts/ENST00000649408.1_protein.fa
    output: Results/Genes_temp/ADAR/transcripts/ENST00000649408.1_func_domains.gff3
    jobid: 66
    wildcards: gene=ADAR, transcript=ENST00000649408.1
    priority: 8
    resources: memory=16, time=1, tmpdir=0


[Mon Apr  5 13:32:59 2021]
rule iupred2a_analysis:
    input: Results/Genes_temp/ADAR/transcripts/ENST00000534279.1_protein.fa, /home/annaldas/iupred2a/iupred2a.py
    output: Results/Genes_temp/ADAR/transcripts/ENST00000534279.1_sequence.txt, Results/Genes_temp/ADAR/transcripts/ENST00000534279.1_func_iupred2a.txt
    jobid: 80
    wildcards: gene=ADAR, transcript=ENST00000534279.1
    priority: 8
    resources: memory=10, time=1, tmpdir=0


[Mon Apr  5 13:32:59 2021]
rule functional_site_analysis:
    input: Results/Genes_temp/ADAR/transcripts/ENST00000492630.1_protein.fa
    output: Results/Genes_temp/ADAR/transcripts/ENST00000492630.1_func_sites.txt
    jobid: 73
    wildcards: gene=ADAR, transcript=ENST00000492630.1
    priority: 8
    resources: memory=10, time=1, tmpdir=0


[Mon Apr  5 13:32:59 2021]
rule interpro_scan:
    input: Results/Genes_temp/ADAR/transcripts/ENST00000368474.9_protein.fa
    output: Results/Genes_temp/ADAR/transcripts/ENST00000368474.9_func_domains.gff3
    jobid: 11
    wildcards: gene=ADAR, transcript=ENST00000368474.9
    priority: 8
    resources: memory=16, time=1, tmpdir=0


[Mon Apr  5 13:32:59 2021]
rule iupred2a_analysis:
    input: Results/Genes_temp/ADAR/transcripts/ENST00000648714.1_protein.fa, /home/annaldas/iupred2a/iupred2a.py
    output: Results/Genes_temp/ADAR/transcripts/ENST00000648714.1_sequence.txt, Results/Genes_temp/ADAR/transcripts/ENST00000648714.1_func_iupred2a.txt
    jobid: 25
    wildcards: gene=ADAR, transcript=ENST00000648714.1
    priority: 8
    resources: memory=10, time=1, tmpdir=0


[Mon Apr  5 13:32:59 2021]
rule interpro_scan:
    input: Results/Genes_temp/ADAR/transcripts/ENST00000534279.1_protein.fa
    output: Results/Genes_temp/ADAR/transcripts/ENST00000534279.1_func_domains.gff3
    jobid: 81
    wildcards: gene=ADAR, transcript=ENST00000534279.1
    priority: 8
    resources: memory=16, time=1, tmpdir=0


[Mon Apr  5 13:32:59 2021]
rule iupred2a_analysis:
    input: Results/Genes_temp/ADAR/transcripts/ENST00000463920.5_protein.fa, /home/annaldas/iupred2a/iupred2a.py
    output: Results/Genes_temp/ADAR/transcripts/ENST00000463920.5_sequence.txt, Results/Genes_temp/ADAR/transcripts/ENST00000463920.5_func_iupred2a.txt
    jobid: 95
    wildcards: gene=ADAR, transcript=ENST00000463920.5
    priority: 8
    resources: memory=10, time=1, tmpdir=0


[Mon Apr  5 13:32:59 2021]
rule iupred2a_analysis:
    input: Results/Genes_temp/ADAR/transcripts/ENST00000649022.1_protein.fa, /home/annaldas/iupred2a/iupred2a.py
    output: Results/Genes_temp/ADAR/transcripts/ENST00000649022.1_sequence.txt, Results/Genes_temp/ADAR/transcripts/ENST00000649022.1_func_iupred2a.txt
    jobid: 60
    wildcards: gene=ADAR, transcript=ENST00000649022.1
    priority: 8
    resources: memory=10, time=1, tmpdir=0


[Mon Apr  5 13:32:59 2021]
rule functional_site_analysis:
    input: Results/Genes_temp/ADAR/transcripts/ENST00000647682.1_protein.fa
    output: Results/Genes_temp/ADAR/transcripts/ENST00000647682.1_func_sites.txt
    jobid: 88
    wildcards: gene=ADAR, transcript=ENST00000647682.1
    priority: 8
    resources: memory=10, time=1, tmpdir=0

[Mon Apr  5 13:32:59 2021]
Finished job 80.
4 of 112 steps (4%) done

[Mon Apr  5 13:32:59 2021]
rule functional_site_analysis:
    input: Results/Genes_temp/ADAR/transcripts/ENST00000648231.1_protein.fa
    output: Results/Genes_temp/ADAR/transcripts/ENST00000648231.1_func_sites.txt
    jobid: 18
    wildcards: gene=ADAR, transcript=ENST00000648231.1
    priority: 8
    resources: memory=10, time=1, tmpdir=0


[Mon Apr  5 13:32:59 2021]
rule interpro_scan:
    input: Results/Genes_temp/ADAR/transcripts/ENST00000648714.1_protein.fa
    output: Results/Genes_temp/ADAR/transcripts/ENST00000648714.1_func_domains.gff3
    jobid: 26
    wildcards: gene=ADAR, transcript=ENST00000648714.1
    priority: 8
    resources: memory=16, time=1, tmpdir=0

[Mon Apr  5 13:32:59 2021]
Finished job 85.
5 of 112 steps (4%) done

[Mon Apr  5 13:32:59 2021]
rule functional_site_analysis:
    input: Results/Genes_temp/ADAR/transcripts/ENST00000649408.1_protein.fa
    output: Results/Genes_temp/ADAR/transcripts/ENST00000649408.1_func_sites.txt
    jobid: 68
    wildcards: gene=ADAR, transcript=ENST00000649408.1
    priority: 8
    resources: memory=10, time=1, tmpdir=0


[Mon Apr  5 13:32:59 2021]
rule interpro_scan:
    input: Results/Genes_temp/ADAR/transcripts/ENST00000463920.5_protein.fa
    output: Results/Genes_temp/ADAR/transcripts/ENST00000463920.5_func_domains.gff3
    jobid: 96
    wildcards: gene=ADAR, transcript=ENST00000463920.5
    priority: 8
    resources: memory=16, time=1, tmpdir=0

[Mon Apr  5 13:32:59 2021]

Finished job 15.
[Mon Apr  5 13:32:59 2021]
6 of 112 steps (5%) done
rule interpro_scan:
    input: Results/Genes_temp/ADAR/transcripts/ENST00000649022.1_protein.fa
    output: Results/Genes_temp/ADAR/transcripts/ENST00000649022.1_func_domains.gff3
    jobid: 61
    wildcards: gene=ADAR, transcript=ENST00000649022.1
    priority: 8
    resources: memory=16, time=1, tmpdir=0


[Mon Apr  5 13:32:59 2021]
rule iupred2a_analysis:
    input: Results/Genes_temp/ADAR/transcripts/ENST00000530954.1_protein.fa, /home/annaldas/iupred2a/iupred2a.py
    output: Results/Genes_temp/ADAR/transcripts/ENST00000530954.1_sequence.txt, Results/Genes_temp/ADAR/transcripts/ENST00000530954.1_func_iupred2a.txt
    jobid: 75
    wildcards: gene=ADAR, transcript=ENST00000530954.1
    priority: 8
    resources: memory=10, time=1, tmpdir=0

[Mon Apr  5 13:32:59 2021]
Finished job 20.
7 of 112 steps (6%) done

[Mon Apr  5 13:32:59 2021]
rule iupred2a_analysis:
    input: Results/Genes_temp/ADAR/transcripts/ENST00000648871.1_protein.fa, /home/annaldas/iupred2a/iupred2a.py
    output: Results/Genes_temp/ADAR/transcripts/ENST00000648871.1_sequence.txt, Results/Genes_temp/ADAR/transcripts/ENST00000648871.1_func_iupred2a.txt
    jobid: 90
    wildcards: gene=ADAR, transcript=ENST00000648871.1
    priority: 8
    resources: memory=10, time=1, tmpdir=0

[Mon Apr  5 13:32:59 2021]
Finished job 95.
8 of 112 steps (7%) done
[Mon Apr  5 13:32:59 2021]
Finished job 25.
9 of 112 steps (8%) done
[Mon Apr  5 13:32:59 2021]
Finished job 10.
10 of 112 steps (9%) done
Select jobs to execute...
[Mon Apr  5 13:32:59 2021]
Finished job 60.
11 of 112 steps (10%) done
[Mon Apr  5 13:32:59 2021]
Finished job 75.
12 of 112 steps (11%) done

[Mon Apr  5 13:32:59 2021]
rule functional_site_analysis:
    input: Results/Genes_temp/ADAR/transcripts/ENST00000494866.1_protein.fa
    output: Results/Genes_temp/ADAR/transcripts/ENST00000494866.1_func_sites.txt
    jobid: 108
    wildcards: gene=ADAR, transcript=ENST00000494866.1
    priority: 8
    resources: memory=10, time=1, tmpdir=0


[Mon Apr  5 13:32:59 2021]
rule functional_site_analysis:
    input: Results/Genes_temp/ADAR/transcripts/ENST00000649749.1_protein.fa
    output: Results/Genes_temp/ADAR/transcripts/ENST00000649749.1_func_sites.txt
    jobid: 38
    wildcards: gene=ADAR, transcript=ENST00000649749.1
    priority: 8
    resources: memory=10, time=1, tmpdir=0


[Mon Apr  5 13:32:59 2021]
rule functional_site_analysis:
    input: Results/Genes_temp/ADAR/transcripts/ENST00000368474.9_protein.fa
    output: Results/Genes_temp/ADAR/transcripts/ENST00000368474.9_func_sites.txt
    jobid: 13
    wildcards: gene=ADAR, transcript=ENST00000368474.9
    priority: 8
    resources: memory=10, time=1, tmpdir=0


[Mon Apr  5 13:32:59 2021]
rule interpro_scan:
    input: Results/Genes_temp/ADAR/transcripts/ENST00000649042.1_protein.fa
    output: Results/Genes_temp/ADAR/transcripts/ENST00000649042.1_func_domains.gff3
    jobid: 31
    wildcards: gene=ADAR, transcript=ENST00000649042.1
    priority: 8
    resources: memory=16, time=1, tmpdir=0


[Mon Apr  5 13:32:59 2021]
rule iupred2a_analysis:
    input: Results/Genes_temp/ADAR/transcripts/ENST00000649724.1_protein.fa, /home/annaldas/iupred2a/iupred2a.py
    output: Results/Genes_temp/ADAR/transcripts/ENST00000649724.1_sequence.txt, Results/Genes_temp/ADAR/transcripts/ENST00000649724.1_func_iupred2a.txt
    jobid: 45
    wildcards: gene=ADAR, transcript=ENST00000649724.1
    priority: 8
    resources: memory=10, time=1, tmpdir=0

[Mon Apr  5 13:32:59 2021]
Finished job 90.
13 of 112 steps (12%) done

[Mon Apr  5 13:32:59 2021]
rule iupred2a_analysis:
    input: Results/Genes_temp/ADAR/transcripts/ENST00000471068.2_protein.fa, /home/annaldas/iupred2a/iupred2a.py
    output: Results/Genes_temp/ADAR/transcripts/ENST00000471068.2_sequence.txt, Results/Genes_temp/ADAR/transcripts/ENST00000471068.2_func_iupred2a.txt
    jobid: 100
    wildcards: gene=ADAR, transcript=ENST00000471068.2
    priority: 8
    resources: memory=10, time=1, tmpdir=0


[Mon Apr  5 13:32:59 2021]
rule interpro_scan:
    input: Results/Genes_temp/ADAR/transcripts/ENST00000649724.1_protein.fa
    output: Results/Genes_temp/ADAR/transcripts/ENST00000649724.1_func_domains.gff3
    jobid: 46
    wildcards: gene=ADAR, transcript=ENST00000649724.1
    priority: 8
    resources: memory=16, time=1, tmpdir=0

Select jobs to execute...

[Mon Apr  5 13:32:59 2021]
rule iupred2a_analysis:
    input: Results/Genes_temp/ADAR/transcripts/ENST00000648311.1_protein.fa, /home/annaldas/iupred2a/iupred2a.py
    output: Results/Genes_temp/ADAR/transcripts/ENST00000648311.1_sequence.txt, Results/Genes_temp/ADAR/transcripts/ENST00000648311.1_func_iupred2a.txt
    jobid: 40
    wildcards: gene=ADAR, transcript=ENST00000648311.1
    priority: 8
    resources: memory=10, time=1, tmpdir=0


[Mon Apr  5 13:32:59 2021]
rule iupred2a_analysis:
    input: Results/Genes_temp/ADAR/transcripts/ENST00000526905.2_protein.fa, /home/annaldas/iupred2a/iupred2a.py
    output: Results/Genes_temp/ADAR/transcripts/ENST00000526905.2_sequence.txt, Results/Genes_temp/ADAR/transcripts/ENST00000526905.2_func_iupred2a.txt
    jobid: 110
    wildcards: gene=ADAR, transcript=ENST00000526905.2
    priority: 8
    resources: memory=10, time=1, tmpdir=0


[Mon Apr  5 13:32:59 2021]
rule interpro_scan:
    input: Results/Genes_temp/ADAR/transcripts/ENST00000649021.1_protein.fa
    output: Results/Genes_temp/ADAR/transcripts/ENST00000649021.1_func_domains.gff3
    jobid: 51
    wildcards: gene=ADAR, transcript=ENST00000649021.1
    priority: 8
    resources: memory=16, time=1, tmpdir=0

Select jobs to execute...
Select jobs to execute...
Select jobs to execute...
Select jobs to execute...
Select jobs to execute...
Select jobs to execute...
Select jobs to execute...
Select jobs to execute...
[Mon Apr  5 13:32:59 2021]
Finished job 100.
14 of 112 steps (12%) done
Select jobs to execute...
[Mon Apr  5 13:32:59 2021]
Finished job 110.
15 of 112 steps (13%) done

[Mon Apr  5 13:32:59 2021]
rule functional_site_analysis:
    input: Results/Genes_temp/ADAR/transcripts/ENST00000648714.1_protein.fa
    output: Results/Genes_temp/ADAR/transcripts/ENST00000648714.1_func_sites.txt
    jobid: 28
    wildcards: gene=ADAR, transcript=ENST00000648714.1
    priority: 8
    resources: memory=10, time=1, tmpdir=0

Select jobs to execute...
[Mon Apr  5 13:32:59 2021]
Finished job 45.
16 of 112 steps (14%) done

[Mon Apr  5 13:32:59 2021]
rule interpro_scan:
    input: Results/Genes_temp/ADAR/transcripts/ENST00000529168.2_protein.fa
    output: Results/Genes_temp/ADAR/transcripts/ENST00000529168.2_func_domains.gff3
    jobid: 56
    wildcards: gene=ADAR, transcript=ENST00000529168.2
    priority: 8
    resources: memory=16, time=1, tmpdir=0

Select jobs to execute...
[Mon Apr  5 13:32:59 2021]
Finished job 40.
17 of 112 steps (15%) done

[Mon Apr  5 13:32:59 2021]
rule functional_site_analysis:
    input: Results/Genes_temp/ADAR/transcripts/ENST00000530954.1_protein.fa
    output: Results/Genes_temp/ADAR/transcripts/ENST00000530954.1_func_sites.txt
    jobid: 78
    wildcards: gene=ADAR, transcript=ENST00000530954.1
    priority: 8
    resources: memory=10, time=1, tmpdir=0

Select jobs to execute...

[Mon Apr  5 13:32:59 2021]
rule functional_site_analysis:
    input: Results/Genes_temp/ADAR/transcripts/ENST00000368471.8_protein.fa
    output: Results/Genes_temp/ADAR/transcripts/ENST00000368471.8_func_sites.txt
    jobid: 23
    wildcards: gene=ADAR, transcript=ENST00000368471.8
    priority: 8
    resources: memory=10, time=1, tmpdir=0

[Mon Apr  5 13:33:15 2021]
Finished job 113.
18 of 112 steps (16%) done
Select jobs to execute...

[Mon Apr  5 13:33:15 2021]
rule interpro_scan:
    input: Results/Genes_temp/ADAR/transcripts/ENST00000526905.2_protein.fa
    output: Results/Genes_temp/ADAR/transcripts/ENST00000526905.2_func_domains.gff3
    jobid: 111
    wildcards: gene=ADAR, transcript=ENST00000526905.2
    priority: 8
    resources: memory=16, time=1, tmpdir=0

[Mon Apr  5 13:33:15 2021]
Finished job 108.
19 of 112 steps (17%) done
Select jobs to execute...

[Mon Apr  5 13:33:15 2021]
rule iupred2a_analysis:
    input: Results/Genes_temp/ADAR/transcripts/ENST00000492630.1_protein.fa, /home/annaldas/iupred2a/iupred2a.py
    output: Results/Genes_temp/ADAR/transcripts/ENST00000492630.1_sequence.txt, Results/Genes_temp/ADAR/transcripts/ENST00000492630.1_func_iupred2a.txt
    jobid: 70
    wildcards: gene=ADAR, transcript=ENST00000492630.1
    priority: 8
    resources: memory=10, time=1, tmpdir=0

[Mon Apr  5 13:33:15 2021]
Finished job 70.
20 of 112 steps (18%) done
Select jobs to execute...

[Mon Apr  5 13:33:15 2021]
rule iupred2a_analysis:
    input: Results/Genes_temp/ADAR/transcripts/ENST00000649021.1_protein.fa, /home/annaldas/iupred2a/iupred2a.py
    output: Results/Genes_temp/ADAR/transcripts/ENST00000649021.1_sequence.txt, Results/Genes_temp/ADAR/transcripts/ENST00000649021.1_func_iupred2a.txt
    jobid: 50
    wildcards: gene=ADAR, transcript=ENST00000649021.1
    priority: 8
    resources: memory=10, time=1, tmpdir=0

[Mon Apr  5 13:33:16 2021]
Finished job 50.
21 of 112 steps (19%) done
Select jobs to execute...

[Mon Apr  5 13:33:16 2021]
rule interpro_scan:
    input: Results/Genes_temp/ADAR/transcripts/ENST00000494866.1_protein.fa
    output: Results/Genes_temp/ADAR/transcripts/ENST00000494866.1_func_domains.gff3
    jobid: 106
    wildcards: gene=ADAR, transcript=ENST00000494866.1
    priority: 8
    resources: memory=16, time=1, tmpdir=0

[Mon Apr  5 13:33:16 2021]
Finished job 73.
22 of 112 steps (20%) done
Select jobs to execute...

[Mon Apr  5 13:33:16 2021]
rule functional_site_analysis:
    input: Results/Genes_temp/ADAR/transcripts/ENST00000649042.1_protein.fa
    output: Results/Genes_temp/ADAR/transcripts/ENST00000649042.1_func_sites.txt
    jobid: 33
    wildcards: gene=ADAR, transcript=ENST00000649042.1
    priority: 8
    resources: memory=10, time=1, tmpdir=0

[Mon Apr  5 13:33:16 2021]
Finished job 78.
23 of 112 steps (21%) done
Select jobs to execute...

[Mon Apr  5 13:33:16 2021]
rule functional_site_analysis:
    input: Results/Genes_temp/ADAR/transcripts/ENST00000534279.1_protein.fa
    output: Results/Genes_temp/ADAR/transcripts/ENST00000534279.1_func_sites.txt
    jobid: 83
    wildcards: gene=ADAR, transcript=ENST00000534279.1
    priority: 8
    resources: memory=10, time=1, tmpdir=0

[Mon Apr  5 13:33:17 2021]
Finished job 98.
24 of 112 steps (21%) done
Select jobs to execute...

[Mon Apr  5 13:33:17 2021]
rule iupred2a_analysis:
    input: Results/Genes_temp/ADAR/transcripts/ENST00000649408.1_protein.fa, /home/annaldas/iupred2a/iupred2a.py
    output: Results/Genes_temp/ADAR/transcripts/ENST00000649408.1_sequence.txt, Results/Genes_temp/ADAR/transcripts/ENST00000649408.1_func_iupred2a.txt
    jobid: 65
    wildcards: gene=ADAR, transcript=ENST00000649408.1
    priority: 8
    resources: memory=10, time=1, tmpdir=0

[Mon Apr  5 13:33:17 2021]
Finished job 65.
25 of 112 steps (22%) done
Select jobs to execute...

[Mon Apr  5 13:33:17 2021]
rule iupred2a_analysis:
    input: Results/Genes_temp/ADAR/transcripts/ENST00000649042.1_protein.fa, /home/annaldas/iupred2a/iupred2a.py
    output: Results/Genes_temp/ADAR/transcripts/ENST00000649042.1_sequence.txt, Results/Genes_temp/ADAR/transcripts/ENST00000649042.1_func_iupred2a.txt
    jobid: 30
    wildcards: gene=ADAR, transcript=ENST00000649042.1
    priority: 8
    resources: memory=10, time=1, tmpdir=0

[Mon Apr  5 13:33:17 2021]
Finished job 93.
26 of 112 steps (23%) done
[Mon Apr  5 13:33:17 2021]
Finished job 30.
27 of 112 steps (24%) done
Select jobs to execute...

[Mon Apr  5 13:33:17 2021]
rule functional_site_analysis:
    input: Results/Genes_temp/ADAR/transcripts/ENST00000649021.1_protein.fa
    output: Results/Genes_temp/ADAR/transcripts/ENST00000649021.1_func_sites.txt
    jobid: 53
    wildcards: gene=ADAR, transcript=ENST00000649021.1
    priority: 8
    resources: memory=10, time=1, tmpdir=0


[Mon Apr  5 13:33:17 2021]
rule interpro_scan:
    input: Results/Genes_temp/ADAR/transcripts/ENST00000649749.1_protein.fa
    output: Results/Genes_temp/ADAR/transcripts/ENST00000649749.1_func_domains.gff3
    jobid: 36
    wildcards: gene=ADAR, transcript=ENST00000649749.1
    priority: 8
    resources: memory=16, time=1, tmpdir=0

Select jobs to execute...
[Mon Apr  5 13:33:17 2021]
Finished job 68.
28 of 112 steps (25%) done
Select jobs to execute...

[Mon Apr  5 13:33:17 2021]
rule iupred2a_analysis:
    input: Results/Genes_temp/ADAR/transcripts/ENST00000529168.2_protein.fa, /home/annaldas/iupred2a/iupred2a.py
    output: Results/Genes_temp/ADAR/transcripts/ENST00000529168.2_sequence.txt, Results/Genes_temp/ADAR/transcripts/ENST00000529168.2_func_iupred2a.txt
    jobid: 55
    wildcards: gene=ADAR, transcript=ENST00000529168.2
    priority: 8
    resources: memory=10, time=1, tmpdir=0

[Mon Apr  5 13:33:17 2021]
Finished job 55.
29 of 112 steps (26%) done
Select jobs to execute...

[Mon Apr  5 13:33:18 2021]
rule iupred2a_analysis:
    input: Results/Genes_temp/ADAR/transcripts/ENST00000649749.1_protein.fa, /home/annaldas/iupred2a/iupred2a.py
    output: Results/Genes_temp/ADAR/transcripts/ENST00000649749.1_sequence.txt, Results/Genes_temp/ADAR/transcripts/ENST00000649749.1_func_iupred2a.txt
    jobid: 35
    wildcards: gene=ADAR, transcript=ENST00000649749.1
    priority: 8
    resources: memory=10, time=1, tmpdir=0

[Mon Apr  5 13:33:18 2021]
Finished job 35.
30 of 112 steps (27%) done
Select jobs to execute...

[Mon Apr  5 13:33:18 2021]
rule functional_site_analysis:
    input: Results/Genes_temp/ADAR/transcripts/ENST00000649724.1_protein.fa
    output: Results/Genes_temp/ADAR/transcripts/ENST00000649724.1_func_sites.txt
    jobid: 48
    wildcards: gene=ADAR, transcript=ENST00000649724.1
    priority: 8
    resources: memory=10, time=1, tmpdir=0

[Mon Apr  5 13:33:18 2021]
Finished job 28.
31 of 112 steps (28%) done
Select jobs to execute...

[Mon Apr  5 13:33:18 2021]
rule iupred2a_analysis:
    input: Results/Genes_temp/ADAR/transcripts/ENST00000494866.1_protein.fa, /home/annaldas/iupred2a/iupred2a.py
    output: Results/Genes_temp/ADAR/transcripts/ENST00000494866.1_sequence.txt, Results/Genes_temp/ADAR/transcripts/ENST00000494866.1_func_iupred2a.txt
    jobid: 105
    wildcards: gene=ADAR, transcript=ENST00000494866.1
    priority: 8
    resources: memory=10, time=1, tmpdir=0

[Mon Apr  5 13:33:18 2021]
Finished job 105.
32 of 112 steps (29%) done
Select jobs to execute...

[Mon Apr  5 13:33:18 2021]
rule functional_site_analysis:
    input: Results/Genes_temp/ADAR/transcripts/ENST00000471068.2_protein.fa
    output: Results/Genes_temp/ADAR/transcripts/ENST00000471068.2_func_sites.txt
    jobid: 103
    wildcards: gene=ADAR, transcript=ENST00000471068.2
    priority: 8
    resources: memory=10, time=1, tmpdir=0

[Mon Apr  5 13:33:19 2021]
Finished job 88.
33 of 112 steps (29%) done
Select jobs to execute...

[Mon Apr  5 13:33:19 2021]
rule interpro_scan:
    input: Results/Genes_temp/ADAR/transcripts/ENST00000471068.2_protein.fa
    output: Results/Genes_temp/ADAR/transcripts/ENST00000471068.2_func_domains.gff3
    jobid: 101
    wildcards: gene=ADAR, transcript=ENST00000471068.2
    priority: 8
    resources: memory=16, time=1, tmpdir=0

[Mon Apr  5 13:33:19 2021]
Finished job 63.
34 of 112 steps (30%) done
Select jobs to execute...

[Mon Apr  5 13:33:19 2021]
rule interpro_scan:
    input: Results/Genes_temp/ADAR/transcripts/ENST00000648871.1_protein.fa
    output: Results/Genes_temp/ADAR/transcripts/ENST00000648871.1_func_domains.gff3
    jobid: 91
    wildcards: gene=ADAR, transcript=ENST00000648871.1
    priority: 8
    resources: memory=16, time=1, tmpdir=0

[Mon Apr  5 13:33:20 2021]
Finished job 38.
35 of 112 steps (31%) done
Select jobs to execute...
[Mon Apr  5 13:33:20 2021]
Finished job 18.
36 of 112 steps (32%) done
Select jobs to execute...
[Mon Apr  5 13:33:21 2021]
Finished job 58.
37 of 112 steps (33%) done
Select jobs to execute...
[Mon Apr  5 13:33:21 2021]
Finished job 23.
38 of 112 steps (34%) done
Select jobs to execute...
[Mon Apr  5 13:33:21 2021]
Finished job 13.
39 of 112 steps (35%) done
Select jobs to execute...
[Mon Apr  5 13:33:21 2021]
Finished job 43.
40 of 112 steps (36%) done
Select jobs to execute...
[Mon Apr  5 13:33:31 2021]
Finished job 83.
41 of 112 steps (37%) done
Select jobs to execute...
[Mon Apr  5 13:33:34 2021]
Finished job 103.
42 of 112 steps (38%) done
Select jobs to execute...
[Mon Apr  5 13:33:34 2021]
Finished job 33.
43 of 112 steps (38%) done
Select jobs to execute...
[Mon Apr  5 13:33:36 2021]
Finished job 53.
44 of 112 steps (39%) done
Select jobs to execute...
[Mon Apr  5 13:33:37 2021]
Finished job 106.
45 of 112 steps (40%) done
Select jobs to execute...
[Mon Apr  5 13:33:38 2021]
Finished job 48.
46 of 112 steps (41%) done
Select jobs to execute...
[Mon Apr  5 13:33:38 2021]
Finished job 111.
47 of 112 steps (42%) done
Select jobs to execute...
[Mon Apr  5 13:33:49 2021]
Finished job 16.
48 of 112 steps (43%) done
Select jobs to execute...
[Mon Apr  5 13:33:51 2021]
Finished job 81.
49 of 112 steps (44%) done
Select jobs to execute...
[Mon Apr  5 13:33:51 2021]
Finished job 96.
50 of 112 steps (45%) done

[Mon Apr  5 13:33:51 2021]
rule brewery_analysis:
    input: Results/Genes_temp/ADAR/transcripts/ENST00000648311.1_protein.fa
    output: Results/Genes_temp/ADAR/transcripts/ENST00000648311.1_protein.fa.ss3
    jobid: 42
    wildcards: gene=ADAR, transcript=ENST00000648311.1
    priority: 10
    threads: 16
    resources: memory=8, time=1, tmpdir=16

Select jobs to execute...
[Mon Apr  5 13:33:51 2021]
Finished job 86.
51 of 112 steps (46%) done
Select jobs to execute...
[Mon Apr  5 13:33:52 2021]
Finished job 76.
52 of 112 steps (46%) done
Select jobs to execute...
[Mon Apr  5 13:33:52 2021]
Finished job 11.
53 of 112 steps (47%) done
Select jobs to execute...
[Mon Apr  5 13:33:52 2021]
Finished job 21.
54 of 112 steps (48%) done
Select jobs to execute...
[Mon Apr  5 13:33:52 2021]
Finished job 66.
55 of 112 steps (49%) done
Select jobs to execute...
[Mon Apr  5 13:33:52 2021]
Finished job 31.
56 of 112 steps (50%) done
Select jobs to execute...
[Mon Apr  5 13:33:53 2021]
Finished job 26.
57 of 112 steps (51%) done
Select jobs to execute...
[Mon Apr  5 13:33:53 2021]
Finished job 51.
58 of 112 steps (52%) done
Select jobs to execute...
[Mon Apr  5 13:33:53 2021]
Finished job 61.
59 of 112 steps (53%) done
Select jobs to execute...
[Mon Apr  5 13:33:54 2021]
Finished job 41.
60 of 112 steps (54%) done
Select jobs to execute...
[Mon Apr  5 13:33:54 2021]
Finished job 71.
61 of 112 steps (54%) done
Select jobs to execute...
[Mon Apr  5 13:33:57 2021]
Finished job 46.
62 of 112 steps (55%) done
Select jobs to execute...
[Mon Apr  5 13:33:57 2021]
Finished job 56.
63 of 112 steps (56%) done
Select jobs to execute...
[Mon Apr  5 13:34:03 2021]
Finished job 36.
64 of 112 steps (57%) done
Select jobs to execute...
[Mon Apr  5 13:34:06 2021]
Finished job 91.
65 of 112 steps (58%) done
Select jobs to execute...
[Mon Apr  5 13:34:10 2021]
Finished job 101.
66 of 112 steps (59%) done
Select jobs to execute...

[Mon Apr  5 13:34:10 2021]
rule brewery_analysis:
    input: Results/Genes_temp/ADAR/transcripts/ENST00000648714.1_protein.fa
    output: Results/Genes_temp/ADAR/transcripts/ENST00000648714.1_protein.fa.ss3
    jobid: 27
    wildcards: gene=ADAR, transcript=ENST00000648714.1
    priority: 10
    threads: 16
    resources: memory=8, time=1, tmpdir=16

[Mon Apr  5 13:35:28 2021]
Finished job 27.
67 of 112 steps (60%) done
Select jobs to execute...

[Mon Apr  5 13:35:28 2021]
rule brewery_analysis:
    input: Results/Genes_temp/ADAR/transcripts/ENST00000530954.1_protein.fa
    output: Results/Genes_temp/ADAR/transcripts/ENST00000530954.1_protein.fa.ss3
    jobid: 77
    wildcards: gene=ADAR, transcript=ENST00000530954.1
    priority: 10
    threads: 16
    resources: memory=8, time=1, tmpdir=16

[Mon Apr  5 13:35:44 2021]
Finished job 77.
68 of 112 steps (61%) done
Select jobs to execute...

[Mon Apr  5 13:35:44 2021]
rule brewery_analysis:
    input: Results/Genes_temp/ADAR/transcripts/ENST00000526905.2_protein.fa
    output: Results/Genes_temp/ADAR/transcripts/ENST00000526905.2_protein.fa.ss3
    jobid: 112
    wildcards: gene=ADAR, transcript=ENST00000526905.2
    priority: 10
    threads: 16
    resources: memory=8, time=1, tmpdir=16

[Mon Apr  5 13:36:00 2021]
Finished job 112.
69 of 112 steps (62%) done
Select jobs to execute...

[Mon Apr  5 13:36:00 2021]
rule individual_transcript_analysis:
    input: Results/Genes_temp/ADAR/transcripts/ENST00000648714.1_protein.fa, Results/Genes_temp/ADAR/transcripts/ENST00000648714.1_func_iupred2a.txt, Results/Genes_temp/ADAR/transcripts/ENST00000648714.1_func_domains.gff3, Results/Genes_temp/ADAR/transcripts/ENST00000648714.1_protein.fa.ss3, Results/Genes_temp/ADAR/transcripts/ENST00000648714.1_func_sites.txt
    output: Results/Genes_temp/ADAR/transcripts/ENST00000648714.1_analysis.txt
    jobid: 24
    wildcards: gene=ADAR, transcript=ENST00000648714.1
    priority: 5
    resources: memory=10, time=1, tmpdir=0

[Mon Apr  5 13:36:00 2021]
rule individual_transcript_analysis:
    input: Results/Genes_temp/ADAR/transcripts/ENST00000526905.2_protein.fa, Results/Genes_temp/ADAR/transcripts/ENST00000526905.2_func_iupred2a.txt, Results/Genes_temp/ADAR/transcripts/ENST00000526905.2_func_domains.gff3, Results/Genes_temp/ADAR/transcripts/ENST00000526905.2_protein.fa.ss3, Results/Genes_temp/ADAR/transcripts/ENST00000526905.2_func_sites.txt
    output: Results/Genes_temp/ADAR/transcripts/ENST00000526905.2_analysis.txt
    jobid: 109
    wildcards: gene=ADAR, transcript=ENST00000526905.2
    priority: 5
    resources: memory=10, time=1, tmpdir=0

[Mon Apr  5 13:36:00 2021]
rule individual_transcript_analysis:
    input: Results/Genes_temp/ADAR/transcripts/ENST00000530954.1_protein.fa, Results/Genes_temp/ADAR/transcripts/ENST00000530954.1_func_iupred2a.txt, Results/Genes_temp/ADAR/transcripts/ENST00000530954.1_func_domains.gff3, Results/Genes_temp/ADAR/transcripts/ENST00000530954.1_protein.fa.ss3, Results/Genes_temp/ADAR/transcripts/ENST00000530954.1_func_sites.txt
    output: Results/Genes_temp/ADAR/transcripts/ENST00000530954.1_analysis.txt
    jobid: 74
    wildcards: gene=ADAR, transcript=ENST00000530954.1
    priority: 5
    resources: memory=10, time=1, tmpdir=0

[Mon Apr  5 13:36:00 2021]
Finished job 74.
70 of 112 steps (62%) done
Select jobs to execute...
[Mon Apr  5 13:36:00 2021]
Finished job 109.
71 of 112 steps (63%) done
[Mon Apr  5 13:36:00 2021]
Finished job 24.
72 of 112 steps (64%) done

[Mon Apr  5 13:36:00 2021]
rule brewery_analysis:
    input: Results/Genes_temp/ADAR/transcripts/ENST00000649724.1_protein.fa
    output: Results/Genes_temp/ADAR/transcripts/ENST00000649724.1_protein.fa.ss3
    jobid: 47
    wildcards: gene=ADAR, transcript=ENST00000649724.1
    priority: 10
    threads: 16
    resources: memory=8, time=1, tmpdir=16

Select jobs to execute...
Select jobs to execute...
[Mon Apr  5 13:36:42 2021]
Finished job 42.
73 of 112 steps (65%) done
Select jobs to execute...

[Mon Apr  5 13:36:42 2021]
rule brewery_analysis:
    input: Results/Genes_temp/ADAR/transcripts/ENST00000368474.9_protein.fa
    output: Results/Genes_temp/ADAR/transcripts/ENST00000368474.9_protein.fa.ss3
    jobid: 12
    wildcards: gene=ADAR, transcript=ENST00000368474.9
    priority: 10
    threads: 16
    resources: memory=8, time=1, tmpdir=16

[Mon Apr  5 13:38:50 2021]
Finished job 47.
74 of 112 steps (66%) done
Select jobs to execute...

[Mon Apr  5 13:38:50 2021]
rule brewery_analysis:
    input: Results/Genes_temp/ADAR/transcripts/ENST00000534279.1_protein.fa
    output: Results/Genes_temp/ADAR/transcripts/ENST00000534279.1_protein.fa.ss3
    jobid: 82
    wildcards: gene=ADAR, transcript=ENST00000534279.1
    priority: 10
    threads: 16
    resources: memory=8, time=1, tmpdir=16

[Mon Apr  5 13:39:38 2021]
Finished job 12.
75 of 112 steps (67%) done
Select jobs to execute...

[Mon Apr  5 13:39:38 2021]
rule individual_transcript_analysis:
    input: Results/Genes_temp/ADAR/transcripts/ENST00000649724.1_protein.fa, Results/Genes_temp/ADAR/transcripts/ENST00000649724.1_func_iupred2a.txt, Results/Genes_temp/ADAR/transcripts/ENST00000649724.1_func_domains.gff3, Results/Genes_temp/ADAR/transcripts/ENST00000649724.1_protein.fa.ss3, Results/Genes_temp/ADAR/transcripts/ENST00000649724.1_func_sites.txt
    output: Results/Genes_temp/ADAR/transcripts/ENST00000649724.1_analysis.txt
    jobid: 44
    wildcards: gene=ADAR, transcript=ENST00000649724.1
    priority: 5
    resources: memory=10, time=1, tmpdir=0

[Mon Apr  5 13:39:38 2021]
rule individual_transcript_analysis:
    input: Results/Genes_temp/ADAR/transcripts/ENST00000648311.1_protein.fa, Results/Genes_temp/ADAR/transcripts/ENST00000648311.1_func_iupred2a.txt, Results/Genes_temp/ADAR/transcripts/ENST00000648311.1_func_domains.gff3, Results/Genes_temp/ADAR/transcripts/ENST00000648311.1_protein.fa.ss3, Results/Genes_temp/ADAR/transcripts/ENST00000648311.1_func_sites.txt
    output: Results/Genes_temp/ADAR/transcripts/ENST00000648311.1_analysis.txt
    jobid: 39
    wildcards: gene=ADAR, transcript=ENST00000648311.1
    priority: 5
    resources: memory=10, time=1, tmpdir=0

[Mon Apr  5 13:39:38 2021]
rule individual_transcript_analysis:
    input: Results/Genes_temp/ADAR/transcripts/ENST00000368474.9_protein.fa, Results/Genes_temp/ADAR/transcripts/ENST00000368474.9_func_iupred2a.txt, Results/Genes_temp/ADAR/transcripts/ENST00000368474.9_func_domains.gff3, Results/Genes_temp/ADAR/transcripts/ENST00000368474.9_protein.fa.ss3, Results/Genes_temp/ADAR/transcripts/ENST00000368474.9_func_sites.txt
    output: Results/Genes_temp/ADAR/transcripts/ENST00000368474.9_analysis.txt
    jobid: 9
    wildcards: gene=ADAR, transcript=ENST00000368474.9
    priority: 5
    resources: memory=10, time=1, tmpdir=0

[Mon Apr  5 13:39:38 2021]
Finished job 9.
76 of 112 steps (68%) done
[Mon Apr  5 13:39:38 2021]
Finished job 44.
77 of 112 steps (69%) done
[Mon Apr  5 13:39:38 2021]
Finished job 39.
78 of 112 steps (70%) done
Select jobs to execute...

[Mon Apr  5 13:39:38 2021]
rule brewery_analysis:
    input: Results/Genes_temp/ADAR/transcripts/ENST00000649408.1_protein.fa
    output: Results/Genes_temp/ADAR/transcripts/ENST00000649408.1_protein.fa.ss3
    jobid: 67
    wildcards: gene=ADAR, transcript=ENST00000649408.1
    priority: 10
    threads: 16
    resources: memory=8, time=1, tmpdir=16

Select jobs to execute...
Select jobs to execute...
[Mon Apr  5 13:39:40 2021]
Finished job 82.
79 of 112 steps (71%) done
Select jobs to execute...

[Mon Apr  5 13:39:40 2021]
rule brewery_analysis:
    input: Results/Genes_temp/ADAR/transcripts/ENST00000649749.1_protein.fa
    output: Results/Genes_temp/ADAR/transcripts/ENST00000649749.1_protein.fa.ss3
    jobid: 37
    wildcards: gene=ADAR, transcript=ENST00000649749.1
    priority: 10
    threads: 16
    resources: memory=8, time=1, tmpdir=16

[Mon Apr  5 13:40:34 2021]
Finished job 67.
80 of 112 steps (71%) done
Select jobs to execute...

[Mon Apr  5 13:40:34 2021]
rule brewery_analysis:
    input: Results/Genes_temp/ADAR/transcripts/ENST00000494866.1_protein.fa
    output: Results/Genes_temp/ADAR/transcripts/ENST00000494866.1_protein.fa.ss3
    jobid: 107
    wildcards: gene=ADAR, transcript=ENST00000494866.1
    priority: 10
    threads: 16
    resources: memory=8, time=1, tmpdir=16

[Mon Apr  5 13:40:48 2021]
Finished job 107.
81 of 112 steps (72%) done
Select jobs to execute...

[Mon Apr  5 13:40:48 2021]
rule individual_transcript_analysis:
    input: Results/Genes_temp/ADAR/transcripts/ENST00000494866.1_protein.fa, Results/Genes_temp/ADAR/transcripts/ENST00000494866.1_func_iupred2a.txt, Results/Genes_temp/ADAR/transcripts/ENST00000494866.1_func_domains.gff3, Results/Genes_temp/ADAR/transcripts/ENST00000494866.1_protein.fa.ss3, Results/Genes_temp/ADAR/transcripts/ENST00000494866.1_func_sites.txt
    output: Results/Genes_temp/ADAR/transcripts/ENST00000494866.1_analysis.txt
    jobid: 104
    wildcards: gene=ADAR, transcript=ENST00000494866.1
    priority: 5
    resources: memory=10, time=1, tmpdir=0

[Mon Apr  5 13:40:48 2021]
rule individual_transcript_analysis:
    input: Results/Genes_temp/ADAR/transcripts/ENST00000649408.1_protein.fa, Results/Genes_temp/ADAR/transcripts/ENST00000649408.1_func_iupred2a.txt, Results/Genes_temp/ADAR/transcripts/ENST00000649408.1_func_domains.gff3, Results/Genes_temp/ADAR/transcripts/ENST00000649408.1_protein.fa.ss3, Results/Genes_temp/ADAR/transcripts/ENST00000649408.1_func_sites.txt
    output: Results/Genes_temp/ADAR/transcripts/ENST00000649408.1_analysis.txt
    jobid: 64
    wildcards: gene=ADAR, transcript=ENST00000649408.1
    priority: 5
    resources: memory=10, time=1, tmpdir=0

[Mon Apr  5 13:40:48 2021]
rule individual_transcript_analysis:
    input: Results/Genes_temp/ADAR/transcripts/ENST00000534279.1_protein.fa, Results/Genes_temp/ADAR/transcripts/ENST00000534279.1_func_iupred2a.txt, Results/Genes_temp/ADAR/transcripts/ENST00000534279.1_func_domains.gff3, Results/Genes_temp/ADAR/transcripts/ENST00000534279.1_protein.fa.ss3, Results/Genes_temp/ADAR/transcripts/ENST00000534279.1_func_sites.txt
    output: Results/Genes_temp/ADAR/transcripts/ENST00000534279.1_analysis.txt
    jobid: 79
    wildcards: gene=ADAR, transcript=ENST00000534279.1
    priority: 5
    resources: memory=10, time=1, tmpdir=0

[Mon Apr  5 13:40:49 2021]
Finished job 79.
82 of 112 steps (73%) done
[Mon Apr  5 13:40:49 2021]
Finished job 104.
83 of 112 steps (74%) done
[Mon Apr  5 13:40:49 2021]
Finished job 64.
84 of 112 steps (75%) done
Select jobs to execute...

[Mon Apr  5 13:40:49 2021]
rule brewery_analysis:
    input: Results/Genes_temp/ADAR/transcripts/ENST00000649022.1_protein.fa
    output: Results/Genes_temp/ADAR/transcripts/ENST00000649022.1_protein.fa.ss3
    jobid: 62
    wildcards: gene=ADAR, transcript=ENST00000649022.1
    priority: 10
    threads: 16
    resources: memory=8, time=1, tmpdir=16

Select jobs to execute...
Select jobs to execute...
[Mon Apr  5 13:41:51 2021]
Finished job 37.
85 of 112 steps (76%) done
Select jobs to execute...

[Mon Apr  5 13:41:51 2021]
rule brewery_analysis:
    input: Results/Genes_temp/ADAR/transcripts/ENST00000649042.1_protein.fa
    output: Results/Genes_temp/ADAR/transcripts/ENST00000649042.1_protein.fa.ss3
    jobid: 32
    wildcards: gene=ADAR, transcript=ENST00000649042.1
    priority: 10
    threads: 16
    resources: memory=8, time=1, tmpdir=16

[Mon Apr  5 13:42:53 2021]
Finished job 62.
86 of 112 steps (77%) done
Select jobs to execute...

[Mon Apr  5 13:42:53 2021]
rule brewery_analysis:
    input: Results/Genes_temp/ADAR/transcripts/ENST00000471068.2_protein.fa
    output: Results/Genes_temp/ADAR/transcripts/ENST00000471068.2_protein.fa.ss3
    jobid: 102
    wildcards: gene=ADAR, transcript=ENST00000471068.2
    priority: 10
    threads: 16
    resources: memory=8, time=1, tmpdir=16

[Mon Apr  5 13:43:24 2021]
Finished job 102.
87 of 112 steps (78%) done
Select jobs to execute...

[Mon Apr  5 13:43:25 2021]
rule individual_transcript_analysis:
    input: Results/Genes_temp/ADAR/transcripts/ENST00000649022.1_protein.fa, Results/Genes_temp/ADAR/transcripts/ENST00000649022.1_func_iupred2a.txt, Results/Genes_temp/ADAR/transcripts/ENST00000649022.1_func_domains.gff3, Results/Genes_temp/ADAR/transcripts/ENST00000649022.1_protein.fa.ss3, Results/Genes_temp/ADAR/transcripts/ENST00000649022.1_func_sites.txt
    output: Results/Genes_temp/ADAR/transcripts/ENST00000649022.1_analysis.txt
    jobid: 59
    wildcards: gene=ADAR, transcript=ENST00000649022.1
    priority: 5
    resources: memory=10, time=1, tmpdir=0

[Mon Apr  5 13:43:25 2021]
rule individual_transcript_analysis:
    input: Results/Genes_temp/ADAR/transcripts/ENST00000649749.1_protein.fa, Results/Genes_temp/ADAR/transcripts/ENST00000649749.1_func_iupred2a.txt, Results/Genes_temp/ADAR/transcripts/ENST00000649749.1_func_domains.gff3, Results/Genes_temp/ADAR/transcripts/ENST00000649749.1_protein.fa.ss3, Results/Genes_temp/ADAR/transcripts/ENST00000649749.1_func_sites.txt
    output: Results/Genes_temp/ADAR/transcripts/ENST00000649749.1_analysis.txt
    jobid: 34
    wildcards: gene=ADAR, transcript=ENST00000649749.1
    priority: 5
    resources: memory=10, time=1, tmpdir=0

[Mon Apr  5 13:43:25 2021]
rule individual_transcript_analysis:
    input: Results/Genes_temp/ADAR/transcripts/ENST00000471068.2_protein.fa, Results/Genes_temp/ADAR/transcripts/ENST00000471068.2_func_iupred2a.txt, Results/Genes_temp/ADAR/transcripts/ENST00000471068.2_func_domains.gff3, Results/Genes_temp/ADAR/transcripts/ENST00000471068.2_protein.fa.ss3, Results/Genes_temp/ADAR/transcripts/ENST00000471068.2_func_sites.txt
    output: Results/Genes_temp/ADAR/transcripts/ENST00000471068.2_analysis.txt
    jobid: 99
    wildcards: gene=ADAR, transcript=ENST00000471068.2
    priority: 5
    resources: memory=10, time=1, tmpdir=0

[Mon Apr  5 13:43:25 2021]
Finished job 99.
88 of 112 steps (79%) done
Select jobs to execute...
[Mon Apr  5 13:43:25 2021]
Finished job 34.
89 of 112 steps (79%) done
[Mon Apr  5 13:43:25 2021]
Finished job 59.
90 of 112 steps (80%) done

[Mon Apr  5 13:43:25 2021]
rule brewery_analysis:
    input: Results/Genes_temp/ADAR/transcripts/ENST00000529168.2_protein.fa
    output: Results/Genes_temp/ADAR/transcripts/ENST00000529168.2_protein.fa.ss3
    jobid: 57
    wildcards: gene=ADAR, transcript=ENST00000529168.2
    priority: 10
    threads: 16
    resources: memory=8, time=1, tmpdir=16

Select jobs to execute...
Select jobs to execute...
[Mon Apr  5 13:44:01 2021]
Finished job 32.
91 of 112 steps (81%) done
Select jobs to execute...

[Mon Apr  5 13:44:01 2021]
rule brewery_analysis:
    input: Results/Genes_temp/ADAR/transcripts/ENST00000368471.8_protein.fa
    output: Results/Genes_temp/ADAR/transcripts/ENST00000368471.8_protein.fa.ss3
    jobid: 22
    wildcards: gene=ADAR, transcript=ENST00000368471.8
    priority: 10
    threads: 16
    resources: memory=8, time=1, tmpdir=16

[Mon Apr  5 13:46:13 2021]
Finished job 22.
92 of 112 steps (82%) done
Select jobs to execute...

[Mon Apr  5 13:46:13 2021]
rule brewery_analysis:
    input: Results/Genes_temp/ADAR/transcripts/ENST00000648871.1_protein.fa
    output: Results/Genes_temp/ADAR/transcripts/ENST00000648871.1_protein.fa.ss3
    jobid: 92
    wildcards: gene=ADAR, transcript=ENST00000648871.1
    priority: 10
    threads: 16
    resources: memory=8, time=1, tmpdir=16

[Mon Apr  5 13:46:21 2021]
Finished job 57.
93 of 112 steps (83%) done
Select jobs to execute...

[Mon Apr  5 13:46:21 2021]
rule individual_transcript_analysis:
    input: Results/Genes_temp/ADAR/transcripts/ENST00000529168.2_protein.fa, Results/Genes_temp/ADAR/transcripts/ENST00000529168.2_func_iupred2a.txt, Results/Genes_temp/ADAR/transcripts/ENST00000529168.2_func_domains.gff3, Results/Genes_temp/ADAR/transcripts/ENST00000529168.2_protein.fa.ss3, Results/Genes_temp/ADAR/transcripts/ENST00000529168.2_func_sites.txt
    output: Results/Genes_temp/ADAR/transcripts/ENST00000529168.2_analysis.txt
    jobid: 54
    wildcards: gene=ADAR, transcript=ENST00000529168.2
    priority: 5
    resources: memory=10, time=1, tmpdir=0

[Mon Apr  5 13:46:21 2021]
rule individual_transcript_analysis:
    input: Results/Genes_temp/ADAR/transcripts/ENST00000368471.8_protein.fa, Results/Genes_temp/ADAR/transcripts/ENST00000368471.8_func_iupred2a.txt, Results/Genes_temp/ADAR/transcripts/ENST00000368471.8_func_domains.gff3, Results/Genes_temp/ADAR/transcripts/ENST00000368471.8_protein.fa.ss3, Results/Genes_temp/ADAR/transcripts/ENST00000368471.8_func_sites.txt
    output: Results/Genes_temp/ADAR/transcripts/ENST00000368471.8_analysis.txt
    jobid: 19
    wildcards: gene=ADAR, transcript=ENST00000368471.8
    priority: 5
    resources: memory=10, time=1, tmpdir=0

[Mon Apr  5 13:46:21 2021]
rule individual_transcript_analysis:
    input: Results/Genes_temp/ADAR/transcripts/ENST00000649042.1_protein.fa, Results/Genes_temp/ADAR/transcripts/ENST00000649042.1_func_iupred2a.txt, Results/Genes_temp/ADAR/transcripts/ENST00000649042.1_func_domains.gff3, Results/Genes_temp/ADAR/transcripts/ENST00000649042.1_protein.fa.ss3, Results/Genes_temp/ADAR/transcripts/ENST00000649042.1_func_sites.txt
    output: Results/Genes_temp/ADAR/transcripts/ENST00000649042.1_analysis.txt
    jobid: 29
    wildcards: gene=ADAR, transcript=ENST00000649042.1
    priority: 5
    resources: memory=10, time=1, tmpdir=0

[Mon Apr  5 13:46:21 2021]
Finished job 29.
94 of 112 steps (84%) done
[Mon Apr  5 13:46:21 2021]
Finished job 19.
95 of 112 steps (85%) done
[Mon Apr  5 13:46:21 2021]
Finished job 54.
96 of 112 steps (86%) done
Select jobs to execute...

[Mon Apr  5 13:46:21 2021]
rule brewery_analysis:
    input: Results/Genes_temp/ADAR/transcripts/ENST00000492630.1_protein.fa
    output: Results/Genes_temp/ADAR/transcripts/ENST00000492630.1_protein.fa.ss3
    jobid: 72
    wildcards: gene=ADAR, transcript=ENST00000492630.1
    priority: 10
    threads: 16
    resources: memory=8, time=1, tmpdir=16

Select jobs to execute...
Select jobs to execute...
[Mon Apr  5 13:46:38 2021]
Finished job 72.
97 of 112 steps (87%) done
Select jobs to execute...

[Mon Apr  5 13:46:38 2021]
rule brewery_analysis:
    input: Results/Genes_temp/ADAR/transcripts/ENST00000647682.1_protein.fa
    output: Results/Genes_temp/ADAR/transcripts/ENST00000647682.1_protein.fa.ss3
    jobid: 87
    wildcards: gene=ADAR, transcript=ENST00000647682.1
    priority: 10
    threads: 16
    resources: memory=8, time=1, tmpdir=16

[Mon Apr  5 13:47:31 2021]
Finished job 92.
98 of 112 steps (88%) done
Select jobs to execute...

[Mon Apr  5 13:47:31 2021]
rule brewery_analysis:
    input: Results/Genes_temp/ADAR/transcripts/ENST00000648231.1_protein.fa
    output: Results/Genes_temp/ADAR/transcripts/ENST00000648231.1_protein.fa.ss3
    jobid: 17
    wildcards: gene=ADAR, transcript=ENST00000648231.1
    priority: 10
    threads: 16
    resources: memory=8, time=1, tmpdir=16

[Mon Apr  5 13:48:29 2021]
Finished job 87.
99 of 112 steps (88%) done
Select jobs to execute...

[Mon Apr  5 13:48:29 2021]
rule individual_transcript_analysis:
    input: Results/Genes_temp/ADAR/transcripts/ENST00000648871.1_protein.fa, Results/Genes_temp/ADAR/transcripts/ENST00000648871.1_func_iupred2a.txt, Results/Genes_temp/ADAR/transcripts/ENST00000648871.1_func_domains.gff3, Results/Genes_temp/ADAR/transcripts/ENST00000648871.1_protein.fa.ss3, Results/Genes_temp/ADAR/transcripts/ENST00000648871.1_func_sites.txt
    output: Results/Genes_temp/ADAR/transcripts/ENST00000648871.1_analysis.txt
    jobid: 89
    wildcards: gene=ADAR, transcript=ENST00000648871.1
    priority: 5
    resources: memory=10, time=1, tmpdir=0

[Mon Apr  5 13:48:29 2021]
rule individual_transcript_analysis:
    input: Results/Genes_temp/ADAR/transcripts/ENST00000492630.1_protein.fa, Results/Genes_temp/ADAR/transcripts/ENST00000492630.1_func_iupred2a.txt, Results/Genes_temp/ADAR/transcripts/ENST00000492630.1_func_domains.gff3, Results/Genes_temp/ADAR/transcripts/ENST00000492630.1_protein.fa.ss3, Results/Genes_temp/ADAR/transcripts/ENST00000492630.1_func_sites.txt
    output: Results/Genes_temp/ADAR/transcripts/ENST00000492630.1_analysis.txt
    jobid: 69
    wildcards: gene=ADAR, transcript=ENST00000492630.1
    priority: 5
    resources: memory=10, time=1, tmpdir=0

[Mon Apr  5 13:48:29 2021]
rule individual_transcript_analysis:
    input: Results/Genes_temp/ADAR/transcripts/ENST00000647682.1_protein.fa, Results/Genes_temp/ADAR/transcripts/ENST00000647682.1_func_iupred2a.txt, Results/Genes_temp/ADAR/transcripts/ENST00000647682.1_func_domains.gff3, Results/Genes_temp/ADAR/transcripts/ENST00000647682.1_protein.fa.ss3, Results/Genes_temp/ADAR/transcripts/ENST00000647682.1_func_sites.txt
    output: Results/Genes_temp/ADAR/transcripts/ENST00000647682.1_analysis.txt
    jobid: 84
    wildcards: gene=ADAR, transcript=ENST00000647682.1
    priority: 5
    resources: memory=10, time=1, tmpdir=0

[Mon Apr  5 13:48:30 2021]
Finished job 89.
100 of 112 steps (89%) done
[Mon Apr  5 13:48:30 2021]
Finished job 84.
101 of 112 steps (90%) done
Select jobs to execute...
[Mon Apr  5 13:48:30 2021]
Finished job 69.
102 of 112 steps (91%) done

[Mon Apr  5 13:48:30 2021]
rule brewery_analysis:
    input: Results/Genes_temp/ADAR/transcripts/ENST00000649021.1_protein.fa
    output: Results/Genes_temp/ADAR/transcripts/ENST00000649021.1_protein.fa.ss3
    jobid: 52
    wildcards: gene=ADAR, transcript=ENST00000649021.1
    priority: 10
    threads: 16
    resources: memory=8, time=1, tmpdir=16

Select jobs to execute...
Select jobs to execute...
[Mon Apr  5 13:49:40 2021]
Finished job 17.
103 of 112 steps (92%) done
Select jobs to execute...

[Mon Apr  5 13:49:40 2021]
rule brewery_analysis:
    input: Results/Genes_temp/ADAR/transcripts/ENST00000463920.5_protein.fa
    output: Results/Genes_temp/ADAR/transcripts/ENST00000463920.5_protein.fa.ss3
    jobid: 97
    wildcards: gene=ADAR, transcript=ENST00000463920.5
    priority: 10
    threads: 16
    resources: memory=8, time=1, tmpdir=16

[Mon Apr  5 13:50:42 2021]
Finished job 97.
104 of 112 steps (93%) done
Select jobs to execute...

[Mon Apr  5 13:50:42 2021]
rule individual_transcript_analysis:
    input: Results/Genes_temp/ADAR/transcripts/ENST00000463920.5_protein.fa, Results/Genes_temp/ADAR/transcripts/ENST00000463920.5_func_iupred2a.txt, Results/Genes_temp/ADAR/transcripts/ENST00000463920.5_func_domains.gff3, Results/Genes_temp/ADAR/transcripts/ENST00000463920.5_protein.fa.ss3, Results/Genes_temp/ADAR/transcripts/ENST00000463920.5_func_sites.txt
    output: Results/Genes_temp/ADAR/transcripts/ENST00000463920.5_analysis.txt
    jobid: 94
    wildcards: gene=ADAR, transcript=ENST00000463920.5
    priority: 5
    resources: memory=10, time=1, tmpdir=0

[Mon Apr  5 13:50:42 2021]
rule individual_transcript_analysis:
    input: Results/Genes_temp/ADAR/transcripts/ENST00000648231.1_protein.fa, Results/Genes_temp/ADAR/transcripts/ENST00000648231.1_func_iupred2a.txt, Results/Genes_temp/ADAR/transcripts/ENST00000648231.1_func_domains.gff3, Results/Genes_temp/ADAR/transcripts/ENST00000648231.1_protein.fa.ss3, Results/Genes_temp/ADAR/transcripts/ENST00000648231.1_func_sites.txt
    output: Results/Genes_temp/ADAR/transcripts/ENST00000648231.1_analysis.txt
    jobid: 14
    wildcards: gene=ADAR, transcript=ENST00000648231.1
    priority: 5
    resources: memory=10, time=1, tmpdir=0

[Mon Apr  5 13:50:42 2021]
Finished job 94.
105 of 112 steps (94%) done
[Mon Apr  5 13:50:42 2021]
Finished job 14.
106 of 112 steps (95%) done
[Mon Apr  5 13:50:43 2021]
Finished job 52.
107 of 112 steps (96%) done
Select jobs to execute...

[Mon Apr  5 13:50:43 2021]
rule individual_transcript_analysis:
    input: Results/Genes_temp/ADAR/transcripts/ENST00000649021.1_protein.fa, Results/Genes_temp/ADAR/transcripts/ENST00000649021.1_func_iupred2a.txt, Results/Genes_temp/ADAR/transcripts/ENST00000649021.1_func_domains.gff3, Results/Genes_temp/ADAR/transcripts/ENST00000649021.1_protein.fa.ss3, Results/Genes_temp/ADAR/transcripts/ENST00000649021.1_func_sites.txt
    output: Results/Genes_temp/ADAR/transcripts/ENST00000649021.1_analysis.txt
    jobid: 49
    wildcards: gene=ADAR, transcript=ENST00000649021.1
    priority: 5
    resources: memory=10, time=1, tmpdir=0

[Mon Apr  5 13:50:43 2021]
Finished job 49.
108 of 112 steps (96%) done
Select jobs to execute...

[Mon Apr  5 13:50:43 2021]
rule aggregate_transcript_analysis:
    input: Results/Genes_temp/ADAR/transcripts/ENST00000368474.9_analysis.txt, Results/Genes_temp/ADAR/transcripts/ENST00000648231.1_analysis.txt, Results/Genes_temp/ADAR/transcripts/ENST00000368471.8_analysis.txt, Results/Genes_temp/ADAR/transcripts/ENST00000648714.1_analysis.txt, Results/Genes_temp/ADAR/transcripts/ENST00000649042.1_analysis.txt, Results/Genes_temp/ADAR/transcripts/ENST00000649749.1_analysis.txt, Results/Genes_temp/ADAR/transcripts/ENST00000648311.1_analysis.txt, Results/Genes_temp/ADAR/transcripts/ENST00000649724.1_analysis.txt, Results/Genes_temp/ADAR/transcripts/ENST00000649021.1_analysis.txt, Results/Genes_temp/ADAR/transcripts/ENST00000529168.2_analysis.txt, Results/Genes_temp/ADAR/transcripts/ENST00000649022.1_analysis.txt, Results/Genes_temp/ADAR/transcripts/ENST00000649408.1_analysis.txt, Results/Genes_temp/ADAR/transcripts/ENST00000492630.1_analysis.txt, Results/Genes_temp/ADAR/transcripts/ENST00000530954.1_analysis.txt, Results/Genes_temp/ADAR/transcripts/ENST00000534279.1_analysis.txt, Results/Genes_temp/ADAR/transcripts/ENST00000647682.1_analysis.txt, Results/Genes_temp/ADAR/transcripts/ENST00000648871.1_analysis.txt, Results/Genes_temp/ADAR/transcripts/ENST00000463920.5_analysis.txt, Results/Genes_temp/ADAR/transcripts/ENST00000471068.2_analysis.txt, Results/Genes_temp/ADAR/transcripts/ENST00000494866.1_analysis.txt, Results/Genes_temp/ADAR/transcripts/ENST00000526905.2_analysis.txt, Results/Genes_temp/ADAR/ADAR_transcripts_stats.txt, Results/Genes_temp/ADAR
    output: Results/Genes/ADAR/ADAR_transcripts_filtered_analysis.txt, Results/Genes/ADAR/ADAR_transcripts_stats.txt
    jobid: 5
    wildcards: gene=ADAR
    priority: 5
    resources: memory=4, time=1, tmpdir=0

[Mon Apr  5 13:50:43 2021]
Finished job 5.
109 of 112 steps (97%) done
Select jobs to execute...

[Mon Apr  5 13:50:43 2021]
rule protein_coding_potential_analysis:
    input: Results/Genes/ADAR/ADAR_transcripts_filtered_analysis.txt, Results/Genes/ADAR/ADAR_transcripts_stats.txt, /project/owlmayerTemporary/Sid/ForOlga/Sequence/OlgaGenes.fa, /project/owlmayerTemporary/Sid/gencode/gencode.v32.primary_assembly.annotation.gtf
    output: Results/Genes/ADAR/ADAR_functional_analysis.pdf
    jobid: 4
    wildcards: gene=ADAR
    priority: 8
    resources: memory=16, time=1, tmpdir=0

[Mon Apr  5 13:50:57 2021]
Error in rule protein_coding_potential_analysis:
    jobid: 4
    output: Results/Genes/ADAR/ADAR_functional_analysis.pdf

RuleException:
CalledProcessError in line 653 of /home/annaldas/projects/IsoTV/Snakefile:
Command 'set -euo pipefail;  /home/annaldas/miniconda3/envs/isotv_update/bin/python3.7 /project/owlmayerTemporary/Sid/ForOlga/Sequence/.snakemake/scripts/tmpe7l9fdl4.visualization.py' returned non-zero exit status 1.
  File "/home/annaldas/miniconda3/envs/isotv_update/lib/python3.7/site-packages/snakemake/executors/__init__.py", line 2347, in run_wrapper
  File "/home/annaldas/projects/IsoTV/Snakefile", line 653, in __rule_protein_coding_potential_analysis
  File "/home/annaldas/miniconda3/envs/isotv_update/lib/python3.7/site-packages/snakemake/executors/__init__.py", line 568, in _callback
  File "/home/annaldas/miniconda3/envs/isotv_update/lib/python3.7/concurrent/futures/thread.py", line 57, in run
  File "/home/annaldas/miniconda3/envs/isotv_update/lib/python3.7/site-packages/snakemake/executors/__init__.py", line 554, in cached_or_run
  File "/home/annaldas/miniconda3/envs/isotv_update/lib/python3.7/site-packages/snakemake/executors/__init__.py", line 2359, in run_wrapper
Shutting down, this might take some time.
Exiting because a job execution failed. Look above for error message
Complete log: /home/annaldas/projects/IsoTV/.snakemake/log/2021-04-05T133211.060892.snakemake.log
