The flag 'directory' used in rule aggregate_transcript_analysis is only valid for outputs, not inputs.
The flag 'directory' used in rule output_combine_files is only valid for outputs, not inputs.
Building DAG of jobs...
Creating conda environment /scratch/sjannalda/IsoTV/workflow/rules/../envs/minimap2.yaml...
Downloading and installing remote packages.
Environment for ../../IsoTV/workflow/envs/minimap2.yaml created (location: .snakemake/conda/de012c2f23fcfa29962e7b302d6c2120)
Using shell: /usr/bin/bash
Provided cores: 8
Rules claiming more threads will be scaled down.
Job stats:
job                                         count    min threads    max threads
----------------------------------------  -------  -------------  -------------
CalculateDeSeq2Norm                             1              1              1
ConcatenateCounts                               1              1              1
CountTranscripts                                2              1              1
ExtractPrimaryMapping                           2              1              1
GffCompare                                      1              1              1
Map2Transcriptome                               2              4              4
Minimap2Genome                                  2              4              4
Minimap2Pinfish                                 1              4              4
MinimapPolishedClusters                         1              4              4
PinfishClusterGFF                               1              4              4
PinfishCollapsePolishedPartials                 1              4              4
PinfishPolishClusters                           1              4              4
PinfishPolishedBAM2GFF                          1              4              4
PinfishRawBAM2GFF                               1              4              4
PrepareCorrectedTranscriptomeFasta              1              1              1
PrepareCorrectedTranscriptomeFastaNonred        1              1              1
Transcriptome2Index                             1              4              4
all                                             1              1              1
total                                          22              1              4

Select jobs to execute...

[Tue Nov 16 16:32:16 2021]
rule Minimap2Genome:
    input: Results/Minimap2/GRCh38.p12.primary_assembly.genome.fa.mmi, FilteredData/HCT116_1.fastq, ReferenceData/junctions.bed
    output: IGV/HCT116_1.genome.bam
    jobid: 23
    wildcards: sample=HCT116_1
    threads: 4
    resources: tmpdir=/tmp, memory=16, time=4

Activating conda environment: /scratch/sjannalda/projects/SGNEX/.snakemake/conda/de012c2f23fcfa29962e7b302d6c2120

[Tue Nov 16 16:32:16 2021]
rule Minimap2Genome:
    input: Results/Minimap2/GRCh38.p12.primary_assembly.genome.fa.mmi, FilteredData/HEPG2_1.fastq, ReferenceData/junctions.bed
    output: IGV/HEPG2_1.genome.bam
    jobid: 27
    wildcards: sample=HEPG2_1
    threads: 4
    resources: tmpdir=/tmp, memory=16, time=4

Activating conda environment: /scratch/sjannalda/projects/SGNEX/.snakemake/conda/de012c2f23fcfa29962e7b302d6c2120
Terminating processes on user request, this might take some time.
[Tue Nov 16 16:33:19 2021]
[Tue Nov 16 16:33:19 2021]
Error in rule Minimap2Genome:
Error in rule Minimap2Genome:
    jobid: 27
    jobid: 23
    output: IGV/HEPG2_1.genome.bam
    output: IGV/HCT116_1.genome.bam
    conda-env: /scratch/sjannalda/projects/SGNEX/.snakemake/conda/de012c2f23fcfa29962e7b302d6c2120
    conda-env: /scratch/sjannalda/projects/SGNEX/.snakemake/conda/de012c2f23fcfa29962e7b302d6c2120
    shell:
        
        minimap2 -t 4 -ax splice -uf --junc-bed ReferenceData/junctions.bed Results/Minimap2/GRCh38.p12.primary_assembly.genome.fa.mmi FilteredData/HEPG2_1.fastq        | samtools view -F 260 -Sb | samtools sort -@ 4 - -o IGV/HEPG2_1.genome.bam;
        samtools index IGV/HEPG2_1.genome.bam
        
        (one of the commands exited with non-zero exit code; note that snakemake uses bash strict mode!)
    shell:
        
        minimap2 -t 4 -ax splice -uf --junc-bed ReferenceData/junctions.bed Results/Minimap2/GRCh38.p12.primary_assembly.genome.fa.mmi FilteredData/HCT116_1.fastq        | samtools view -F 260 -Sb | samtools sort -@ 4 - -o IGV/HCT116_1.genome.bam;
        samtools index IGV/HCT116_1.genome.bam
        
        (one of the commands exited with non-zero exit code; note that snakemake uses bash strict mode!)


Complete log: /scratch/sjannalda/IsoTV/.snakemake/log/2021-11-16T163103.904987.snakemake.log
