The flag 'directory' used in rule aggregate_transcript_analysis is only valid for outputs, not inputs.
The flag 'directory' used in rule output_combine_files is only valid for outputs, not inputs.
Building DAG of jobs...
Using shell: /bin/bash
Provided cores: 32
Rules claiming more threads will be scaled down.
Conda environments: ignored
Job stats:
job                     count    min threads    max threads
--------------------  -------  -------------  -------------
gene_filter                 1              1              1
output_combine_files        1              1              1
total                       2              1              1

Select jobs to execute...

[Mon Nov 15 18:36:19 2021]
checkpoint gene_filter:
    input: /project/owlmayerTemporary/Sid/isoform_analysis/github/Results/GffCompare/nanopore.combined.gtf
    output: Results/Genes_temp
    jobid: 1
    resources: tmpdir=/scratch/local
Downstream jobs will be updated after completion.

[Mon Nov 15 18:36:21 2021]
Finished job 1.
1 of 2 steps (50%) done
Updating job output_combine_files.
Select jobs to execute...

[Mon Nov 15 18:36:21 2021]
rule gene_to_transcripts:
    input: /project/owlmayerTemporary/Sid/isoform_analysis/github/Results/GffCompare/nanopore.combined.gtf, /project/owlmayerTemporary/Sid/isoform_analysis/github/Results/Pinfish/corrected_transcriptome_polished_collapsed_nonredundant_tcons.fas, Results/Genes_temp/PRKCZ
    output: Results/Genes_temp/PRKCZ/PRKCZ_seq.fa
    jobid: 6
    wildcards: gene=PRKCZ
    priority: 8
    resources: tmpdir=0, memory=10, time=1

[Mon Nov 15 18:36:24 2021]
Finished job 6.
2 of 6 steps (33%) done
Select jobs to execute...

[Mon Nov 15 18:36:24 2021]
checkpoint translation_to_protein:
    input: Results/Genes_temp/PRKCZ/PRKCZ_seq.fa
    output: Results/Genes_temp/PRKCZ/transcripts, Results/Genes_temp/PRKCZ/PRKCZ_transcripts_stats.txt
    jobid: 5
    wildcards: gene=PRKCZ
    priority: 10
    resources: tmpdir=0, memory=10, time=1
Downstream jobs will be updated after completion.

[Mon Nov 15 18:36:24 2021]
Finished job 5.
3 of 6 steps (50%) done
Updating job aggregate_transcript_analysis.
Select jobs to execute...

[Mon Nov 15 18:36:25 2021]
rule functional_site_analysis:
    input: Results/Genes_temp/PRKCZ/transcripts/TCONS00000321_protein.fa
    output: Results/Genes_temp/PRKCZ/transcripts/TCONS00000321_func_sites.txt
    jobid: 32
    wildcards: gene=PRKCZ, transcript=TCONS00000321
    priority: 8
    resources: tmpdir=0, memory=10, time=1


[Mon Nov 15 18:36:25 2021]
rule interpro_scan:
    input: Results/Genes_temp/PRKCZ/transcripts/TCONS00000324_protein.fa
    output: Results/Genes_temp/PRKCZ/transcripts/TCONS00000324_func_domains.gff3
    jobid: 39
    wildcards: gene=PRKCZ, transcript=TCONS00000324
    priority: 8
    resources: tmpdir=0, memory=16, time=1


[Mon Nov 15 18:36:25 2021]
rule iupred2a_analysis:
    input: Results/Genes_temp/PRKCZ/transcripts/TCONS00006347_protein.fa, /home/annaldas/iupred2a/iupred2a.py
    output: Results/Genes_temp/PRKCZ/transcripts/TCONS00006347_sequence.txt, Results/Genes_temp/PRKCZ/transcripts/TCONS00006347_func_iupred2a.txt
    jobid: 54
    wildcards: gene=PRKCZ, transcript=TCONS00006347
    priority: 8
    resources: tmpdir=0, memory=10, time=1


[Mon Nov 15 18:36:25 2021]
rule functional_site_analysis:
    input: Results/Genes_temp/PRKCZ/transcripts/TCONS00000319_protein.fa
    output: Results/Genes_temp/PRKCZ/transcripts/TCONS00000319_func_sites.txt
    jobid: 24
    wildcards: gene=PRKCZ, transcript=TCONS00000319
    priority: 8
    resources: tmpdir=0, memory=10, time=1


[Mon Nov 15 18:36:25 2021]
rule iupred2a_analysis:
    input: Results/Genes_temp/PRKCZ/transcripts/TCONS00000318_protein.fa, /home/annaldas/iupred2a/iupred2a.py
    output: Results/Genes_temp/PRKCZ/transcripts/TCONS00000318_sequence.txt, Results/Genes_temp/PRKCZ/transcripts/TCONS00000318_func_iupred2a.txt
    jobid: 18
    wildcards: gene=PRKCZ, transcript=TCONS00000318
    priority: 8
    resources: tmpdir=0, memory=10, time=1


[Mon Nov 15 18:36:25 2021]
rule functional_site_analysis:
    input: Results/Genes_temp/PRKCZ/transcripts/TCONS00000324_protein.fa
    output: Results/Genes_temp/PRKCZ/transcripts/TCONS00000324_func_sites.txt
    jobid: 40
    wildcards: gene=PRKCZ, transcript=TCONS00000324
    priority: 8
    resources: tmpdir=0, memory=10, time=1


[Mon Nov 15 18:36:25 2021]
rule interpro_scan:
    input: Results/Genes_temp/PRKCZ/transcripts/TCONS00006347_protein.fa
    output: Results/Genes_temp/PRKCZ/transcripts/TCONS00006347_func_domains.gff3
    jobid: 55
    wildcards: gene=PRKCZ, transcript=TCONS00006347
    priority: 8
    resources: tmpdir=0, memory=16, time=1


[Mon Nov 15 18:36:25 2021]
rule interpro_scan:
    input: Results/Genes_temp/PRKCZ/transcripts/TCONS00000318_protein.fa
    output: Results/Genes_temp/PRKCZ/transcripts/TCONS00000318_func_domains.gff3
    jobid: 19
    wildcards: gene=PRKCZ, transcript=TCONS00000318
    priority: 8
    resources: tmpdir=0, memory=16, time=1


[Mon Nov 15 18:36:25 2021]
rule iupred2a_analysis:
    input: Results/Genes_temp/PRKCZ/transcripts/TCONS00000320_protein.fa, /home/annaldas/iupred2a/iupred2a.py
    output: Results/Genes_temp/PRKCZ/transcripts/TCONS00000320_sequence.txt, Results/Genes_temp/PRKCZ/transcripts/TCONS00000320_func_iupred2a.txt
    jobid: 26
    wildcards: gene=PRKCZ, transcript=TCONS00000320
    priority: 8
    resources: tmpdir=0, memory=10, time=1


[Mon Nov 15 18:36:25 2021]
rule iupred2a_analysis:
    input: Results/Genes_temp/PRKCZ/transcripts/TCONS00000322_protein.fa, /home/annaldas/iupred2a/iupred2a.py
    output: Results/Genes_temp/PRKCZ/transcripts/TCONS00000322_sequence.txt, Results/Genes_temp/PRKCZ/transcripts/TCONS00000322_func_iupred2a.txt
    jobid: 34
    wildcards: gene=PRKCZ, transcript=TCONS00000322
    priority: 8
    resources: tmpdir=0, memory=10, time=1


[Mon Nov 15 18:36:25 2021]
rule functional_site_analysis:
    input: Results/Genes_temp/PRKCZ/transcripts/TCONS00006347_protein.fa
    output: Results/Genes_temp/PRKCZ/transcripts/TCONS00006347_func_sites.txt
    jobid: 56
    wildcards: gene=PRKCZ, transcript=TCONS00006347
    priority: 8
    resources: tmpdir=0, memory=10, time=1


[Mon Nov 15 18:36:25 2021]
rule functional_site_analysis:
    input: Results/Genes_temp/PRKCZ/transcripts/TCONS00000318_protein.fa
    output: Results/Genes_temp/PRKCZ/transcripts/TCONS00000318_func_sites.txt
    jobid: 20
    wildcards: gene=PRKCZ, transcript=TCONS00000318
    priority: 8
    resources: tmpdir=0, memory=10, time=1


[Mon Nov 15 18:36:25 2021]
rule interpro_scan:
    input: Results/Genes_temp/PRKCZ/transcripts/TCONS00000320_protein.fa
    output: Results/Genes_temp/PRKCZ/transcripts/TCONS00000320_func_domains.gff3
    jobid: 27
    wildcards: gene=PRKCZ, transcript=TCONS00000320
    priority: 8
    resources: tmpdir=0, memory=16, time=1


[Mon Nov 15 18:36:25 2021]
rule interpro_scan:
    input: Results/Genes_temp/PRKCZ/transcripts/TCONS00000322_protein.fa
    output: Results/Genes_temp/PRKCZ/transcripts/TCONS00000322_func_domains.gff3
    jobid: 35
    wildcards: gene=PRKCZ, transcript=TCONS00000322
    priority: 8
    resources: tmpdir=0, memory=16, time=1

[Mon Nov 15 18:36:25 2021]
Finished job 54.
4 of 54 steps (7%) done

[Mon Nov 15 18:36:25 2021]
rule iupred2a_analysis:
    input: Results/Genes_temp/PRKCZ/transcripts/TCONS00000325_protein.fa, /home/annaldas/iupred2a/iupred2a.py
    output: Results/Genes_temp/PRKCZ/transcripts/TCONS00000325_sequence.txt, Results/Genes_temp/PRKCZ/transcripts/TCONS00000325_func_iupred2a.txt
    jobid: 42
    wildcards: gene=PRKCZ, transcript=TCONS00000325
    priority: 8
    resources: tmpdir=0, memory=10, time=1


[Mon Nov 15 18:36:25 2021]
rule iupred2a_analysis:
    input: Results/Genes_temp/PRKCZ/transcripts/TCONS00000323_protein.fa, /home/annaldas/iupred2a/iupred2a.py
    output: Results/Genes_temp/PRKCZ/transcripts/TCONS00000323_sequence.txt, Results/Genes_temp/PRKCZ/transcripts/TCONS00000323_func_iupred2a.txt
    jobid: 50
    wildcards: gene=PRKCZ, transcript=TCONS00000323
    priority: 8
    resources: tmpdir=0, memory=10, time=1


[Mon Nov 15 18:36:25 2021]
rule functional_site_analysis:
    input: Results/Genes_temp/PRKCZ/transcripts/TCONS00000320_protein.fa
    output: Results/Genes_temp/PRKCZ/transcripts/TCONS00000320_func_sites.txt
    jobid: 28
    wildcards: gene=PRKCZ, transcript=TCONS00000320
    priority: 8
    resources: tmpdir=0, memory=10, time=1


[Mon Nov 15 18:36:25 2021]
rule functional_site_analysis:
    input: Results/Genes_temp/PRKCZ/transcripts/TCONS00000322_protein.fa
    output: Results/Genes_temp/PRKCZ/transcripts/TCONS00000322_func_sites.txt
    jobid: 36
    wildcards: gene=PRKCZ, transcript=TCONS00000322
    priority: 8
    resources: tmpdir=0, memory=10, time=1


[Mon Nov 15 18:36:25 2021]
rule interpro_scan:
    input: Results/Genes_temp/PRKCZ/transcripts/TCONS00000325_protein.fa
    output: Results/Genes_temp/PRKCZ/transcripts/TCONS00000325_func_domains.gff3
    jobid: 43
    wildcards: gene=PRKCZ, transcript=TCONS00000325
    priority: 8
    resources: tmpdir=0, memory=16, time=1


[Mon Nov 15 18:36:25 2021]
[Mon Nov 15 18:36:25 2021]
Finished job 18.
rule interpro_scan:
    input: Results/Genes_temp/PRKCZ/transcripts/TCONS00000323_protein.fa
    output: Results/Genes_temp/PRKCZ/transcripts/TCONS00000323_func_domains.gff3
    jobid: 51
    wildcards: gene=PRKCZ, transcript=TCONS00000323
    priority: 8
    resources: tmpdir=0, memory=16, time=1
5 of 54 steps (9%) done


[Mon Nov 15 18:36:25 2021]
rule iupred2a_analysis:
    input: Results/Genes_temp/PRKCZ/transcripts/TCONS00006348_protein.fa, /home/annaldas/iupred2a/iupred2a.py
    output: Results/Genes_temp/PRKCZ/transcripts/TCONS00006348_sequence.txt, Results/Genes_temp/PRKCZ/transcripts/TCONS00006348_func_iupred2a.txt
    jobid: 58
    wildcards: gene=PRKCZ, transcript=TCONS00006348
    priority: 8
    resources: tmpdir=0, memory=10, time=1

[Mon Nov 15 18:36:25 2021]
Finished job 34.

6 of 54 steps (11%) done
[Mon Nov 15 18:36:25 2021]
rule iupred2a_analysis:
    input: Results/Genes_temp/PRKCZ/transcripts/TCONS00000317_protein.fa, /home/annaldas/iupred2a/iupred2a.py
    output: Results/Genes_temp/PRKCZ/transcripts/TCONS00000317_sequence.txt, Results/Genes_temp/PRKCZ/transcripts/TCONS00000317_func_iupred2a.txt
    jobid: 14
    wildcards: gene=PRKCZ, transcript=TCONS00000317
    priority: 8
    resources: tmpdir=0, memory=10, time=1


[Mon Nov 15 18:36:25 2021]
[Mon Nov 15 18:36:25 2021]
Finished job 26.
rule iupred2a_analysis:
    input: Results/Genes_temp/PRKCZ/transcripts/TCONS00000319_protein.fa, /home/annaldas/iupred2a/iupred2a.py
    output: Results/Genes_temp/PRKCZ/transcripts/TCONS00000319_sequence.txt, Results/Genes_temp/PRKCZ/transcripts/TCONS00000319_func_iupred2a.txt
    jobid: 22
    wildcards: gene=PRKCZ, transcript=TCONS00000319
    priority: 8
    resources: tmpdir=0, memory=10, time=1
7 of 54 steps (13%) done


[Mon Nov 15 18:36:25 2021]
rule functional_site_analysis:
    input: Results/Genes_temp/PRKCZ/transcripts/TCONS00000325_protein.fa
    output: Results/Genes_temp/PRKCZ/transcripts/TCONS00000325_func_sites.txt
    jobid: 44
    wildcards: gene=PRKCZ, transcript=TCONS00000325
    priority: 8
    resources: tmpdir=0, memory=10, time=1

[Mon Nov 15 18:36:25 2021]
Finished job 42.
8 of 54 steps (15%) done

[Mon Nov 15 18:36:25 2021]
rule functional_site_analysis:
    input: Results/Genes_temp/PRKCZ/transcripts/TCONS00000323_protein.fa
    output: Results/Genes_temp/PRKCZ/transcripts/TCONS00000323_func_sites.txt
    jobid: 52
    wildcards: gene=PRKCZ, transcript=TCONS00000323
    priority: 8
    resources: tmpdir=0, memory=10, time=1


[Mon Nov 15 18:36:25 2021]
[Mon Nov 15 18:36:25 2021]
rule interpro_scan:
    input: Results/Genes_temp/PRKCZ/transcripts/TCONS00000317_protein.fa
    output: Results/Genes_temp/PRKCZ/transcripts/TCONS00000317_func_domains.gff3
    jobid: 15
    wildcards: gene=PRKCZ, transcript=TCONS00000317
    priority: 8
    resources: tmpdir=0, memory=16, time=1
Finished job 50.

9 of 54 steps (17%) done

[Mon Nov 15 18:36:25 2021]
rule interpro_scan:
    input: Results/Genes_temp/PRKCZ/transcripts/TCONS00000319_protein.fa
    output: Results/Genes_temp/PRKCZ/transcripts/TCONS00000319_func_domains.gff3
    jobid: 23
    wildcards: gene=PRKCZ, transcript=TCONS00000319
    priority: 8
    resources: tmpdir=0, memory=16, time=1


[Mon Nov 15 18:36:25 2021]
rule iupred2a_analysis:
    input: Results/Genes_temp/PRKCZ/transcripts/TCONS00000321_protein.fa, /home/annaldas/iupred2a/iupred2a.py
    output: Results/Genes_temp/PRKCZ/transcripts/TCONS00000321_sequence.txt, Results/Genes_temp/PRKCZ/transcripts/TCONS00000321_func_iupred2a.txt
    jobid: 30
    wildcards: gene=PRKCZ, transcript=TCONS00000321
    priority: 8
    resources: tmpdir=0, memory=10, time=1


[Mon Nov 15 18:36:25 2021]
rule iupred2a_analysis:
    input: Results/Genes_temp/PRKCZ/transcripts/TCONS00000324_protein.fa, /home/annaldas/iupred2a/iupred2a.py
    output: Results/Genes_temp/PRKCZ/transcripts/TCONS00000324_sequence.txt, Results/Genes_temp/PRKCZ/transcripts/TCONS00000324_func_iupred2a.txt
    jobid: 38
    wildcards: gene=PRKCZ, transcript=TCONS00000324
    priority: 8
    resources: tmpdir=0, memory=10, time=1


[Mon Nov 15 18:36:25 2021]
rule functional_site_analysis:
    input: Results/Genes_temp/PRKCZ/transcripts/TCONS00000317_protein.fa
    output: Results/Genes_temp/PRKCZ/transcripts/TCONS00000317_func_sites.txt
    jobid: 16
    wildcards: gene=PRKCZ, transcript=TCONS00000317
    priority: 8
    resources: tmpdir=0, memory=10, time=1

[Mon Nov 15 18:36:25 2021]
Finished job 58.
10 of 54 steps (19%) done

[Mon Nov 15 18:36:25 2021]
rule interpro_scan:
    input: Results/Genes_temp/PRKCZ/transcripts/TCONS00000321_protein.fa
    output: Results/Genes_temp/PRKCZ/transcripts/TCONS00000321_func_domains.gff3
    jobid: 31
    wildcards: gene=PRKCZ, transcript=TCONS00000321
    priority: 8
    resources: tmpdir=0, memory=16, time=1


[Mon Nov 15 18:36:25 2021]
rule iupred2a_analysis:
    input: Results/Genes_temp/PRKCZ/transcripts/TCONS00000326_protein.fa, /home/annaldas/iupred2a/iupred2a.py
    output: Results/Genes_temp/PRKCZ/transcripts/TCONS00000326_sequence.txt, Results/Genes_temp/PRKCZ/transcripts/TCONS00000326_func_iupred2a.txt
    jobid: 46
    wildcards: gene=PRKCZ, transcript=TCONS00000326
    priority: 8
    resources: tmpdir=0, memory=10, time=1

[Mon Nov 15 18:36:25 2021]
Finished job 22.
11 of 54 steps (20%) done
Select jobs to execute...

[Mon Nov 15 18:36:25 2021]
rule functional_site_analysis:
    input: Results/Genes_temp/PRKCZ/transcripts/TCONS00000326_protein.fa
    output: Results/Genes_temp/PRKCZ/transcripts/TCONS00000326_func_sites.txt
    jobid: 48
    wildcards: gene=PRKCZ, transcript=TCONS00000326
    priority: 8
    resources: tmpdir=0, memory=10, time=1


[Mon Nov 15 18:36:25 2021]
rule functional_site_analysis:
    input: Results/Genes_temp/PRKCZ/transcripts/TCONS00006348_protein.fa
    output: Results/Genes_temp/PRKCZ/transcripts/TCONS00006348_func_sites.txt
    jobid: 60
    wildcards: gene=PRKCZ, transcript=TCONS00006348
    priority: 8
    resources: tmpdir=0, memory=10, time=1


[Mon Nov 15 18:36:25 2021]
rule interpro_scan:
    input: Results/Genes_temp/PRKCZ/transcripts/TCONS00000326_protein.fa
    output: Results/Genes_temp/PRKCZ/transcripts/TCONS00000326_func_domains.gff3
    jobid: 47
    wildcards: gene=PRKCZ, transcript=TCONS00000326
    priority: 8
    resources: tmpdir=0, memory=16, time=1

[Mon Nov 15 18:36:25 2021]
Finished job 14.

12 of 54 steps (22%) done
[Mon Nov 15 18:36:25 2021]
rule interpro_scan:
    input: Results/Genes_temp/PRKCZ/transcripts/TCONS00006348_protein.fa
    output: Results/Genes_temp/PRKCZ/transcripts/TCONS00006348_func_domains.gff3
    jobid: 59
    wildcards: gene=PRKCZ, transcript=TCONS00006348
    priority: 8
    resources: tmpdir=0, memory=16, time=1

[Mon Nov 15 18:36:25 2021]
Finished job 30.
13 of 54 steps (24%) done
[Mon Nov 15 18:36:25 2021]
Finished job 38.
14 of 54 steps (26%) done
[Mon Nov 15 18:36:25 2021]
Finished job 46.
15 of 54 steps (28%) done
[Mon Nov 15 18:36:40 2021]
Finished job 60.
16 of 54 steps (30%) done
[Mon Nov 15 18:36:40 2021]
Finished job 48.
17 of 54 steps (31%) done
[Mon Nov 15 18:36:41 2021]
Finished job 56.
18 of 54 steps (33%) done
[Mon Nov 15 18:36:41 2021]
Finished job 52.
19 of 54 steps (35%) done
[Mon Nov 15 18:36:41 2021]
Finished job 44.
20 of 54 steps (37%) done
[Mon Nov 15 18:36:42 2021]
Finished job 24.
21 of 54 steps (39%) done
[Mon Nov 15 18:36:42 2021]
Finished job 40.
22 of 54 steps (41%) done
[Mon Nov 15 18:36:42 2021]
Finished job 32.
23 of 54 steps (43%) done
[Mon Nov 15 18:36:42 2021]
Finished job 28.
24 of 54 steps (44%) done
[Mon Nov 15 18:36:42 2021]
Finished job 36.
25 of 54 steps (46%) done
[Mon Nov 15 18:36:43 2021]
Finished job 20.
26 of 54 steps (48%) done
[Mon Nov 15 18:36:43 2021]
Finished job 16.
27 of 54 steps (50%) done
[Mon Nov 15 18:36:52 2021]
Finished job 47.
28 of 54 steps (52%) done
Select jobs to execute...

[Mon Nov 15 18:36:52 2021]
rule individual_transcript_analysis:
    input: Results/Genes_temp/PRKCZ/transcripts/TCONS00000326_protein.fa, Results/Genes_temp/PRKCZ/transcripts/TCONS00000326_func_iupred2a.txt, Results/Genes_temp/PRKCZ/transcripts/TCONS00000326_func_domains.gff3, Results/Genes_temp/PRKCZ/transcripts/TCONS00000326_func_sites.txt
    output: Results/Genes_temp/PRKCZ/transcripts/TCONS00000326_analysis.txt
    jobid: 45
    wildcards: gene=PRKCZ, transcript=TCONS00000326
    priority: 5
    resources: tmpdir=0, memory=10, time=1

[Mon Nov 15 18:36:52 2021]
Finished job 45.
29 of 54 steps (54%) done
[Mon Nov 15 18:36:52 2021]
Finished job 59.
30 of 54 steps (56%) done
Select jobs to execute...

[Mon Nov 15 18:36:52 2021]
rule individual_transcript_analysis:
    input: Results/Genes_temp/PRKCZ/transcripts/TCONS00006348_protein.fa, Results/Genes_temp/PRKCZ/transcripts/TCONS00006348_func_iupred2a.txt, Results/Genes_temp/PRKCZ/transcripts/TCONS00006348_func_domains.gff3, Results/Genes_temp/PRKCZ/transcripts/TCONS00006348_func_sites.txt
    output: Results/Genes_temp/PRKCZ/transcripts/TCONS00006348_analysis.txt
    jobid: 57
    wildcards: gene=PRKCZ, transcript=TCONS00006348
    priority: 5
    resources: tmpdir=0, memory=10, time=1

[Mon Nov 15 18:36:53 2021]
Finished job 57.
31 of 54 steps (57%) done
[Mon Nov 15 18:37:12 2021]
Finished job 31.
32 of 54 steps (59%) done
Select jobs to execute...

[Mon Nov 15 18:37:12 2021]
rule individual_transcript_analysis:
    input: Results/Genes_temp/PRKCZ/transcripts/TCONS00000321_protein.fa, Results/Genes_temp/PRKCZ/transcripts/TCONS00000321_func_iupred2a.txt, Results/Genes_temp/PRKCZ/transcripts/TCONS00000321_func_domains.gff3, Results/Genes_temp/PRKCZ/transcripts/TCONS00000321_func_sites.txt
    output: Results/Genes_temp/PRKCZ/transcripts/TCONS00000321_analysis.txt
    jobid: 29
    wildcards: gene=PRKCZ, transcript=TCONS00000321
    priority: 5
    resources: tmpdir=0, memory=10, time=1

[Mon Nov 15 18:37:12 2021]
Finished job 29.
33 of 54 steps (61%) done
[Mon Nov 15 18:37:13 2021]
Finished job 27.
34 of 54 steps (63%) done
Select jobs to execute...

[Mon Nov 15 18:37:13 2021]
rule individual_transcript_analysis:
    input: Results/Genes_temp/PRKCZ/transcripts/TCONS00000320_protein.fa, Results/Genes_temp/PRKCZ/transcripts/TCONS00000320_func_iupred2a.txt, Results/Genes_temp/PRKCZ/transcripts/TCONS00000320_func_domains.gff3, Results/Genes_temp/PRKCZ/transcripts/TCONS00000320_func_sites.txt
    output: Results/Genes_temp/PRKCZ/transcripts/TCONS00000320_analysis.txt
    jobid: 25
    wildcards: gene=PRKCZ, transcript=TCONS00000320
    priority: 5
    resources: tmpdir=0, memory=10, time=1

[Mon Nov 15 18:37:13 2021]
Finished job 25.
35 of 54 steps (65%) done
[Mon Nov 15 18:37:13 2021]
Finished job 35.
36 of 54 steps (67%) done
Select jobs to execute...

[Mon Nov 15 18:37:13 2021]
rule individual_transcript_analysis:
    input: Results/Genes_temp/PRKCZ/transcripts/TCONS00000322_protein.fa, Results/Genes_temp/PRKCZ/transcripts/TCONS00000322_func_iupred2a.txt, Results/Genes_temp/PRKCZ/transcripts/TCONS00000322_func_domains.gff3, Results/Genes_temp/PRKCZ/transcripts/TCONS00000322_func_sites.txt
    output: Results/Genes_temp/PRKCZ/transcripts/TCONS00000322_analysis.txt
    jobid: 33
    wildcards: gene=PRKCZ, transcript=TCONS00000322
    priority: 5
    resources: tmpdir=0, memory=10, time=1

[Mon Nov 15 18:37:13 2021]
Finished job 23.
37 of 54 steps (69%) done
Select jobs to execute...

[Mon Nov 15 18:37:13 2021]
rule individual_transcript_analysis:
    input: Results/Genes_temp/PRKCZ/transcripts/TCONS00000319_protein.fa, Results/Genes_temp/PRKCZ/transcripts/TCONS00000319_func_iupred2a.txt, Results/Genes_temp/PRKCZ/transcripts/TCONS00000319_func_domains.gff3, Results/Genes_temp/PRKCZ/transcripts/TCONS00000319_func_sites.txt
    output: Results/Genes_temp/PRKCZ/transcripts/TCONS00000319_analysis.txt
    jobid: 21
    wildcards: gene=PRKCZ, transcript=TCONS00000319
    priority: 5
    resources: tmpdir=0, memory=10, time=1

[Mon Nov 15 18:37:13 2021]
Finished job 33.
38 of 54 steps (70%) done
[Mon Nov 15 18:37:13 2021]
Finished job 51.
39 of 54 steps (72%) done
Select jobs to execute...

[Mon Nov 15 18:37:13 2021]
rule individual_transcript_analysis:
    input: Results/Genes_temp/PRKCZ/transcripts/TCONS00000323_protein.fa, Results/Genes_temp/PRKCZ/transcripts/TCONS00000323_func_iupred2a.txt, Results/Genes_temp/PRKCZ/transcripts/TCONS00000323_func_domains.gff3, Results/Genes_temp/PRKCZ/transcripts/TCONS00000323_func_sites.txt
    output: Results/Genes_temp/PRKCZ/transcripts/TCONS00000323_analysis.txt
    jobid: 49
    wildcards: gene=PRKCZ, transcript=TCONS00000323
    priority: 5
    resources: tmpdir=0, memory=10, time=1

[Mon Nov 15 18:37:13 2021]
Finished job 21.
40 of 54 steps (74%) done
[Mon Nov 15 18:37:13 2021]
Finished job 19.
41 of 54 steps (76%) done
Select jobs to execute...

[Mon Nov 15 18:37:13 2021]
rule individual_transcript_analysis:
    input: Results/Genes_temp/PRKCZ/transcripts/TCONS00000318_protein.fa, Results/Genes_temp/PRKCZ/transcripts/TCONS00000318_func_iupred2a.txt, Results/Genes_temp/PRKCZ/transcripts/TCONS00000318_func_domains.gff3, Results/Genes_temp/PRKCZ/transcripts/TCONS00000318_func_sites.txt
    output: Results/Genes_temp/PRKCZ/transcripts/TCONS00000318_analysis.txt
    jobid: 17
    wildcards: gene=PRKCZ, transcript=TCONS00000318
    priority: 5
    resources: tmpdir=0, memory=10, time=1

[Mon Nov 15 18:37:13 2021]
Finished job 49.
42 of 54 steps (78%) done
[Mon Nov 15 18:37:13 2021]
Finished job 55.
43 of 54 steps (80%) done
Select jobs to execute...

[Mon Nov 15 18:37:13 2021]
rule individual_transcript_analysis:
    input: Results/Genes_temp/PRKCZ/transcripts/TCONS00006347_protein.fa, Results/Genes_temp/PRKCZ/transcripts/TCONS00006347_func_iupred2a.txt, Results/Genes_temp/PRKCZ/transcripts/TCONS00006347_func_domains.gff3, Results/Genes_temp/PRKCZ/transcripts/TCONS00006347_func_sites.txt
    output: Results/Genes_temp/PRKCZ/transcripts/TCONS00006347_analysis.txt
    jobid: 53
    wildcards: gene=PRKCZ, transcript=TCONS00006347
    priority: 5
    resources: tmpdir=0, memory=10, time=1

[Mon Nov 15 18:37:14 2021]
Finished job 17.
44 of 54 steps (81%) done
[Mon Nov 15 18:37:14 2021]
Finished job 53.
45 of 54 steps (83%) done
[Mon Nov 15 18:37:14 2021]
Finished job 39.
46 of 54 steps (85%) done
Select jobs to execute...
[Mon Nov 15 18:37:14 2021]
Finished job 15.
47 of 54 steps (87%) done

[Mon Nov 15 18:37:14 2021]
rule individual_transcript_analysis:
    input: Results/Genes_temp/PRKCZ/transcripts/TCONS00000324_protein.fa, Results/Genes_temp/PRKCZ/transcripts/TCONS00000324_func_iupred2a.txt, Results/Genes_temp/PRKCZ/transcripts/TCONS00000324_func_domains.gff3, Results/Genes_temp/PRKCZ/transcripts/TCONS00000324_func_sites.txt
    output: Results/Genes_temp/PRKCZ/transcripts/TCONS00000324_analysis.txt
    jobid: 37
    wildcards: gene=PRKCZ, transcript=TCONS00000324
    priority: 5
    resources: tmpdir=0, memory=10, time=1

Select jobs to execute...

[Mon Nov 15 18:37:14 2021]
rule individual_transcript_analysis:
    input: Results/Genes_temp/PRKCZ/transcripts/TCONS00000317_protein.fa, Results/Genes_temp/PRKCZ/transcripts/TCONS00000317_func_iupred2a.txt, Results/Genes_temp/PRKCZ/transcripts/TCONS00000317_func_domains.gff3, Results/Genes_temp/PRKCZ/transcripts/TCONS00000317_func_sites.txt
    output: Results/Genes_temp/PRKCZ/transcripts/TCONS00000317_analysis.txt
    jobid: 13
    wildcards: gene=PRKCZ, transcript=TCONS00000317
    priority: 5
    resources: tmpdir=0, memory=10, time=1

[Mon Nov 15 18:37:14 2021]
Finished job 37.
48 of 54 steps (89%) done
[Mon Nov 15 18:37:14 2021]
Finished job 13.
49 of 54 steps (91%) done
[Mon Nov 15 18:37:15 2021]
Finished job 43.
50 of 54 steps (93%) done
Select jobs to execute...

[Mon Nov 15 18:37:15 2021]
rule individual_transcript_analysis:
    input: Results/Genes_temp/PRKCZ/transcripts/TCONS00000325_protein.fa, Results/Genes_temp/PRKCZ/transcripts/TCONS00000325_func_iupred2a.txt, Results/Genes_temp/PRKCZ/transcripts/TCONS00000325_func_domains.gff3, Results/Genes_temp/PRKCZ/transcripts/TCONS00000325_func_sites.txt
    output: Results/Genes_temp/PRKCZ/transcripts/TCONS00000325_analysis.txt
    jobid: 41
    wildcards: gene=PRKCZ, transcript=TCONS00000325
    priority: 5
    resources: tmpdir=0, memory=10, time=1

[Mon Nov 15 18:37:15 2021]
Finished job 41.
51 of 54 steps (94%) done
Select jobs to execute...

[Mon Nov 15 18:37:15 2021]
rule aggregate_transcript_analysis:
    input: Results/Genes_temp/PRKCZ/transcripts/TCONS00000317_analysis.txt, Results/Genes_temp/PRKCZ/transcripts/TCONS00000318_analysis.txt, Results/Genes_temp/PRKCZ/transcripts/TCONS00000319_analysis.txt, Results/Genes_temp/PRKCZ/transcripts/TCONS00000320_analysis.txt, Results/Genes_temp/PRKCZ/transcripts/TCONS00000321_analysis.txt, Results/Genes_temp/PRKCZ/transcripts/TCONS00000322_analysis.txt, Results/Genes_temp/PRKCZ/transcripts/TCONS00000324_analysis.txt, Results/Genes_temp/PRKCZ/transcripts/TCONS00000325_analysis.txt, Results/Genes_temp/PRKCZ/transcripts/TCONS00000326_analysis.txt, Results/Genes_temp/PRKCZ/transcripts/TCONS00000323_analysis.txt, Results/Genes_temp/PRKCZ/transcripts/TCONS00006347_analysis.txt, Results/Genes_temp/PRKCZ/transcripts/TCONS00006348_analysis.txt, Results/Genes_temp/PRKCZ/PRKCZ_transcripts_stats.txt, Results/Genes_temp/PRKCZ
    output: Results/Genes/PRKCZ/PRKCZ_transcripts_filtered_analysis.txt, Results/Genes/PRKCZ/PRKCZ_transcripts_stats.txt
    jobid: 4
    wildcards: gene=PRKCZ
    priority: 5
    resources: tmpdir=0, memory=4, time=1

[Mon Nov 15 18:37:15 2021]
Finished job 4.
52 of 54 steps (96%) done
Select jobs to execute...

[Mon Nov 15 18:37:15 2021]
rule protein_coding_potential_analysis:
    input: Results/Genes/PRKCZ/PRKCZ_transcripts_filtered_analysis.txt, Results/Genes/PRKCZ/PRKCZ_transcripts_stats.txt, /project/owlmayerTemporary/Sid/isoform_analysis/github/Results/Quantification/counts_deseq2norm.txt, /project/owlmayerTemporary/Sid/isoform_analysis/github/Results/GffCompare/nanopore.combined.gtf
    output: Results/Genes/PRKCZ/PRKCZ_functional_analysis.pdf
    jobid: 3
    wildcards: gene=PRKCZ
    priority: 8
    resources: tmpdir=0, memory=16, time=1

[Mon Nov 15 18:37:39 2021]
Finished job 3.
53 of 54 steps (98%) done
Select jobs to execute...

[Mon Nov 15 18:37:39 2021]
rule output_combine_files:
    input: Results/Genes/PRKCZ/PRKCZ_functional_analysis.pdf, Results/Genes/SLC6A15/SLC6A15_functional_analysis.pdf, Results/Genes/GDF1/GDF1_functional_analysis.pdf, Results/Genes/PFN2/PFN2_functional_analysis.pdf, Results/Genes/NRCAM/NRCAM_functional_analysis.pdf, Results/Genes/RENBP/RENBP_functional_analysis.pdf, Results/Genes_temp
    output: Results/Output/test.pdf
    jobid: 0
    priority: 5
    resources: tmpdir=0, memory=4, time=1

[Mon Nov 15 18:37:39 2021]
Finished job 0.
54 of 54 steps (100%) done
Complete log: /home/annaldas/projects/IsoTV/.snakemake/log/2021-11-15T183618.594684.snakemake.log
