The flag 'directory' used in rule aggregate_transcript_analysis is only valid for outputs, not inputs.
The flag 'directory' used in rule output_combine_files is only valid for outputs, not inputs.
Building DAG of jobs...
Using shell: /bin/bash
Provided cores: 32
Rules claiming more threads will be scaled down.
Conda environments: ignored
Job counts:
	count	jobs
	1	all
	1	gene_filter
	1	output_combine_files
	3
Select jobs to execute...

[Mon Apr  5 15:16:12 2021]
checkpoint gene_filter:
    input: /project/owlmayerTemporary/Sid/gencode/gencode.v32.primary_assembly.annotation.gtf
    output: Results/Genes_temp
    jobid: 2
Downstream jobs will be updated after completion.

Updating job output_combine_files.
[Mon Apr  5 15:16:31 2021]
Finished job 2.
1 of 4 steps (25%) done
Select jobs to execute...

[Mon Apr  5 15:16:31 2021]
rule protein_coding_potential_analysis:
    input: Results/Genes/ADAR/ADAR_transcripts_filtered_analysis.txt, Results/Genes/ADAR/ADAR_transcripts_stats.txt, /project/owlmayerTemporary/Sid/ForOlga/Sequence/OlgaGenes.fa, /project/owlmayerTemporary/Sid/gencode/gencode.v32.primary_assembly.annotation.gtf
    output: Results/Genes/ADAR/ADAR_functional_analysis.pdf
    jobid: 4
    wildcards: gene=ADAR
    priority: 8
    resources: memory=16, time=1, tmpdir=0

[Mon Apr  5 15:18:13 2021]
Finished job 4.
2 of 4 steps (50%) done
Select jobs to execute...

[Mon Apr  5 15:18:13 2021]
rule output_combine_files:
    input: Results/Genes/ADAR/ADAR_functional_analysis.pdf, Results/Genes_temp
    output: Results/Output/OlgaIsoforms2.pdf
    jobid: 1
    priority: 5
    resources: memory=4, time=1, tmpdir=0

[Mon Apr  5 15:18:13 2021]
Finished job 1.
3 of 4 steps (75%) done
Select jobs to execute...

[Mon Apr  5 15:18:13 2021]
localrule all:
    input: Results/Output/OlgaIsoforms2.pdf
    jobid: 0

[Mon Apr  5 15:18:13 2021]
Finished job 0.
4 of 4 steps (100%) done
Complete log: /home/annaldas/projects/IsoTV/.snakemake/log/2021-04-05T151610.830994.snakemake.log
