The flag 'directory' used in rule aggregate_transcript_analysis is only valid for outputs, not inputs.
The flag 'directory' used in rule output_combine_files is only valid for outputs, not inputs.
Building DAG of jobs...
Using shell: /bin/bash
Provided cores: 32
Rules claiming more threads will be scaled down.
Conda environments: ignored
Job counts:
	count	jobs
	1	all
	1	gene_filter
	1	output_combine_files
	3
Select jobs to execute...

[Mon Apr  5 12:05:21 2021]
checkpoint gene_filter:
    input: /project/owlmayerTemporary/Sid/ForOlga/Sequence/OlgaGenes.fa
    output: Results/Genes_temp
    jobid: 2
Downstream jobs will be updated after completion.

Updating job output_combine_files.
[Mon Apr  5 12:05:22 2021]
Finished job 2.
1 of 7 steps (14%) done
Select jobs to execute...

[Mon Apr  5 12:05:22 2021]
rule gene_to_transcripts:
    input: /project/owlmayerTemporary/Sid/isoform_analysis/goeke/Results/GffCompare/nanopore.combined.gtf, /project/owlmayerTemporary/Sid/ForOlga/Sequence/OlgaGenes.fa, Results/Genes_temp/DHX9
    output: Results/Genes_temp/DHX9/DHX9_seq.fa
    jobid: 7
    wildcards: gene=DHX9
    priority: 8
    resources: memory=10, time=1, tmpdir=0

[Mon Apr  5 12:05:22 2021]
Finished job 7.
2 of 7 steps (29%) done
Select jobs to execute...

[Mon Apr  5 12:05:22 2021]
checkpoint translation_to_protein:
    input: Results/Genes_temp/DHX9/DHX9_seq.fa
    output: Results/Genes_temp/DHX9/transcripts, Results/Genes_temp/DHX9/DHX9_transcripts_stats.txt
    jobid: 6
    wildcards: gene=DHX9
    priority: 10
    resources: memory=10, time=1, tmpdir=0
Downstream jobs will be updated after completion.

Updating job aggregate_transcript_analysis.
[Mon Apr  5 12:05:23 2021]
Finished job 6.
3 of 17 steps (18%) done
Select jobs to execute...

[Mon Apr  5 12:05:23 2021]
rule iupred2a_analysis:
    input: Results/Genes_temp/DHX9/transcripts/Q082111_protein.fa, /home/annaldas/iupred2a/iupred2a.py
    output: Results/Genes_temp/DHX9/transcripts/Q082111_sequence.txt, Results/Genes_temp/DHX9/transcripts/Q082111_func_iupred2a.txt
    jobid: 10
    wildcards: gene=DHX9, transcript=Q082111
    priority: 8
    resources: memory=10, time=1, tmpdir=0


[Mon Apr  5 12:05:23 2021]
rule brewery_analysis:
    input: Results/Genes_temp/DHX9/transcripts/Q082111_protein.fa
    output: Results/Genes_temp/DHX9/transcripts/Q082111_protein.fa.ss3
    jobid: 12
    wildcards: gene=DHX9, transcript=Q082111
    priority: 10
    threads: 16
    resources: memory=8, time=1, tmpdir=16


[Mon Apr  5 12:05:23 2021]
rule functional_site_analysis:
    input: Results/Genes_temp/DHX9/transcripts/Q082111_protein.fa
    output: Results/Genes_temp/DHX9/transcripts/Q082111_func_sites.txt
    jobid: 13
    wildcards: gene=DHX9, transcript=Q082111
    priority: 8
    resources: memory=10, time=1, tmpdir=0


[Mon Apr  5 12:05:23 2021]
rule iupred2a_analysis:
    input: Results/Genes_temp/DHX9/transcripts/Q082112_protein.fa, /home/annaldas/iupred2a/iupred2a.py
    output: Results/Genes_temp/DHX9/transcripts/Q082112_sequence.txt, Results/Genes_temp/DHX9/transcripts/Q082112_func_iupred2a.txt
    jobid: 15
    wildcards: gene=DHX9, transcript=Q082112
    priority: 8
    resources: memory=10, time=1, tmpdir=0


[Mon Apr  5 12:05:23 2021]
rule interpro_scan:
    input: Results/Genes_temp/DHX9/transcripts/Q082111_protein.fa
    output: Results/Genes_temp/DHX9/transcripts/Q082111_func_domains.gff3
    jobid: 11
    wildcards: gene=DHX9, transcript=Q082111
    priority: 8
    resources: memory=16, time=1, tmpdir=0


[Mon Apr  5 12:05:23 2021]
rule interpro_scan:
    input: Results/Genes_temp/DHX9/transcripts/Q082112_protein.fa
    output: Results/Genes_temp/DHX9/transcripts/Q082112_func_domains.gff3
    jobid: 16
    wildcards: gene=DHX9, transcript=Q082112
    priority: 8
    resources: memory=16, time=1, tmpdir=0


[Mon Apr  5 12:05:23 2021]
rule functional_site_analysis:
    input: Results/Genes_temp/DHX9/transcripts/Q082112_protein.fa
    output: Results/Genes_temp/DHX9/transcripts/Q082112_func_sites.txt
    jobid: 18
    wildcards: gene=DHX9, transcript=Q082112
    priority: 8
    resources: memory=10, time=1, tmpdir=0

[Mon Apr  5 12:05:23 2021]
Finished job 15.
4 of 17 steps (24%) done
Select jobs to execute...
[Mon Apr  5 12:05:23 2021]
Finished job 10.
5 of 17 steps (29%) done
Select jobs to execute...
[Mon Apr  5 12:05:36 2021]
Finished job 18.
6 of 17 steps (35%) done
Select jobs to execute...
[Mon Apr  5 12:05:41 2021]
Finished job 13.
7 of 17 steps (41%) done
Select jobs to execute...
[Mon Apr  5 12:05:42 2021]
Finished job 16.
8 of 17 steps (47%) done
Select jobs to execute...
[Mon Apr  5 12:06:03 2021]
Finished job 11.
9 of 17 steps (53%) done
Select jobs to execute...

[Mon Apr  5 12:06:03 2021]
rule brewery_analysis:
    input: Results/Genes_temp/DHX9/transcripts/Q082112_protein.fa
    output: Results/Genes_temp/DHX9/transcripts/Q082112_protein.fa.ss3
    jobid: 17
    wildcards: gene=DHX9, transcript=Q082112
    priority: 10
    threads: 16
    resources: memory=8, time=1, tmpdir=16

[Mon Apr  5 12:08:52 2021]
Finished job 17.
10 of 17 steps (59%) done
Select jobs to execute...

[Mon Apr  5 12:08:52 2021]
rule individual_transcript_analysis:
    input: Results/Genes_temp/DHX9/transcripts/Q082112_protein.fa, Results/Genes_temp/DHX9/transcripts/Q082112_func_iupred2a.txt, Results/Genes_temp/DHX9/transcripts/Q082112_func_domains.gff3, Results/Genes_temp/DHX9/transcripts/Q082112_protein.fa.ss3, Results/Genes_temp/DHX9/transcripts/Q082112_func_sites.txt
    output: Results/Genes_temp/DHX9/transcripts/Q082112_analysis.txt
    jobid: 14
    wildcards: gene=DHX9, transcript=Q082112
    priority: 5
    resources: memory=10, time=1, tmpdir=0

[Mon Apr  5 12:08:52 2021]
Finished job 14.
11 of 17 steps (65%) done
[Mon Apr  5 12:18:25 2021]
Finished job 12.
12 of 17 steps (71%) done
Select jobs to execute...

[Mon Apr  5 12:18:26 2021]
rule individual_transcript_analysis:
    input: Results/Genes_temp/DHX9/transcripts/Q082111_protein.fa, Results/Genes_temp/DHX9/transcripts/Q082111_func_iupred2a.txt, Results/Genes_temp/DHX9/transcripts/Q082111_func_domains.gff3, Results/Genes_temp/DHX9/transcripts/Q082111_protein.fa.ss3, Results/Genes_temp/DHX9/transcripts/Q082111_func_sites.txt
    output: Results/Genes_temp/DHX9/transcripts/Q082111_analysis.txt
    jobid: 9
    wildcards: gene=DHX9, transcript=Q082111
    priority: 5
    resources: memory=10, time=1, tmpdir=0

[Mon Apr  5 12:18:26 2021]
Finished job 9.
13 of 17 steps (76%) done
Select jobs to execute...

[Mon Apr  5 12:18:26 2021]
rule aggregate_transcript_analysis:
    input: Results/Genes_temp/DHX9/transcripts/Q082111_analysis.txt, Results/Genes_temp/DHX9/transcripts/Q082112_analysis.txt, Results/Genes_temp/DHX9/DHX9_transcripts_stats.txt, Results/Genes_temp/DHX9
    output: Results/Genes/DHX9/DHX9_transcripts_filtered_analysis.txt, Results/Genes/DHX9/DHX9_transcripts_stats.txt
    jobid: 5
    wildcards: gene=DHX9
    priority: 5
    resources: memory=4, time=1, tmpdir=0

[Mon Apr  5 12:18:27 2021]
Finished job 5.
14 of 17 steps (82%) done
Select jobs to execute...

[Mon Apr  5 12:18:27 2021]
rule protein_coding_potential_analysis:
    input: Results/Genes/DHX9/DHX9_transcripts_filtered_analysis.txt, Results/Genes/DHX9/DHX9_transcripts_stats.txt, /project/owlmayerTemporary/Sid/ForOlga/Sequence/OlgaGenes.fa, /project/owlmayerTemporary/Sid/isoform_analysis/goeke/Results/GffCompare/nanopore.combined.gtf
    output: Results/Genes/DHX9/DHX9_functional_analysis.pdf
    jobid: 4
    wildcards: gene=DHX9
    priority: 8
    resources: memory=16, time=1, tmpdir=0

[Mon Apr  5 12:18:33 2021]
Finished job 4.
15 of 17 steps (88%) done
Select jobs to execute...

[Mon Apr  5 12:18:33 2021]
rule output_combine_files:
    input: Results/Genes/DHX9/DHX9_functional_analysis.pdf, Results/Genes_temp
    output: Results/Output/OlgaIsoforms.pdf
    jobid: 1
    priority: 5
    resources: memory=4, time=1, tmpdir=0

[Mon Apr  5 12:18:33 2021]
Finished job 1.
16 of 17 steps (94%) done
Select jobs to execute...

[Mon Apr  5 12:18:33 2021]
localrule all:
    input: Results/Output/OlgaIsoforms.pdf
    jobid: 0

[Mon Apr  5 12:18:33 2021]
Finished job 0.
17 of 17 steps (100%) done
Complete log: /home/annaldas/projects/IsoTV/.snakemake/log/2021-04-05T120519.919949.snakemake.log
