The flag 'directory' used in rule aggregate_transcript_analysis is only valid for outputs, not inputs.
The flag 'directory' used in rule output_combine_files is only valid for outputs, not inputs.
Building DAG of jobs...
Creating conda environment /scratch/sjannalda/IsoTV/workflow/rules/../envs/pythonpackages.yaml...
Downloading and installing remote packages.
Environment for ../../IsoTV/workflow/envs/pythonpackages.yaml created (location: .snakemake/conda/55d95d7f96d86cd9f8884dbccd46b684)
Using shell: /usr/bin/bash
Provided cores: 8
Rules claiming more threads will be scaled down.
Job stats:
job                                         count    min threads    max threads
----------------------------------------  -------  -------------  -------------
CalculateDeSeq2Norm                             1              1              1
ConcatenateCounts                               1              1              1
CountTranscripts                                2              1              1
ExtractPrimaryMapping                           2              1              1
Map2Transcriptome                               2              8              8
PrepareCorrectedTranscriptomeFastaNonred        1              1              1
Transcriptome2Index                             1              8              8
all                                             1              1              1
total                                          11              1              8

Select jobs to execute...

[Tue Nov 16 18:31:38 2021]
rule PrepareCorrectedTranscriptomeFastaNonred:
    input: Results/Pinfish/corrected_transcriptome_polished_collapsed.fas, Results/GffCompare/nanopore.combined.gtf
    output: Results/Pinfish/corrected_transcriptome_polished_collapsed_nonred.fas
    jobid: 21
    resources: tmpdir=/tmp, memory=8, time=1

Activating conda environment: /scratch/sjannalda/projects/SGNEX/.snakemake/conda/55d95d7f96d86cd9f8884dbccd46b684
Activating conda environment: /scratch/sjannalda/projects/SGNEX/.snakemake/conda/55d95d7f96d86cd9f8884dbccd46b684
[Tue Nov 16 18:31:41 2021]
Finished job 21.
1 of 11 steps (9%) done
Select jobs to execute...

[Tue Nov 16 18:31:41 2021]
rule Transcriptome2Index:
    input: Results/Pinfish/corrected_transcriptome_polished_collapsed_nonred.fas
    output: Results/Minimap2/Transcriptome.mmi
    jobid: 20
    threads: 8
    resources: tmpdir=/tmp, memory=16, time=2

Activating conda environment: /scratch/sjannalda/projects/SGNEX/.snakemake/conda/de012c2f23fcfa29962e7b302d6c2120
[Tue Nov 16 18:31:42 2021]
Finished job 20.
2 of 11 steps (18%) done
Select jobs to execute...

[Tue Nov 16 18:31:42 2021]
rule Map2Transcriptome:
    input: Results/Minimap2/Transcriptome.mmi, FilteredData/HCT116_1.fastq
    output: Results/Quantification/HCT116_1.bam, Results/Quantification/HCT116_1.sorted.bam
    jobid: 19
    wildcards: sample=HCT116_1
    threads: 8
    resources: tmpdir=/tmp, memory=32, time=4

Activating conda environment: /scratch/sjannalda/projects/SGNEX/.snakemake/conda/de012c2f23fcfa29962e7b302d6c2120
[Tue Nov 16 18:32:32 2021]
Finished job 19.
3 of 11 steps (27%) done
Select jobs to execute...

[Tue Nov 16 18:32:33 2021]
rule Map2Transcriptome:
    input: Results/Minimap2/Transcriptome.mmi, FilteredData/HEPG2_1.fastq
    output: Results/Quantification/HEPG2_1.bam, Results/Quantification/HEPG2_1.sorted.bam
    jobid: 26
    wildcards: sample=HEPG2_1
    threads: 8
    resources: tmpdir=/tmp, memory=32, time=4

Activating conda environment: /scratch/sjannalda/projects/SGNEX/.snakemake/conda/de012c2f23fcfa29962e7b302d6c2120
